#
# A fatal error has been detected by the Java Runtime Environment:
#
#  EXCEPTION_ACCESS_VIOLATION (0xc0000005) at pc=0x64401523, pid=2448, tid=1372
#
# JRE version: Java(TM) SE Runtime Environment (8.0_91-b15) (build 1.8.0_91-b15)
# Java VM: Java HotSpot(TM) Client VM (25.91-b15 mixed mode windows-x86 )
# Problematic frame:
# C  [QtCore4.dll+0x111523]
#
# Failed to write core dump. Minidumps are not enabled by default on client versions of Windows
#
# If you would like to submit a bug report, please visit:
#   http://bugreport.java.com/bugreport/crash.jsp
# The crash happened outside the Java Virtual Machine in native code.
# See problematic frame for where to report the bug.
#

---------------  T H R E A D  ---------------

Current thread (0x154ca400):  JavaThread "Finalizer" daemon [_thread_in_native, id=1372, stack(0x15780000,0x157d0000)]

siginfo: ExceptionCode=0xc0000005, reading address 0x00000018

Registers:
EAX=0x00000000, EBX=0x160b9ca0, ECX=0x160b6280, EDX=0x00000000
ESP=0x157cf2b4, EBP=0x157cf368, ESI=0x593b77b0, EDI=0x160b6280
EIP=0x64401523, EFLAGS=0x00010202

Top of Stack: (sp=0x157cf2b4)
0x157cf2b4:   643f3042 160c2eb8 160b9ca0 591adc07
0x157cf2c4:   160b6280 7c11f523 160c2ab8 160b9ca0
0x157cf2d4:   157cf368 16092c48 160b9ca0 157cf35c
0x157cf2e4:   5938bf4e 00000002 591adcd8 6455a7b4
0x157cf2f4:   58e460f6 00000001 7c11f487 0000000e
0x157cf304:   160c2ab8 00000001 6455a7b4 00000001
0x157cf314:   6455a7c8 6455a7c8 157cf34c 77cdc54a
0x157cf324:   013d0000 160c66a0 160c2c38 16087088 

Instructions: (pc=0x64401523)
0x64401503:   07 5f 5d c3 c7 07 ff ff ff ff 5e 5b 5f 5d c3 cc
0x64401513:   cc cc cc cc cc cc cc cc cc cc cc cc cc 8b 41 04
0x64401523:   8b 48 18 b8 dc d0 4d 64 85 c9 0f 45 c1 c3 cc cc
0x64401533:   cc cc cc cc cc cc cc cc cc cc cc cc cc 51 57 8b 


Register to memory mapping:

EAX=0x00000000 is an unknown value
EBX=0x160b9ca0 is an unknown value
ECX=0x160b6280 is an unknown value
EDX=0x00000000 is an unknown value
ESP=0x157cf2b4 is pointing into the stack for thread: 0x154ca400
EBP=0x157cf368 is pointing into the stack for thread: 0x154ca400
ESI=0x593b77b0 is an unknown value
EDI=0x160b6280 is an unknown value


Stack: [0x15780000,0x157d0000],  sp=0x157cf2b4,  free space=316k
Native frames: (J=compiled Java code, j=interpreted, Vv=VM code, C=native code)
C  [QtCore4.dll+0x111523]
C  [QtGui4.dll+0x3bbb93]
C  [com_trolltech_qt_gui.dll+0x184e04]

Java frames: (J=compiled Java code, j=interpreted, Vv=VM code)
j  com.trolltech.qt.internal.QtJambiObject.finalize()V+0
j  java.lang.System$2.invokeFinalize(Ljava/lang/Object;)V+1
j  java.lang.ref.Finalizer.runFinalizer(Lsun/misc/JavaLangAccess;)V+46
j  java.lang.ref.Finalizer.access$100(Ljava/lang/ref/Finalizer;Lsun/misc/JavaLangAccess;)V+2
j  java.lang.ref.Finalizer$FinalizerThread.run()V+45
v  ~StubRoutines::call_stub

---------------  P R O C E S S  ---------------

Java Threads: ( => current thread )
  0x02f0c800 JavaThread "DestroyJavaVM" [_thread_blocked, id=3004, stack(0x02c80000,0x02cd0000)]
  0x154e1c00 JavaThread "Service Thread" daemon [_thread_blocked, id=3904, stack(0x15aa0000,0x15af0000)]
  0x154ea400 JavaThread "C1 CompilerThread0" daemon [_thread_blocked, id=1028, stack(0x15a10000,0x15a60000)]
  0x154e9000 JavaThread "Attach Listener" daemon [_thread_blocked, id=7940, stack(0x15980000,0x159d0000)]
  0x154e7000 JavaThread "Signal Dispatcher" daemon [_thread_blocked, id=2228, stack(0x158f0000,0x15940000)]
=>0x154ca400 JavaThread "Finalizer" daemon [_thread_in_native, id=1372, stack(0x15780000,0x157d0000)]
  0x154b4800 JavaThread "Reference Handler" daemon [_thread_blocked, id=5100, stack(0x156f0000,0x15740000)]

Other Threads:
  0x02e0d800 VMThread [stack: 0x15460000,0x154b0000] [id=4724]
  0x154e5c00 WatcherThread [stack: 0x15b30000,0x15b80000] [id=6680]

VM state:not at safepoint (normal execution)

VM Mutex/Monitor currently owned by a thread: None

Heap:
 def new generation   total 4992K, used 45K [0x05000000, 0x05560000, 0x0a550000)
  eden space 4480K,   1% used [0x05000000, 0x0500b508, 0x05460000)
  from space 512K,   0% used [0x05460000, 0x05460000, 0x054e0000)
  to   space 512K,   0% used [0x054e0000, 0x054e0000, 0x05560000)
 tenured generation   total 10944K, used 2033K [0x0a550000, 0x0b000000, 0x15000000)
   the space 10944K,  18% used [0x0a550000, 0x0a74c568, 0x0a74c600, 0x0b000000)
 Metaspace       used 5792K, capacity 5804K, committed 5888K, reserved 6528K

Card table byte_map: [0x04f10000,0x04fa0000] byte_map_base: 0x04ee8000

Polling page: 0x013c0000

CodeCache: size=32768Kb used=1005Kb max_used=1005Kb free=31762Kb
 bounds [0x02f10000, 0x03010000, 0x04f10000]
 total_blobs=401 nmethods=225 adapters=107
 compilation: enabled

Compilation events (10 events):
Event: 0.904 Thread 0x154ea400  221             java.lang.ref.Finalizer::<init> (23 bytes)
Event: 0.904 Thread 0x154ea400 nmethod 221 0x03009888 code [0x03009990, 0x03009a7c]
Event: 0.904 Thread 0x154ea400  222             java.lang.ref.FinalReference::<init> (7 bytes)
Event: 0.905 Thread 0x154ea400 nmethod 222 0x03009ac8 code [0x03009bc0, 0x03009c70]
Event: 0.905 Thread 0x154ea400  223   !         java.lang.ref.Finalizer::add (41 bytes)
Event: 0.905 Thread 0x154ea400 nmethod 223 0x03009cc8 code [0x03009dd0, 0x0300a010]
Event: 6.137 Thread 0x154ea400  224             com.trolltech.qt.internal.QtJambiObject::nativeId (5 bytes)
Event: 6.137 Thread 0x154ea400 nmethod 224 0x0300a108 code [0x0300a200, 0x0300a280]
Event: 9.874 Thread 0x154ea400  225             java.lang.reflect.Field::getName (5 bytes)
Event: 9.874 Thread 0x154ea400 nmethod 225 0x0300b388 code [0x0300b480, 0x0300b500]

GC Heap History (10 events):
Event: 0.525 GC heap before
{Heap before GC invocations=2 (full 0):
 def new generation   total 4928K, used 4927K [0x05000000, 0x05550000, 0x0a550000)
  eden space 4416K, 100% used [0x05000000, 0x05450000, 0x05450000)
  from space 512K,  99% used [0x05450000, 0x054cfff8, 0x054d0000)
  to   space 512K,   0% used [0x054d0000, 0x054d0000, 0x05550000)
 tenured generation   total 10944K, used 823K [0x0a550000, 0x0b000000, 0x15000000)
   the space 10944K,   7% used [0x0a550000, 0x0a61dff8, 0x0a61e000, 0x0b000000)
 Metaspace       used 4491K, capacity 4554K, committed 4608K, reserved 5504K
Event: 0.529 GC heap after
Heap after GC invocations=3 (full 0):
 def new generation   total 4928K, used 512K [0x05000000, 0x05550000, 0x0a550000)
  eden space 4416K,   0% used [0x05000000, 0x05000000, 0x05450000)
  from space 512K, 100% used [0x054d0000, 0x05550000, 0x05550000)
  to   space 512K,   0% used [0x05450000, 0x05450000, 0x054d0000)
 tenured generation   total 10944K, used 1592K [0x0a550000, 0x0b000000, 0x15000000)
   the space 10944K,  14% used [0x0a550000, 0x0a6de3b8, 0x0a6de400, 0x0b000000)
 Metaspace       used 4491K, capacity 4554K, committed 4608K, reserved 5504K
}
Event: 0.679 GC heap before
{Heap before GC invocations=3 (full 0):
 def new generation   total 4928K, used 4928K [0x05000000, 0x05550000, 0x0a550000)
  eden space 4416K, 100% used [0x05000000, 0x05450000, 0x05450000)
  from space 512K, 100% used [0x054d0000, 0x05550000, 0x05550000)
  to   space 512K,   0% used [0x05450000, 0x05450000, 0x054d0000)
 tenured generation   total 10944K, used 1592K [0x0a550000, 0x0b000000, 0x15000000)
   the space 10944K,  14% used [0x0a550000, 0x0a6de3b8, 0x0a6de400, 0x0b000000)
 Metaspace       used 4835K, capacity 4874K, committed 4992K, reserved 5504K
Event: 0.681 GC heap after
Heap after GC invocations=4 (full 0):
 def new generation   total 4928K, used 512K [0x05000000, 0x05550000, 0x0a550000)
  eden space 4416K,   0% used [0x05000000, 0x05000000, 0x05450000)
  from space 512K, 100% used [0x05450000, 0x054d0000, 0x054d0000)
  to   space 512K,   0% used [0x054d0000, 0x054d0000, 0x05550000)
 tenured generation   total 10944K, used 1792K [0x0a550000, 0x0b000000, 0x15000000)
   the space 10944K,  16% used [0x0a550000, 0x0a710388, 0x0a710400, 0x0b000000)
 Metaspace       used 4835K, capacity 4874K, committed 4992K, reserved 5504K
}
Event: 0.770 GC heap before
{Heap before GC invocations=4 (full 0):
 def new generation   total 4928K, used 4928K [0x05000000, 0x05550000, 0x0a550000)
  eden space 4416K, 100% used [0x05000000, 0x05450000, 0x05450000)
  from space 512K, 100% used [0x05450000, 0x054d0000, 0x054d0000)
  to   space 512K,   0% used [0x054d0000, 0x054d0000, 0x05550000)
 tenured generation   total 10944K, used 1792K [0x0a550000, 0x0b000000, 0x15000000)
   the space 10944K,  16% used [0x0a550000, 0x0a710388, 0x0a710400, 0x0b000000)
 Metaspace       used 5251K, capacity 5260K, committed 5376K, reserved 5504K
Event: 0.772 GC heap after
Heap after GC invocations=5 (full 0):
 def new generation   total 4928K, used 511K [0x05000000, 0x05550000, 0x0a550000)
  eden space 4416K,   0% used [0x05000000, 0x05000000, 0x05450000)
  from space 512K,  99% used [0x054d0000, 0x0554fe88, 0x05550000)
  to   space 512K,   0% used [0x05450000, 0x05450000, 0x054d0000)
 tenured generation   total 10944K, used 2125K [0x0a550000, 0x0b000000, 0x15000000)
   the space 10944K,  19% used [0x0a550000, 0x0a7637a0, 0x0a763800, 0x0b000000)
 Metaspace       used 5251K, capacity 5260K, committed 5376K, reserved 5504K
}
Event: 9.843 GC heap before
{Heap before GC invocations=5 (full 0):
 def new generation   total 4928K, used 1535K [0x05000000, 0x05550000, 0x0a550000)
  eden space 4416K,  23% used [0x05000000, 0x050ffe90, 0x05450000)
  from space 512K,  99% used [0x054d0000, 0x0554fe88, 0x05550000)
  to   space 512K,   0% used [0x05450000, 0x05450000, 0x054d0000)
 tenured generation   total 10944K, used 2125K [0x0a550000, 0x0b000000, 0x15000000)
   the space 10944K,  19% used [0x0a550000, 0x0a7637a0, 0x0a763800, 0x0b000000)
 Metaspace       used 5738K, capacity 5772K, committed 5888K, reserved 6528K
Event: 9.857 GC heap after
Heap after GC invocations=6 (full 1):
 def new generation   total 4992K, used 0K [0x05000000, 0x05560000, 0x0a550000)
  eden space 4480K,   0% used [0x05000000, 0x05000000, 0x05460000)
  from space 512K,   0% used [0x05460000, 0x05460000, 0x054e0000)
  to   space 512K,   0% used [0x054e0000, 0x054e0000, 0x05560000)
 tenured generation   total 10944K, used 2137K [0x0a550000, 0x0b000000, 0x15000000)
   the space 10944K,  19% used [0x0a550000, 0x0a7667e8, 0x0a766800, 0x0b000000)
 Metaspace       used 5738K, capacity 5772K, committed 5888K, reserved 6528K
}
Event: 9.877 GC heap before
{Heap before GC invocations=6 (full 1):
 def new generation   total 4992K, used 223K [0x05000000, 0x05560000, 0x0a550000)
  eden space 4480K,   4% used [0x05000000, 0x05037e88, 0x05460000)
  from space 512K,   0% used [0x05460000, 0x05460000, 0x054e0000)
  to   space 512K,   0% used [0x054e0000, 0x054e0000, 0x05560000)
 tenured generation   total 10944K, used 2137K [0x0a550000, 0x0b000000, 0x15000000)
   the space 10944K,  19% used [0x0a550000, 0x0a7667e8, 0x0a766800, 0x0b000000)
 Metaspace       used 5791K, capacity 5804K, committed 5888K, reserved 6528K
Event: 9.884 GC heap after
Heap after GC invocations=7 (full 2):
 def new generation   total 4992K, used 0K [0x05000000, 0x05560000, 0x0a550000)
  eden space 4480K,   0% used [0x05000000, 0x05000000, 0x05460000)
  from space 512K,   0% used [0x05460000, 0x05460000, 0x054e0000)
  to   space 512K,   0% used [0x054e0000, 0x054e0000, 0x05560000)
 tenured generation   total 10944K, used 2088K [0x0a550000, 0x0b000000, 0x15000000)
   the space 10944K,  19% used [0x0a550000, 0x0a75a158, 0x0a75a200, 0x0b000000)
 Metaspace       used 5791K, capacity 5804K, committed 5888K, reserved 6528K
}

Deoptimization events (0 events):
No events

Internal exceptions (10 events):
Event: 0.048 Thread 0x02f0c800 Exception <a 'java/lang/NoSuchMethodError': Method sun.misc.Unsafe.defineClass(Ljava/lang/String;[BII)Ljava/lang/Class; name or signature does not match> (0x05006ea8) thrown at [C:\re\workspace\8-2-build-windows-i586-cygwin\jdk8u91\7017\hotspot\src\share\vµ
Event: 0.048 Thread 0x02f0c800 Exception <a 'java/lang/NoSuchMethodError': Method sun.misc.Unsafe.prefetchRead(Ljava/lang/Object;J)V name or signature does not match> (0x05007178) thrown at [C:\re\workspace\8-2-build-windows-i586-cygwin\jdk8u91\7017\hotspot\src\share\vm\prims\jni.cpp, lŒ∫Á†ﬂ€ ?
Event: 0.210 Thread 0x02f0c800 Exception <a 'java/security/PrivilegedActionException'> (0x051ce828) thrown at [C:\re\workspace\8-2-build-windows-i586-cygwin\jdk8u91\7017\hotspot\src\share\vm\prims\jvm.cpp, line 1386]
Event: 0.210 Thread 0x02f0c800 Exception <a 'java/security/PrivilegedActionException'> (0x051cea28) thrown at [C:\re\workspace\8-2-build-windows-i586-cygwin\jdk8u91\7017\hotspot\src\share\vm\prims\jvm.cpp, line 1386]
Event: 0.211 Thread 0x02f0c800 Exception <a 'java/security/PrivilegedActionException'> (0x051d2b18) thrown at [C:\re\workspace\8-2-build-windows-i586-cygwin\jdk8u91\7017\hotspot\src\share\vm\prims\jvm.cpp, line 1386]
Event: 0.211 Thread 0x02f0c800 Exception <a 'java/security/PrivilegedActionException'> (0x051d2d18) thrown at [C:\re\workspace\8-2-build-windows-i586-cygwin\jdk8u91\7017\hotspot\src\share\vm\prims\jvm.cpp, line 1386]
Event: 0.371 Thread 0x02f0c800 Exception <a 'java/lang/ArrayIndexOutOfBoundsException': 18> (0x05064d90) thrown at [C:\re\workspace\8-2-build-windows-i586-cygwin\jdk8u91\7017\hotspot\src\share\vm\interpreter\interpreterRuntime.cpp, line 366]
Event: 0.371 Thread 0x02f0c800 Exception <a 'java/lang/ArrayIndexOutOfBoundsException': 70> (0x05065ab8) thrown at [C:\re\workspace\8-2-build-windows-i586-cygwin\jdk8u91\7017\hotspot\src\share\vm\interpreter\interpreterRuntime.cpp, line 366]
Event: 0.373 Thread 0x02f0c800 Exception <a 'java/lang/ArrayIndexOutOfBoundsException': 90> (0x0506fd60) thrown at [C:\re\workspace\8-2-build-windows-i586-cygwin\jdk8u91\7017\hotspot\src\share\vm\interpreter\interpreterRuntime.cpp, line 366]
Event: 0.769 Thread 0x02f0c800 Exception <a 'java/lang/ArrayIndexOutOfBoundsException'> (0x05430530) thrown at [C:\re\workspace\8-2-build-windows-i586-cygwin\jdk8u91\7017\hotspot\src\share\vm\runtime\sharedRuntime.cpp, line 605]

Events (10 events):
Event: 9.869 loading class sun/reflect/UnsafeIntegerFieldAccessorImpl
Event: 9.869 loading class sun/reflect/UnsafeIntegerFieldAccessorImpl done
Event: 9.869 loading class sun/reflect/UnsafeStaticObjectFieldAccessorImpl
Event: 9.869 loading class sun/reflect/UnsafeStaticObjectFieldAccessorImpl done
Event: 9.874 loading class com/trolltech/qt/gui/QBrush
Event: 9.874 loading class com/trolltech/qt/gui/QBrush done
Event: 9.877 Executing VM operation: GenCollectFull
Event: 9.884 Executing VM operation: GenCollectFull done
Event: 9.884 Thread 0x15bc1800 Thread added: 0x15bc1800
Event: 9.885 Thread 0x15bc1800 Thread exited: 0x15bc1800


Dynamic libraries:
0x00d40000 - 0x00d73000 	C:\Program Files (x86)\Java\jdk1.8.0_91\bin\java.exe
0x77c60000 - 0x77dd9000 	C:\WINDOWS\SYSTEM32\ntdll.dll
0x77320000 - 0x77410000 	C:\WINDOWS\SYSTEM32\KERNEL32.DLL
0x74f20000 - 0x75096000 	C:\WINDOWS\SYSTEM32\KERNELBASE.dll
0x6e100000 - 0x6e191000 	C:\WINDOWS\system32\apphelp.dll
0x75930000 - 0x759ab000 	C:\WINDOWS\SYSTEM32\ADVAPI32.dll
0x759e0000 - 0x75a9e000 	C:\WINDOWS\SYSTEM32\msvcrt.dll
0x75ba0000 - 0x75be3000 	C:\WINDOWS\SYSTEM32\sechost.dll
0x755e0000 - 0x7568c000 	C:\WINDOWS\SYSTEM32\RPCRT4.dll
0x74d70000 - 0x74d8e000 	C:\WINDOWS\SYSTEM32\SspiCli.dll
0x74d60000 - 0x74d6a000 	C:\WINDOWS\SYSTEM32\CRYPTBASE.dll
0x74d00000 - 0x74d59000 	C:\WINDOWS\SYSTEM32\bcryptPrimitives.dll
0x74d90000 - 0x74ed0000 	C:\WINDOWS\SYSTEM32\USER32.dll
0x77020000 - 0x7716d000 	C:\WINDOWS\SYSTEM32\GDI32.dll
0x6e6b0000 - 0x6e8b9000 	C:\WINDOWS\WinSxS\x86_microsoft.windows.common-controls_6595b64144ccf1df_6.0.10240.17184_none_3bcab1476bcee5ec\COMCTL32.dll
0x75ab0000 - 0x75adb000 	C:\WINDOWS\SYSTEM32\IMM32.DLL
0x752b0000 - 0x753d0000 	C:\WINDOWS\SYSTEM32\MSCTF.dll
0x65310000 - 0x653cd000 	C:\Program Files (x86)\Java\jdk1.8.0_91\jre\bin\msvcr100.dll
0x653d0000 - 0x6579a000 	C:\Program Files (x86)\Java\jdk1.8.0_91\jre\bin\client\jvm.dll
0x75820000 - 0x75826000 	C:\WINDOWS\SYSTEM32\PSAPI.DLL
0x6fe30000 - 0x6fe38000 	C:\WINDOWS\SYSTEM32\WSOCK32.dll
0x70f00000 - 0x70f24000 	C:\WINDOWS\SYSTEM32\WINMM.dll
0x74cc0000 - 0x74cc8000 	C:\WINDOWS\SYSTEM32\VERSION.dll
0x779e0000 - 0x77a3b000 	C:\WINDOWS\SYSTEM32\WS2_32.dll
0x75aa0000 - 0x75aa7000 	C:\WINDOWS\SYSTEM32\NSI.dll
0x01660000 - 0x01683000 	C:\WINDOWS\SYSTEM32\WINMMBASE.dll
0x758f0000 - 0x75926000 	C:\WINDOWS\SYSTEM32\cfgmgr32.dll
0x70e00000 - 0x70e21000 	C:\WINDOWS\SYSTEM32\DEVOBJ.dll
0x652c0000 - 0x652cc000 	C:\Program Files (x86)\Java\jdk1.8.0_91\jre\bin\verify.dll
0x65290000 - 0x652b1000 	C:\Program Files (x86)\Java\jdk1.8.0_91\jre\bin\java.dll
0x65270000 - 0x65283000 	C:\Program Files (x86)\Java\jdk1.8.0_91\jre\bin\zip.dll
0x75c40000 - 0x76fff000 	C:\WINDOWS\SYSTEM32\SHELL32.dll
0x77500000 - 0x779dc000 	C:\WINDOWS\SYSTEM32\windows.storage.dll
0x77a40000 - 0x77bfa000 	C:\WINDOWS\SYSTEM32\combase.dll
0x758a0000 - 0x758e4000 	C:\WINDOWS\SYSTEM32\shlwapi.dll
0x759b0000 - 0x759bc000 	C:\WINDOWS\SYSTEM32\kernel.appcore.dll
0x77410000 - 0x7749d000 	C:\WINDOWS\SYSTEM32\shcore.dll
0x74ed0000 - 0x74f14000 	C:\WINDOWS\SYSTEM32\powrprof.dll
0x759d0000 - 0x759df000 	C:\WINDOWS\SYSTEM32\profapi.dll
0x642f0000 - 0x64572000 	C:\Users\hp\AppData\Local\Temp\QtJambi_hp_x86_4.8.6_msvc2012-20150122-2344\lib\QtCore4.dll
0x75730000 - 0x7581a000 	C:\WINDOWS\SYSTEM32\ole32.dll
0x64180000 - 0x64256000 	C:\WINDOWS\SYSTEM32\MSVCR110.dll
0x64260000 - 0x642e5000 	C:\WINDOWS\SYSTEM32\MSVCP110.dll
0x64140000 - 0x64176000 	C:\Users\hp\AppData\Local\Temp\QtJambi_hp_x86_4.8.6_msvc2012-20150122-2344\lib\qtjambi.dll
0x59650000 - 0x59753000 	C:\Users\hp\AppData\Local\Temp\QtJambi_hp_x86_4.8.6_msvc2012-20150122-2344\lib\com_trolltech_qt_core.dll
0x58df0000 - 0x59647000 	C:\Users\hp\AppData\Local\Temp\QtJambi_hp_x86_4.8.6_msvc2012-20150122-2344\lib\QtGui4.dll
0x75ae0000 - 0x75b9e000 	C:\WINDOWS\SYSTEM32\COMDLG32.dll
0x750a0000 - 0x75135000 	C:\WINDOWS\SYSTEM32\OLEAUT32.dll
0x60460000 - 0x604c7000 	C:\WINDOWS\SYSTEM32\WINSPOOL.DRV
0x725c0000 - 0x725db000 	C:\WINDOWS\SYSTEM32\bcrypt.dll
0x535d0000 - 0x53b70000 	C:\Users\hp\AppData\Local\Temp\QtJambi_hp_x86_4.8.6_msvc2012-20150122-2344\lib\com_trolltech_qt_gui.dll
0x719e0000 - 0x71a55000 	C:\WINDOWS\system32\uxtheme.dll
0x70fa0000 - 0x70fbd000 	C:\WINDOWS\system32\dwmapi.dll
0x725e0000 - 0x725f3000 	C:\WINDOWS\SYSTEM32\cryptsp.dll
0x72590000 - 0x725bf000 	C:\WINDOWS\system32\rsaenh.dll
0x753d0000 - 0x75452000 	C:\WINDOWS\SYSTEM32\clbcatq.dll
0x74cd0000 - 0x74ce9000 	C:\WINDOWS\system32\USERENV.dll
0x6e950000 - 0x6e95a000 	C:\Users\hp\AppData\Local\Temp\QtJambi_hp_x86_4.8.6_msvc2012-20150122-2344\plugins\imageformats\qgif4.dll
0x6e940000 - 0x6e94c000 	C:\Users\hp\AppData\Local\Temp\QtJambi_hp_x86_4.8.6_msvc2012-20150122-2344\plugins\imageformats\qico4.dll
0x64100000 - 0x6413d000 	C:\Users\hp\AppData\Local\Temp\QtJambi_hp_x86_4.8.6_msvc2012-20150122-2344\plugins\imageformats\qjpeg4.dll
0x58db0000 - 0x58dea000 	C:\Users\hp\AppData\Local\Temp\QtJambi_hp_x86_4.8.6_msvc2012-20150122-2344\plugins\imageformats\qmng4.dll
0x58d60000 - 0x58daa000 	C:\Users\hp\AppData\Local\Temp\QtJambi_hp_x86_4.8.6_msvc2012-20150122-2344\plugins\imageformats\qtiff4.dll
0x6db60000 - 0x6dbf2000 	C:\WINDOWS\WinSxS\x86_microsoft.windows.common-controls_6595b64144ccf1df_5.82.10240.16384_none_49c02355cf03478c\comctl32.dll
0x69d60000 - 0x69ea2000 	C:\WINDOWS\system32\propsys.dll
0x56430000 - 0x56597000 	C:\WINDOWS\system32\DUI70.dll
0x563b0000 - 0x5642a000 	C:\WINDOWS\system32\DUser.dll
0x717d0000 - 0x71941000 	C:\WINDOWS\SYSTEM32\WindowsCodecs.dll
0x6a140000 - 0x6a16d000 	C:\WINDOWS\system32\xmllite.dll
0x58d30000 - 0x58d58000 	C:\WINDOWS\SYSTEM32\edputil.dll
0x743b0000 - 0x74676000 	C:\WINDOWS\SYSTEM32\iertutil.dll
0x6b340000 - 0x6b405000 	C:\WINDOWS\SYSTEM32\wintypes.dll
0x56380000 - 0x563af000 	C:\WINDOWS\SYSTEM32\policymanager.dll
0x56310000 - 0x56375000 	C:\WINDOWS\SYSTEM32\msvcp110_win.dll
0x662f0000 - 0x66343000 	C:\WINDOWS\system32\OLEACC.dll
0x60c10000 - 0x60d24000 	C:\Windows\SYSTEM32\uiautomationcore.dll
0x60510000 - 0x60590000 	C:\WINDOWS\SYSTEM32\sxs.dll
0x6e310000 - 0x6e31d000 	C:\WINDOWS\SYSTEM32\atlthunk.dll
0x56290000 - 0x5630f000 	C:\WINDOWS\System32\StructuredQuery.dll
0x53520000 - 0x535c2000 	C:\WINDOWS\system32\Windows.Storage.Search.dll
0x6d6c0000 - 0x6d6c8000 	C:\WINDOWS\system32\IconCodecService.dll
0x77c00000 - 0x77c58000 	C:\WINDOWS\SYSTEM32\coml2.dll
0x68c80000 - 0x68c97000 	C:\WINDOWS\SYSTEM32\MPR.dll
0x640f0000 - 0x640f9000 	C:\WINDOWS\System32\drprov.dll
0x74c70000 - 0x74cb4000 	C:\WINDOWS\System32\WINSTA.dll
0x56270000 - 0x56282000 	C:\WINDOWS\System32\ntlanman.dll
0x53dc0000 - 0x53dda000 	C:\WINDOWS\System32\davclnt.dll
0x640e0000 - 0x640eb000 	C:\WINDOWS\System32\DAVHLPR.dll
0x6e8e0000 - 0x6e8f0000 	C:\WINDOWS\System32\wkscli.dll
0x63a60000 - 0x63a6f000 	C:\WINDOWS\SYSTEM32\cscapi.dll
0x6e8d0000 - 0x6e8da000 	C:\WINDOWS\System32\netutils.dll
0x6ead0000 - 0x6eadb000 	C:\WINDOWS\SYSTEM32\LINKINFO.dll
0x534a0000 - 0x534ba000 	C:\Windows\System32\DevDispItemProvider.dll
0x53230000 - 0x532f8000 	C:\WINDOWS\SYSTEM32\ntshrui.dll
0x6e8f0000 - 0x6e90c000 	C:\WINDOWS\SYSTEM32\srvcli.dll
0x52960000 - 0x52b0b000 	C:\Users\hp\AppData\Local\Microsoft\OneDrive\17.3.6517.0809\FileSyncShell.dll
0x6d640000 - 0x6d6b1000 	C:\Users\hp\AppData\Local\Microsoft\OneDrive\17.3.6517.0809\MSVCP120.dll
0x6ab70000 - 0x6ac5e000 	C:\Users\hp\AppData\Local\Microsoft\OneDrive\17.3.6517.0809\MSVCR120.dll
0x6a170000 - 0x6a1bf000 	C:\Users\hp\AppData\Local\Microsoft\OneDrive\17.3.6517.0809\Telemetry.dll
0x748e0000 - 0x74b6d000 	C:\WINDOWS\SYSTEM32\WININET.dll
0x6d9e0000 - 0x6da00000 	C:\Users\hp\AppData\Local\Microsoft\OneDrive\17.3.6517.0809\LoggingPlatform.DLL
0x69c00000 - 0x69c22000 	C:\WINDOWS\SYSTEM32\Cabinet.dll
0x74830000 - 0x748d8000 	C:\WINDOWS\SYSTEM32\WINHTTP.dll
0x6ac60000 - 0x6adb5000 	C:\Users\hp\AppData\Local\Microsoft\OneDrive\17.3.6517.0809\ClientTelemetry.dll
0x74800000 - 0x74830000 	C:\WINDOWS\SYSTEM32\IPHLPAPI.DLL
0x74680000 - 0x74688000 	C:\WINDOWS\SYSTEM32\WINNSI.DLL
0x527b0000 - 0x52957000 	C:\PROGRA~2\MICROS~1\Office15\GROOVEEX.DLL
0x5d4d0000 - 0x5d539000 	C:\WINDOWS\SYSTEM32\MSVCP100.dll
0x52ef0000 - 0x52f16000 	C:\WINDOWS\SYSTEM32\ATL100.DLL
0x6e320000 - 0x6e6a9000 	C:\WINDOWS\SYSTEM32\msi.dll
0x1aa90000 - 0x1b305000 	C:\PROGRA~2\MICROS~1\Office15\1033\GrooveIntlResource.dll
0x6e1d0000 - 0x6e30f000 	C:\WINDOWS\SYSTEM32\dbghelp.dll

VM Arguments:
jvm_args: -Dfile.encoding=UTF-8 
java_command: secured_pass.Application
java_class_path (initial): C:\qtjambi-4.8.6\qtjambi-4.8.6.jar;C:\qtjambi-4.8.6\qtjambi-designer-4.8.6.jar;C:\qtjambi-4.8.6\qtjambi-examples-4.8.6.jar;C:\qtjambi-4.8.6\qtjambi-examples-src-4.8.6.jar;C:\qtjambi-4.8.6\qtjambi-native-win32-msvc2012-4.8.6.jar;C:\java jar\jdbc-api-1.4.jar;C:\Program Files (x86)\Java\jdk1.8.0_91\db\lib\derbyclient.jar;C:\Users\hp\Desktop\designs\commons-codec-1.10\commons-codec-1.10-javadoc.jar;C:\Users\hp\Desktop\designs\commons-codec-1.10\commons-codec-1.10-sources.jar;C:\Users\hp\Desktop\designs\commons-codec-1.10\commons-codec-1.10-test-sources.jar;C:\Users\hp\Desktop\designs\commons-codec-1.10\commons-codec-1.10-tests.jar;C:\Users\hp\Desktop\designs\commons-codec-1.10\commons-codec-1.10.jar;C:\Users\hp\Documents\NetBeansProjects\Secured_Pass\build\classes
Launcher Type: SUN_STANDARD

Environment Variables:
JAVA_HOME=C:\Program Files (x86)\Java\jdk1.8.0_91
PATH=C:\ProgramData\Oracle\Java\javapath;C:\Program Files\Broadcom\Broadcom 802.11;C:\Program Files (x86)\NVIDIA Corporation\PhysX\Common;C:\Program Files (x86)\Intel\iCLS Client\;C:\Program Files\Intel\iCLS Client\;C:\WINDOWS\system32;C:\WINDOWS;C:\WINDOWS\System32\Wbem;C:\WINDOWS\System32\WindowsPowerShell\v1.0\;C:\Program Files\Hewlett-Packard\SimplePass\;C:\Program Files\Intel\Intel(R) Management Engine Components\DAL;C:\Program Files\Intel\Intel(R) Management Engine Components\IPT;C:\Program Files (x86)\Intel\Intel(R) Management Engine Components\DAL;C:\Program Files (x86)\Intel\Intel(R) Management Engine Components\IPT;C:\Program Files\Microsoft\Web Platform Installer\;C:\Program Files (x86)\Microsoft ASP.NET\ASP.NET Web Pages\v1.0\;C:\Program Files (x86)\Windows Kits\8.0\Windows Performance Toolkit\;C:\Program Files\Microsoft SQL Server\110\Tools\Binn\;c:\Program Files (x86)\Microsoft SQL Server\100\Tools\Binn\VSShell\Common7\IDE\;c:\Program Files (x86)\Microsoft SQL Server\100\Tools\Binn\;c:\Program Files\Microsoft SQL Server\100\Tools\Binn\;c:\Program Files (x86)\Microsoft SQL Server\100\DTS\Binn\;c:\Program Files\Microsoft SQL Server\100\DTS\Binn\;C:\Program Files (x86)\Common Files\lenovo\easyplussdk\bin;C:\Program Files\Git\cmd;C:\MinGW\bin;C:\msys\1.0\bin;C:\Qt\4.8.6\bin;C:\qtjambi-4.8.6\bin
USERNAME=hp
OS=Windows_NT
PROCESSOR_IDENTIFIER=Intel64 Family 6 Model 69 Stepping 1, GenuineIntel



---------------  S Y S T E M  ---------------

OS: Windows 10.0 , 64 bit Build 10240 (10.0.10240.17113)

CPU:total 4 (2 cores per cpu, 2 threads per core) family 6 model 69 stepping 1, cmov, cx8, fxsr, mmx, sse, sse2, sse3, ssse3, sse4.1, sse4.2, popcnt, avx, avx2, aes, clmul, erms, lzcnt, ht, tsc, tscinvbit, bmi1, bmi2

Memory: 4k page, physical 4122776k(1863456k free), swap 6351000k(3785116k free)

vm_info: Java HotSpot(TM) Client VM (25.91-b15) for windows-x86 JRE (1.8.0_91-b15), built on May 20 2016 17:33:18 by "java_re" with MS VC++ 10.0 (VS2010)

time: Fri Dec 02 15:31:01 2016
elapsed time: 9 seconds (0d 0h 0m 9s)

