#
# A fatal error has been detected by the Java Runtime Environment:
#
#  EXCEPTION_ACCESS_VIOLATION (0xc0000005) at pc=0x64401523, pid=5052, tid=7452
#
# JRE version: Java(TM) SE Runtime Environment (8.0_91-b15) (build 1.8.0_91-b15)
# Java VM: Java HotSpot(TM) Client VM (25.91-b15 mixed mode windows-x86 )
# Problematic frame:
# C  [QtCore4.dll+0x111523]
#
# Failed to write core dump. Minidumps are not enabled by default on client versions of Windows
#
# If you would like to submit a bug report, please visit:
#   http://bugreport.java.com/bugreport/crash.jsp
# The crash happened outside the Java Virtual Machine in native code.
# See problematic frame for where to report the bug.
#

---------------  T H R E A D  ---------------

Current thread (0x14dba400):  JavaThread "Finalizer" daemon [_thread_in_native, id=7452, stack(0x15070000,0x150c0000)]

siginfo: ExceptionCode=0xc0000005, reading address 0x00000018

Registers:
EAX=0x00000000, EBX=0x159b0ea8, ECX=0x1599fbc8, EDX=0x00000000
ESP=0x150bf304, EBP=0x150bf3b8, ESI=0x593b77b0, EDI=0x1599fbc8
EIP=0x64401523, EFLAGS=0x00010202

Top of Stack: (sp=0x150bf304)
0x150bf304:   643f3042 159a97d0 159b0ea8 591adc07
0x150bf314:   1599fbc8 e398c320 159a9190 159b0ea8
0x150bf324:   150bf3b8 15983708 159b0ea8 150bf3ac
0x150bf334:   5938bf4e 00000002 591adcd8 6455a7b4
0x150bf344:   58e460f6 00000001 e398c384 0000000e
0x150bf354:   159a9190 00000001 6455a7b4 00000001
0x150bf364:   6455a7c8 6455a7c8 150bf39c 77cdc54a
0x150bf374:   00bc0000 159ad3f0 159a92f0 15975b60 

Instructions: (pc=0x64401523)
0x64401503:   07 5f 5d c3 c7 07 ff ff ff ff 5e 5b 5f 5d c3 cc
0x64401513:   cc cc cc cc cc cc cc cc cc cc cc cc cc 8b 41 04
0x64401523:   8b 48 18 b8 dc d0 4d 64 85 c9 0f 45 c1 c3 cc cc
0x64401533:   cc cc cc cc cc cc cc cc cc cc cc cc cc 51 57 8b 


Register to memory mapping:

EAX=0x00000000 is an unknown value
EBX=0x159b0ea8 is an unknown value
ECX=0x1599fbc8 is an unknown value
EDX=0x00000000 is an unknown value
ESP=0x150bf304 is pointing into the stack for thread: 0x14dba400
EBP=0x150bf3b8 is pointing into the stack for thread: 0x14dba400
ESI=0x593b77b0 is an unknown value
EDI=0x1599fbc8 is an unknown value


Stack: [0x15070000,0x150c0000],  sp=0x150bf304,  free space=316k
Native frames: (J=compiled Java code, j=interpreted, Vv=VM code, C=native code)
C  [QtCore4.dll+0x111523]
C  [QtGui4.dll+0x3bbb93]
C  [com_trolltech_qt_gui.dll+0x184e04]

Java frames: (J=compiled Java code, j=interpreted, Vv=VM code)
j  com.trolltech.qt.internal.QtJambiObject.finalize()V+0
j  java.lang.System$2.invokeFinalize(Ljava/lang/Object;)V+1
j  java.lang.ref.Finalizer.runFinalizer(Lsun/misc/JavaLangAccess;)V+46
j  java.lang.ref.Finalizer.access$100(Ljava/lang/ref/Finalizer;Lsun/misc/JavaLangAccess;)V+2
j  java.lang.ref.Finalizer$FinalizerThread.run()V+45
v  ~StubRoutines::call_stub

---------------  P R O C E S S  ---------------

Java Threads: ( => current thread )
  0x0273c800 JavaThread "DestroyJavaVM" [_thread_blocked, id=7380, stack(0x02590000,0x025e0000)]
  0x14dd1c00 JavaThread "Service Thread" daemon [_thread_blocked, id=5256, stack(0x15390000,0x153e0000)]
  0x14dda400 JavaThread "C1 CompilerThread0" daemon [_thread_blocked, id=2924, stack(0x15300000,0x15350000)]
  0x14dd9000 JavaThread "Attach Listener" daemon [_thread_blocked, id=4432, stack(0x15270000,0x152c0000)]
  0x14dd7000 JavaThread "Signal Dispatcher" daemon [_thread_blocked, id=5044, stack(0x151e0000,0x15230000)]
=>0x14dba400 JavaThread "Finalizer" daemon [_thread_in_native, id=7452, stack(0x15070000,0x150c0000)]
  0x14da4800 JavaThread "Reference Handler" daemon [_thread_blocked, id=5764, stack(0x14fe0000,0x15030000)]

Other Threads:
  0x0270d800 VMThread [stack: 0x14d50000,0x14da0000] [id=1480]
  0x14dd5c00 WatcherThread [stack: 0x15420000,0x15470000] [id=6892]

VM state:not at safepoint (normal execution)

VM Mutex/Monitor currently owned by a thread: None

Heap:
 def new generation   total 4992K, used 45K [0x04800000, 0x04d60000, 0x09d50000)
  eden space 4480K,   1% used [0x04800000, 0x0480b508, 0x04c60000)
  from space 512K,   0% used [0x04c60000, 0x04c60000, 0x04ce0000)
  to   space 512K,   0% used [0x04ce0000, 0x04ce0000, 0x04d60000)
 tenured generation   total 10944K, used 2008K [0x09d50000, 0x0a800000, 0x14800000)
   the space 10944K,  18% used [0x09d50000, 0x09f461f8, 0x09f46200, 0x0a800000)
 Metaspace       used 5750K, capacity 5772K, committed 5888K, reserved 6528K

Card table byte_map: [0x14800000,0x14890000] byte_map_base: 0x147dc000

Polling page: 0x025e0000

CodeCache: size=32768Kb used=1004Kb max_used=1004Kb free=31763Kb
 bounds [0x02740000, 0x02840000, 0x04740000]
 total_blobs=399 nmethods=224 adapters=106
 compilation: enabled

Compilation events (10 events):
Event: 0.805 Thread 0x14dda400  220             java.lang.ref.Finalizer::register (10 bytes)
Event: 0.805 Thread 0x14dda400 nmethod 220 0x028395c8 code [0x028396d0, 0x028397fc]
Event: 0.805 Thread 0x14dda400  221             java.lang.ref.Finalizer::<init> (23 bytes)
Event: 0.805 Thread 0x14dda400 nmethod 221 0x02839888 code [0x02839990, 0x02839a7c]
Event: 0.805 Thread 0x14dda400  222             java.lang.ref.FinalReference::<init> (7 bytes)
Event: 0.806 Thread 0x14dda400 nmethod 222 0x02839ac8 code [0x02839bc0, 0x02839c70]
Event: 0.806 Thread 0x14dda400  223   !         java.lang.ref.Finalizer::add (41 bytes)
Event: 0.806 Thread 0x14dda400 nmethod 223 0x02839cc8 code [0x02839dd0, 0x0283a010]
Event: 5.220 Thread 0x14dda400  224             java.lang.reflect.Field::getName (5 bytes)
Event: 5.220 Thread 0x14dda400 nmethod 224 0x0283b088 code [0x0283b180, 0x0283b200]

GC Heap History (10 events):
Event: 0.442 GC heap before
{Heap before GC invocations=2 (full 0):
 def new generation   total 4928K, used 4928K [0x04800000, 0x04d50000, 0x09d50000)
  eden space 4416K, 100% used [0x04800000, 0x04c50000, 0x04c50000)
  from space 512K, 100% used [0x04c50000, 0x04cd0000, 0x04cd0000)
  to   space 512K,   0% used [0x04cd0000, 0x04cd0000, 0x04d50000)
 tenured generation   total 10944K, used 830K [0x09d50000, 0x0a800000, 0x14800000)
   the space 10944K,   7% used [0x09d50000, 0x09e1f980, 0x09e1fa00, 0x0a800000)
 Metaspace       used 4492K, capacity 4554K, committed 4608K, reserved 5504K
Event: 0.444 GC heap after
Heap after GC invocations=3 (full 0):
 def new generation   total 4928K, used 512K [0x04800000, 0x04d50000, 0x09d50000)
  eden space 4416K,   0% used [0x04800000, 0x04800000, 0x04c50000)
  from space 512K, 100% used [0x04cd0000, 0x04d50000, 0x04d50000)
  to   space 512K,   0% used [0x04c50000, 0x04c50000, 0x04cd0000)
 tenured generation   total 10944K, used 1604K [0x09d50000, 0x0a800000, 0x14800000)
   the space 10944K,  14% used [0x09d50000, 0x09ee10c8, 0x09ee1200, 0x0a800000)
 Metaspace       used 4492K, capacity 4554K, committed 4608K, reserved 5504K
}
Event: 0.563 GC heap before
{Heap before GC invocations=3 (full 0):
 def new generation   total 4928K, used 4928K [0x04800000, 0x04d50000, 0x09d50000)
  eden space 4416K, 100% used [0x04800000, 0x04c50000, 0x04c50000)
  from space 512K, 100% used [0x04cd0000, 0x04d50000, 0x04d50000)
  to   space 512K,   0% used [0x04c50000, 0x04c50000, 0x04cd0000)
 tenured generation   total 10944K, used 1604K [0x09d50000, 0x0a800000, 0x14800000)
   the space 10944K,  14% used [0x09d50000, 0x09ee10c8, 0x09ee1200, 0x0a800000)
 Metaspace       used 4837K, capacity 4874K, committed 4992K, reserved 5504K
Event: 0.565 GC heap after
Heap after GC invocations=4 (full 0):
 def new generation   total 4928K, used 512K [0x04800000, 0x04d50000, 0x09d50000)
  eden space 4416K,   0% used [0x04800000, 0x04800000, 0x04c50000)
  from space 512K, 100% used [0x04c50000, 0x04cd0000, 0x04cd0000)
  to   space 512K,   0% used [0x04cd0000, 0x04cd0000, 0x04d50000)
 tenured generation   total 10944K, used 1801K [0x09d50000, 0x0a800000, 0x14800000)
   the space 10944K,  16% used [0x09d50000, 0x09f12790, 0x09f12800, 0x0a800000)
 Metaspace       used 4837K, capacity 4874K, committed 4992K, reserved 5504K
}
Event: 0.647 GC heap before
{Heap before GC invocations=4 (full 0):
 def new generation   total 4928K, used 4928K [0x04800000, 0x04d50000, 0x09d50000)
  eden space 4416K, 100% used [0x04800000, 0x04c50000, 0x04c50000)
  from space 512K, 100% used [0x04c50000, 0x04cd0000, 0x04cd0000)
  to   space 512K,   0% used [0x04cd0000, 0x04cd0000, 0x04d50000)
 tenured generation   total 10944K, used 1801K [0x09d50000, 0x0a800000, 0x14800000)
   the space 10944K,  16% used [0x09d50000, 0x09f12790, 0x09f12800, 0x0a800000)
 Metaspace       used 5251K, capacity 5260K, committed 5376K, reserved 5504K
Event: 0.651 GC heap after
Heap after GC invocations=5 (full 0):
 def new generation   total 4928K, used 511K [0x04800000, 0x04d50000, 0x09d50000)
  eden space 4416K,   0% used [0x04800000, 0x04800000, 0x04c50000)
  from space 512K,  99% used [0x04cd0000, 0x04d4fff8, 0x04d50000)
  to   space 512K,   0% used [0x04c50000, 0x04c50000, 0x04cd0000)
 tenured generation   total 10944K, used 2135K [0x09d50000, 0x0a800000, 0x14800000)
   the space 10944K,  19% used [0x09d50000, 0x09f65c00, 0x09f65c00, 0x0a800000)
 Metaspace       used 5251K, capacity 5260K, committed 5376K, reserved 5504K
}
Event: 5.195 GC heap before
{Heap before GC invocations=5 (full 0):
 def new generation   total 4928K, used 1395K [0x04800000, 0x04d50000, 0x09d50000)
  eden space 4416K,  20% used [0x04800000, 0x048dcf38, 0x04c50000)
  from space 512K,  99% used [0x04cd0000, 0x04d4fff8, 0x04d50000)
  to   space 512K,   0% used [0x04c50000, 0x04c50000, 0x04cd0000)
 tenured generation   total 10944K, used 2135K [0x09d50000, 0x0a800000, 0x14800000)
   the space 10944K,  19% used [0x09d50000, 0x09f65c00, 0x09f65c00, 0x0a800000)
 Metaspace       used 5697K, capacity 5740K, committed 5888K, reserved 6528K
Event: 5.204 GC heap after
Heap after GC invocations=6 (full 1):
 def new generation   total 4992K, used 0K [0x04800000, 0x04d60000, 0x09d50000)
  eden space 4480K,   0% used [0x04800000, 0x04800000, 0x04c60000)
  from space 512K,   0% used [0x04c60000, 0x04c60000, 0x04ce0000)
  to   space 512K,   0% used [0x04ce0000, 0x04ce0000, 0x04d60000)
 tenured generation   total 10944K, used 2112K [0x09d50000, 0x0a800000, 0x14800000)
   the space 10944K,  19% used [0x09d50000, 0x09f60130, 0x09f60200, 0x0a800000)
 Metaspace       used 5697K, capacity 5740K, committed 5888K, reserved 6528K
}
Event: 5.223 GC heap before
{Heap before GC invocations=6 (full 1):
 def new generation   total 4992K, used 223K [0x04800000, 0x04d60000, 0x09d50000)
  eden space 4480K,   4% used [0x04800000, 0x04837e88, 0x04c60000)
  from space 512K,   0% used [0x04c60000, 0x04c60000, 0x04ce0000)
  to   space 512K,   0% used [0x04ce0000, 0x04ce0000, 0x04d60000)
 tenured generation   total 10944K, used 2112K [0x09d50000, 0x0a800000, 0x14800000)
   the space 10944K,  19% used [0x09d50000, 0x09f60130, 0x09f60200, 0x0a800000)
 Metaspace       used 5750K, capacity 5772K, committed 5888K, reserved 6528K
Event: 5.230 GC heap after
Heap after GC invocations=7 (full 2):
 def new generation   total 4992K, used 0K [0x04800000, 0x04d60000, 0x09d50000)
  eden space 4480K,   0% used [0x04800000, 0x04800000, 0x04c60000)
  from space 512K,   0% used [0x04c60000, 0x04c60000, 0x04ce0000)
  to   space 512K,   0% used [0x04ce0000, 0x04ce0000, 0x04d60000)
 tenured generation   total 10944K, used 2087K [0x09d50000, 0x0a800000, 0x14800000)
   the space 10944K,  19% used [0x09d50000, 0x09f59eb8, 0x09f5a000, 0x0a800000)
 Metaspace       used 5750K, capacity 5772K, committed 5888K, reserved 6528K
}

Deoptimization events (0 events):
No events

Internal exceptions (10 events):
Event: 0.043 Thread 0x0273c800 Exception <a 'java/lang/NoSuchMethodError': Method sun.misc.Unsafe.defineClass(Ljava/lang/String;[BII)Ljava/lang/Class; name or signature does not match> (0x04806ea8) thrown at [C:\re\workspace\8-2-build-windows-i586-cygwin\jdk8u91\7017\hotspot\src\share\vó’ízP5¶?
Event: 0.043 Thread 0x0273c800 Exception <a 'java/lang/NoSuchMethodError': Method sun.misc.Unsafe.prefetchRead(Ljava/lang/Object;J)V name or signature does not match> (0x04807178) thrown at [C:\re\workspace\8-2-build-windows-i586-cygwin\jdk8u91\7017\hotspot\src\share\vm\prims\jni.cpp, l«uâüÊ»?
Event: 0.195 Thread 0x0273c800 Exception <a 'java/security/PrivilegedActionException'> (0x049ce828) thrown at [C:\re\workspace\8-2-build-windows-i586-cygwin\jdk8u91\7017\hotspot\src\share\vm\prims\jvm.cpp, line 1386]
Event: 0.195 Thread 0x0273c800 Exception <a 'java/security/PrivilegedActionException'> (0x049cea28) thrown at [C:\re\workspace\8-2-build-windows-i586-cygwin\jdk8u91\7017\hotspot\src\share\vm\prims\jvm.cpp, line 1386]
Event: 0.195 Thread 0x0273c800 Exception <a 'java/security/PrivilegedActionException'> (0x049d2b18) thrown at [C:\re\workspace\8-2-build-windows-i586-cygwin\jdk8u91\7017\hotspot\src\share\vm\prims\jvm.cpp, line 1386]
Event: 0.195 Thread 0x0273c800 Exception <a 'java/security/PrivilegedActionException'> (0x049d2d18) thrown at [C:\re\workspace\8-2-build-windows-i586-cygwin\jdk8u91\7017\hotspot\src\share\vm\prims\jvm.cpp, line 1386]
Event: 0.340 Thread 0x0273c800 Exception <a 'java/lang/ArrayIndexOutOfBoundsException': 18> (0x04864f48) thrown at [C:\re\workspace\8-2-build-windows-i586-cygwin\jdk8u91\7017\hotspot\src\share\vm\interpreter\interpreterRuntime.cpp, line 366]
Event: 0.340 Thread 0x0273c800 Exception <a 'java/lang/ArrayIndexOutOfBoundsException': 70> (0x04865c70) thrown at [C:\re\workspace\8-2-build-windows-i586-cygwin\jdk8u91\7017\hotspot\src\share\vm\interpreter\interpreterRuntime.cpp, line 366]
Event: 0.341 Thread 0x0273c800 Exception <a 'java/lang/ArrayIndexOutOfBoundsException': 90> (0x0486ff18) thrown at [C:\re\workspace\8-2-build-windows-i586-cygwin\jdk8u91\7017\hotspot\src\share\vm\interpreter\interpreterRuntime.cpp, line 366]
Event: 0.645 Thread 0x0273c800 Exception <a 'java/lang/ArrayIndexOutOfBoundsException'> (0x04c306d0) thrown at [C:\re\workspace\8-2-build-windows-i586-cygwin\jdk8u91\7017\hotspot\src\share\vm\runtime\sharedRuntime.cpp, line 605]

Events (10 events):
Event: 5.216 loading class sun/reflect/UnsafeIntegerFieldAccessorImpl
Event: 5.216 loading class sun/reflect/UnsafeIntegerFieldAccessorImpl done
Event: 5.216 loading class sun/reflect/UnsafeStaticObjectFieldAccessorImpl
Event: 5.217 loading class sun/reflect/UnsafeStaticObjectFieldAccessorImpl done
Event: 5.220 loading class com/trolltech/qt/gui/QBrush
Event: 5.220 loading class com/trolltech/qt/gui/QBrush done
Event: 5.223 Executing VM operation: GenCollectFull
Event: 5.230 Executing VM operation: GenCollectFull done
Event: 5.230 Thread 0x15581800 Thread added: 0x15581800
Event: 5.230 Thread 0x15581800 Thread exited: 0x15581800


Dynamic libraries:
0x00d40000 - 0x00d73000 	C:\Program Files (x86)\Java\jdk1.8.0_91\bin\java.exe
0x77c60000 - 0x77dd9000 	C:\WINDOWS\SYSTEM32\ntdll.dll
0x77320000 - 0x77410000 	C:\WINDOWS\SYSTEM32\KERNEL32.DLL
0x74f20000 - 0x75096000 	C:\WINDOWS\SYSTEM32\KERNELBASE.dll
0x6e100000 - 0x6e191000 	C:\WINDOWS\system32\apphelp.dll
0x75930000 - 0x759ab000 	C:\WINDOWS\SYSTEM32\ADVAPI32.dll
0x759e0000 - 0x75a9e000 	C:\WINDOWS\SYSTEM32\msvcrt.dll
0x75ba0000 - 0x75be3000 	C:\WINDOWS\SYSTEM32\sechost.dll
0x755e0000 - 0x7568c000 	C:\WINDOWS\SYSTEM32\RPCRT4.dll
0x74d70000 - 0x74d8e000 	C:\WINDOWS\SYSTEM32\SspiCli.dll
0x74d60000 - 0x74d6a000 	C:\WINDOWS\SYSTEM32\CRYPTBASE.dll
0x74d00000 - 0x74d59000 	C:\WINDOWS\SYSTEM32\bcryptPrimitives.dll
0x74d90000 - 0x74ed0000 	C:\WINDOWS\SYSTEM32\USER32.dll
0x77020000 - 0x7716d000 	C:\WINDOWS\SYSTEM32\GDI32.dll
0x6e6b0000 - 0x6e8b9000 	C:\WINDOWS\WinSxS\x86_microsoft.windows.common-controls_6595b64144ccf1df_6.0.10240.17184_none_3bcab1476bcee5ec\COMCTL32.dll
0x75ab0000 - 0x75adb000 	C:\WINDOWS\SYSTEM32\IMM32.DLL
0x752b0000 - 0x753d0000 	C:\WINDOWS\SYSTEM32\MSCTF.dll
0x65310000 - 0x653cd000 	C:\Program Files (x86)\Java\jdk1.8.0_91\jre\bin\msvcr100.dll
0x653d0000 - 0x6579a000 	C:\Program Files (x86)\Java\jdk1.8.0_91\jre\bin\client\jvm.dll
0x75820000 - 0x75826000 	C:\WINDOWS\SYSTEM32\PSAPI.DLL
0x6fe30000 - 0x6fe38000 	C:\WINDOWS\SYSTEM32\WSOCK32.dll
0x70f00000 - 0x70f24000 	C:\WINDOWS\SYSTEM32\WINMM.dll
0x74cc0000 - 0x74cc8000 	C:\WINDOWS\SYSTEM32\VERSION.dll
0x779e0000 - 0x77a3b000 	C:\WINDOWS\SYSTEM32\WS2_32.dll
0x75aa0000 - 0x75aa7000 	C:\WINDOWS\SYSTEM32\NSI.dll
0x70e30000 - 0x70e53000 	C:\WINDOWS\SYSTEM32\WINMMBASE.dll
0x758f0000 - 0x75926000 	C:\WINDOWS\SYSTEM32\cfgmgr32.dll
0x70e00000 - 0x70e21000 	C:\WINDOWS\SYSTEM32\DEVOBJ.dll
0x652c0000 - 0x652cc000 	C:\Program Files (x86)\Java\jdk1.8.0_91\jre\bin\verify.dll
0x65290000 - 0x652b1000 	C:\Program Files (x86)\Java\jdk1.8.0_91\jre\bin\java.dll
0x65270000 - 0x65283000 	C:\Program Files (x86)\Java\jdk1.8.0_91\jre\bin\zip.dll
0x75c40000 - 0x76fff000 	C:\WINDOWS\SYSTEM32\SHELL32.dll
0x77500000 - 0x779dc000 	C:\WINDOWS\SYSTEM32\windows.storage.dll
0x77a40000 - 0x77bfa000 	C:\WINDOWS\SYSTEM32\combase.dll
0x758a0000 - 0x758e4000 	C:\WINDOWS\SYSTEM32\shlwapi.dll
0x759b0000 - 0x759bc000 	C:\WINDOWS\SYSTEM32\kernel.appcore.dll
0x77410000 - 0x7749d000 	C:\WINDOWS\SYSTEM32\shcore.dll
0x74ed0000 - 0x74f14000 	C:\WINDOWS\SYSTEM32\powrprof.dll
0x759d0000 - 0x759df000 	C:\WINDOWS\SYSTEM32\profapi.dll
0x642f0000 - 0x64572000 	C:\Users\hp\AppData\Local\Temp\QtJambi_hp_x86_4.8.6_msvc2012-20150122-2344\lib\QtCore4.dll
0x75730000 - 0x7581a000 	C:\WINDOWS\SYSTEM32\ole32.dll
0x64210000 - 0x642e6000 	C:\WINDOWS\SYSTEM32\MSVCR110.dll
0x64180000 - 0x64205000 	C:\WINDOWS\SYSTEM32\MSVCP110.dll
0x64140000 - 0x64176000 	C:\Users\hp\AppData\Local\Temp\QtJambi_hp_x86_4.8.6_msvc2012-20150122-2344\lib\qtjambi.dll
0x59650000 - 0x59753000 	C:\Users\hp\AppData\Local\Temp\QtJambi_hp_x86_4.8.6_msvc2012-20150122-2344\lib\com_trolltech_qt_core.dll
0x58df0000 - 0x59647000 	C:\Users\hp\AppData\Local\Temp\QtJambi_hp_x86_4.8.6_msvc2012-20150122-2344\lib\QtGui4.dll
0x75ae0000 - 0x75b9e000 	C:\WINDOWS\SYSTEM32\COMDLG32.dll
0x750a0000 - 0x75135000 	C:\WINDOWS\SYSTEM32\OLEAUT32.dll
0x60460000 - 0x604c7000 	C:\WINDOWS\SYSTEM32\WINSPOOL.DRV
0x725c0000 - 0x725db000 	C:\WINDOWS\SYSTEM32\bcrypt.dll
0x535d0000 - 0x53b70000 	C:\Users\hp\AppData\Local\Temp\QtJambi_hp_x86_4.8.6_msvc2012-20150122-2344\lib\com_trolltech_qt_gui.dll
0x719e0000 - 0x71a55000 	C:\WINDOWS\system32\uxtheme.dll
0x70fa0000 - 0x70fbd000 	C:\WINDOWS\system32\dwmapi.dll
0x725e0000 - 0x725f3000 	C:\WINDOWS\SYSTEM32\cryptsp.dll
0x72590000 - 0x725bf000 	C:\WINDOWS\system32\rsaenh.dll
0x753d0000 - 0x75452000 	C:\WINDOWS\SYSTEM32\clbcatq.dll
0x6e950000 - 0x6e95a000 	C:\Users\hp\AppData\Local\Temp\QtJambi_hp_x86_4.8.6_msvc2012-20150122-2344\plugins\imageformats\qgif4.dll
0x6e940000 - 0x6e94c000 	C:\Users\hp\AppData\Local\Temp\QtJambi_hp_x86_4.8.6_msvc2012-20150122-2344\plugins\imageformats\qico4.dll
0x64100000 - 0x6413d000 	C:\Users\hp\AppData\Local\Temp\QtJambi_hp_x86_4.8.6_msvc2012-20150122-2344\plugins\imageformats\qjpeg4.dll
0x58db0000 - 0x58dea000 	C:\Users\hp\AppData\Local\Temp\QtJambi_hp_x86_4.8.6_msvc2012-20150122-2344\plugins\imageformats\qmng4.dll
0x58d60000 - 0x58daa000 	C:\Users\hp\AppData\Local\Temp\QtJambi_hp_x86_4.8.6_msvc2012-20150122-2344\plugins\imageformats\qtiff4.dll
0x6db60000 - 0x6dbf2000 	C:\WINDOWS\WinSxS\x86_microsoft.windows.common-controls_6595b64144ccf1df_5.82.10240.16384_none_49c02355cf03478c\comctl32.dll
0x6e1d0000 - 0x6e30f000 	C:\WINDOWS\SYSTEM32\dbghelp.dll

VM Arguments:
jvm_args: -Dfile.encoding=UTF-8 
java_command: secured_pass.Application
java_class_path (initial): C:\qtjambi-4.8.6\qtjambi-4.8.6.jar;C:\qtjambi-4.8.6\qtjambi-designer-4.8.6.jar;C:\qtjambi-4.8.6\qtjambi-examples-4.8.6.jar;C:\qtjambi-4.8.6\qtjambi-examples-src-4.8.6.jar;C:\qtjambi-4.8.6\qtjambi-native-win32-msvc2012-4.8.6.jar;C:\java jar\jdbc-api-1.4.jar;C:\Program Files (x86)\Java\jdk1.8.0_91\db\lib\derbyclient.jar;C:\Users\hp\Desktop\designs\commons-codec-1.10\commons-codec-1.10-javadoc.jar;C:\Users\hp\Desktop\designs\commons-codec-1.10\commons-codec-1.10-sources.jar;C:\Users\hp\Desktop\designs\commons-codec-1.10\commons-codec-1.10-test-sources.jar;C:\Users\hp\Desktop\designs\commons-codec-1.10\commons-codec-1.10-tests.jar;C:\Users\hp\Desktop\designs\commons-codec-1.10\commons-codec-1.10.jar;C:\Users\hp\Documents\NetBeansProjects\Secured_Pass\build\classes
Launcher Type: SUN_STANDARD

Environment Variables:
JAVA_HOME=C:\Program Files (x86)\Java\jdk1.8.0_91
PATH=C:\ProgramData\Oracle\Java\javapath;C:\Program Files\Broadcom\Broadcom 802.11;C:\Program Files (x86)\NVIDIA Corporation\PhysX\Common;C:\Program Files (x86)\Intel\iCLS Client\;C:\Program Files\Intel\iCLS Client\;C:\WINDOWS\system32;C:\WINDOWS;C:\WINDOWS\System32\Wbem;C:\WINDOWS\System32\WindowsPowerShell\v1.0\;C:\Program Files\Hewlett-Packard\SimplePass\;C:\Program Files\Intel\Intel(R) Management Engine Components\DAL;C:\Program Files\Intel\Intel(R) Management Engine Components\IPT;C:\Program Files (x86)\Intel\Intel(R) Management Engine Components\DAL;C:\Program Files (x86)\Intel\Intel(R) Management Engine Components\IPT;C:\Program Files\Microsoft\Web Platform Installer\;C:\Program Files (x86)\Microsoft ASP.NET\ASP.NET Web Pages\v1.0\;C:\Program Files (x86)\Windows Kits\8.0\Windows Performance Toolkit\;C:\Program Files\Microsoft SQL Server\110\Tools\Binn\;c:\Program Files (x86)\Microsoft SQL Server\100\Tools\Binn\VSShell\Common7\IDE\;c:\Program Files (x86)\Microsoft SQL Server\100\Tools\Binn\;c:\Program Files\Microsoft SQL Server\100\Tools\Binn\;c:\Program Files (x86)\Microsoft SQL Server\100\DTS\Binn\;c:\Program Files\Microsoft SQL Server\100\DTS\Binn\;C:\Program Files (x86)\Common Files\lenovo\easyplussdk\bin;C:\Program Files\Git\cmd;C:\MinGW\bin;C:\msys\1.0\bin;C:\Qt\4.8.6\bin;C:\qtjambi-4.8.6\bin
USERNAME=hp
OS=Windows_NT
PROCESSOR_IDENTIFIER=Intel64 Family 6 Model 69 Stepping 1, GenuineIntel



---------------  S Y S T E M  ---------------

OS: Windows 10.0 , 64 bit Build 10240 (10.0.10240.17113)

CPU:total 4 (2 cores per cpu, 2 threads per core) family 6 model 69 stepping 1, cmov, cx8, fxsr, mmx, sse, sse2, sse3, ssse3, sse4.1, sse4.2, popcnt, avx, avx2, aes, clmul, erms, lzcnt, ht, tsc, tscinvbit, bmi1, bmi2

Memory: 4k page, physical 4122776k(1911528k free), swap 6351000k(3843740k free)

vm_info: Java HotSpot(TM) Client VM (25.91-b15) for windows-x86 JRE (1.8.0_91-b15), built on May 20 2016 17:33:18 by "java_re" with MS VC++ 10.0 (VS2010)

time: Fri Dec 02 15:31:20 2016
elapsed time: 5 seconds (0d 0h 0m 5s)

