#
# A fatal error has been detected by the Java Runtime Environment:
#
#  EXCEPTION_ACCESS_VIOLATION (0xc0000005) at pc=0x77191523, pid=10460, tid=7476
#
# JRE version: Java(TM) SE Runtime Environment (8.0_91-b15) (build 1.8.0_91-b15)
# Java VM: Java HotSpot(TM) Client VM (25.91-b15 mixed mode windows-x86 )
# Problematic frame:
# C  [QtCore4.dll+0x111523]
#
# Failed to write core dump. Minidumps are not enabled by default on client versions of Windows
#
# If you would like to submit a bug report, please visit:
#   http://bugreport.java.com/bugreport/crash.jsp
# The crash happened outside the Java Virtual Machine in native code.
# See problematic frame for where to report the bug.
#

---------------  T H R E A D  ---------------

Current thread (0x1547a400):  JavaThread "Finalizer" daemon [_thread_in_native, id=7476, stack(0x156f0000,0x15740000)]

siginfo: ExceptionCode=0xc0000005, reading address 0x00000018

Registers:
EAX=0x00000000, EBX=0x188fc5f8, ECX=0x17c503e8, EDX=0x00000000
ESP=0x1573f274, EBP=0x1573f328, ESI=0x64d077b0, EDI=0x17c503e8
EIP=0x77191523, EFLAGS=0x00010206

Top of Stack: (sp=0x1573f274)
0x1573f274:   77183042 17c4fd08 188fc5f8 64afdc07
0x1573f284:   17c503e8 52c51e2d 17c4ad48 188fc5f8
0x1573f294:   1573f328 188b98c0 188fc5f8 1573f31c
0x1573f2a4:   64cdbf4e 00000002 64afdcd8 772ea7b4
0x1573f2b4:   647960f6 00000001 52c51f89 0000000e
0x1573f2c4:   17c4ad48 00000001 772ea7b4 00000001
0x1573f2d4:   772ea7c8 772ea7c8 1573f30c 76f1c54a
0x1573f2e4:   014f0000 18931978 17c4a2a8 188ba4d8 

Instructions: (pc=0x77191523)
0x77191503:   07 5f 5d c3 c7 07 ff ff ff ff 5e 5b 5f 5d c3 cc
0x77191513:   cc cc cc cc cc cc cc cc cc cc cc cc cc 8b 41 04
0x77191523:   8b 48 18 b8 dc d0 26 77 85 c9 0f 45 c1 c3 cc cc
0x77191533:   cc cc cc cc cc cc cc cc cc cc cc cc cc 51 57 8b 


Register to memory mapping:

EAX=0x00000000 is an unknown value
EBX=0x188fc5f8 is an unknown value
ECX=0x17c503e8 is an unknown value
EDX=0x00000000 is an unknown value
ESP=0x1573f274 is pointing into the stack for thread: 0x1547a400
EBP=0x1573f328 is pointing into the stack for thread: 0x1547a400
ESI=0x64d077b0 is an unknown value
EDI=0x17c503e8 is an unknown value


Stack: [0x156f0000,0x15740000],  sp=0x1573f274,  free space=316k
Native frames: (J=compiled Java code, j=interpreted, Vv=VM code, C=native code)
C  [QtCore4.dll+0x111523]
C  [QtGui4.dll+0x3bbb93]
C  [com_trolltech_qt_gui.dll+0x184e04]

Java frames: (J=compiled Java code, j=interpreted, Vv=VM code)
j  com.trolltech.qt.internal.QtJambiObject.finalize()V+0
J 336 C1 java.lang.ref.Finalizer.runFinalizer(Lsun/misc/JavaLangAccess;)V (62 bytes) @ 0x02f32a00 [0x02f32860+0x1a0]
J 335 C1 java.lang.ref.Finalizer.access$100(Ljava/lang/ref/Finalizer;Lsun/misc/JavaLangAccess;)V (6 bytes) @ 0x02f32654 [0x02f32640+0x14]
j  java.lang.ref.Finalizer$FinalizerThread.run()V+45
v  ~StubRoutines::call_stub

---------------  P R O C E S S  ---------------

Java Threads: ( => current thread )
  0x15af4400 
[error occurred during error reporting (printing all threads), id 0xc0000005]

VM state:at safepoint (normal execution)

VM Mutex/Monitor currently owned by a thread:  ([mutex/lock_event])
[0x0142ab58] Threads_lock - owner thread: 0x02e0d400
[0x0142bb88] Heap_lock - owner thread: 0x15af4400

Heap:
 def new generation   total 4992K, used 95K [0x05000000, 0x05560000, 0x0a550000)
  eden space 4480K,   2% used [0x05000000, 0x05017cf8, 0x05460000)
  from space 512K,   0% used [0x05460000, 0x05460000, 0x054e0000)
  to   space 512K,   0% used [0x054e0000, 0x054e0000, 0x05560000)
 tenured generation   total 10944K, used 2905K [0x0a550000, 0x0b000000, 0x15000000)
   the space 10944K,  26% used [0x0a550000, 0x0a826508, 0x0a818600, 0x0b000000)
 Metaspace       used 8396K, capacity 8439K, committed 8576K, reserved 8576K

Card table byte_map: [0x04e90000,0x04f20000] byte_map_base: 0x04e68000

Polling page: 0x01410000

CodeCache: size=32768Kb used=1171Kb max_used=1171Kb free=31596Kb
 bounds [0x02e10000, 0x02f38000, 0x04e10000]
 total_blobs=546 nmethods=339 adapters=138
 compilation: enabled

Compilation events (10 events):
Event: 14.508 Thread 0x1549a000  337             java.lang.ref.Finalizer::hasBeenFinalized (14 bytes)
Event: 14.508 Thread 0x1549a000 nmethod 337 0x02f32d08 code [0x02f32e00, 0x02f32e90]
Event: 14.508 Thread 0x1549a000  338   !         java.lang.ref.Finalizer::remove (94 bytes)
Event: 14.509 Thread 0x1549a000 nmethod 338 0x02f32ec8 code [0x02f32fd0, 0x02f33270]
Event: 14.509 Thread 0x1549a000  339             java.lang.System$2::invokeFinalize (5 bytes)
Event: 14.509 Thread 0x1549a000 nmethod 339 0x02f33388 code [0x02f33490, 0x02f3352c]
Event: 14.533 Thread 0x1549a000  340             java.util.Vector::elementData (7 bytes)
Event: 14.552 Thread 0x1549a000 nmethod 340 0x02f343c8 code [0x02f344c0, 0x02f34560]
Event: 14.552 Thread 0x1549a000  341  s          java.util.Vector::elementAt (48 bytes)
Event: 14.553 Thread 0x1549a000 nmethod 341 0x02f34608 code [0x02f34750, 0x02f34b4c]

GC Heap History (10 events):
Event: 7.730 GC heap before
{Heap before GC invocations=3 (full 0):
 def new generation   total 4928K, used 4928K [0x05000000, 0x05550000, 0x0a550000)
  eden space 4416K, 100% used [0x05000000, 0x05450000, 0x05450000)
  from space 512K, 100% used [0x054d0000, 0x05550000, 0x05550000)
  to   space 512K,   0% used [0x05450000, 0x05450000, 0x054d0000)
 tenured generation   total 10944K, used 2306K [0x0a550000, 0x0b000000, 0x15000000)
   the space 10944K,  21% used [0x0a550000, 0x0a790968, 0x0a790a00, 0x0b000000)
 Metaspace       used 6401K, capacity 6452K, committed 6528K, reserved 6528K
Event: 7.734 GC heap after
Heap after GC invocations=4 (full 0):
 def new generation   total 4928K, used 512K [0x05000000, 0x05550000, 0x0a550000)
  eden space 4416K,   0% used [0x05000000, 0x05000000, 0x05450000)
  from space 512K, 100% used [0x05450000, 0x054d0000, 0x054d0000)
  to   space 512K,   0% used [0x054d0000, 0x054d0000, 0x05550000)
 tenured generation   total 10944K, used 3067K [0x0a550000, 0x0b000000, 0x15000000)
   the space 10944K,  28% used [0x0a550000, 0x0a84ecb8, 0x0a84ee00, 0x0b000000)
 Metaspace       used 6401K, capacity 6452K, committed 6528K, reserved 6528K
}
Event: 7.873 GC heap before
{Heap before GC invocations=4 (full 0):
 def new generation   total 4928K, used 4928K [0x05000000, 0x05550000, 0x0a550000)
  eden space 4416K, 100% used [0x05000000, 0x05450000, 0x05450000)
  from space 512K, 100% used [0x05450000, 0x054d0000, 0x054d0000)
  to   space 512K,   0% used [0x054d0000, 0x054d0000, 0x05550000)
 tenured generation   total 10944K, used 3067K [0x0a550000, 0x0b000000, 0x15000000)
   the space 10944K,  28% used [0x0a550000, 0x0a84ecb8, 0x0a84ee00, 0x0b000000)
 Metaspace       used 7661K, capacity 7671K, committed 7808K, reserved 8576K
Event: 7.878 GC heap after
Heap after GC invocations=5 (full 0):
 def new generation   total 4928K, used 512K [0x05000000, 0x05550000, 0x0a550000)
  eden space 4416K,   0% used [0x05000000, 0x05000000, 0x05450000)
  from space 512K, 100% used [0x054d0000, 0x05550000, 0x05550000)
  to   space 512K,   0% used [0x05450000, 0x05450000, 0x054d0000)
 tenured generation   total 10944K, used 4303K [0x0a550000, 0x0b000000, 0x15000000)
   the space 10944K,  39% used [0x0a550000, 0x0a983c50, 0x0a983e00, 0x0b000000)
 Metaspace       used 7661K, capacity 7671K, committed 7808K, reserved 8576K
}
Event: 13.110 GC heap before
{Heap before GC invocations=5 (full 0):
 def new generation   total 4928K, used 4928K [0x05000000, 0x05550000, 0x0a550000)
  eden space 4416K, 100% used [0x05000000, 0x05450000, 0x05450000)
  from space 512K, 100% used [0x054d0000, 0x05550000, 0x05550000)
  to   space 512K,   0% used [0x05450000, 0x05450000, 0x054d0000)
 tenured generation   total 10944K, used 4303K [0x0a550000, 0x0b000000, 0x15000000)
   the space 10944K,  39% used [0x0a550000, 0x0a983c50, 0x0a983e00, 0x0b000000)
 Metaspace       used 8062K, capacity 8119K, committed 8192K, reserved 8576K
Event: 13.113 GC heap after
Heap after GC invocations=6 (full 0):
 def new generation   total 4928K, used 512K [0x05000000, 0x05550000, 0x0a550000)
  eden space 4416K,   0% used [0x05000000, 0x05000000, 0x05450000)
  from space 512K, 100% used [0x05450000, 0x054d0000, 0x054d0000)
  to   space 512K,   0% used [0x054d0000, 0x054d0000, 0x05550000)
 tenured generation   total 10944K, used 4846K [0x0a550000, 0x0b000000, 0x15000000)
   the space 10944K,  44% used [0x0a550000, 0x0aa0b8a8, 0x0aa0ba00, 0x0b000000)
 Metaspace       used 8062K, capacity 8119K, committed 8192K, reserved 8576K
}
Event: 14.475 GC heap before
{Heap before GC invocations=6 (full 0):
 def new generation   total 4928K, used 3137K [0x05000000, 0x05550000, 0x0a550000)
  eden space 4416K,  59% used [0x05000000, 0x05290588, 0x05450000)
  from space 512K, 100% used [0x05450000, 0x054d0000, 0x054d0000)
  to   space 512K,   0% used [0x054d0000, 0x054d0000, 0x05550000)
 tenured generation   total 10944K, used 4846K [0x0a550000, 0x0b000000, 0x15000000)
   the space 10944K,  44% used [0x0a550000, 0x0aa0b8a8, 0x0aa0ba00, 0x0b000000)
 Metaspace       used 8353K, capacity 8375K, committed 8448K, reserved 8576K
Event: 14.500 GC heap after
Heap after GC invocations=7 (full 1):
 def new generation   total 4992K, used 0K [0x05000000, 0x05560000, 0x0a550000)
  eden space 4480K,   0% used [0x05000000, 0x05000000, 0x05460000)
  from space 512K,   0% used [0x05460000, 0x05460000, 0x054e0000)
  to   space 512K,   0% used [0x054e0000, 0x054e0000, 0x05560000)
 tenured generation   total 10944K, used 3486K [0x0a550000, 0x0b000000, 0x15000000)
   the space 10944K,  31% used [0x0a550000, 0x0a8b7b28, 0x0a8b7c00, 0x0b000000)
 Metaspace       used 8353K, capacity 8375K, committed 8448K, reserved 8576K
}
Event: 14.534 GC heap before
{Heap before GC invocations=7 (full 1):
 def new generation   total 4992K, used 228K [0x05000000, 0x05560000, 0x0a550000)
  eden space 4480K,   5% used [0x05000000, 0x05039148, 0x05460000)
  from space 512K,   0% used [0x05460000, 0x05460000, 0x054e0000)
  to   space 512K,   0% used [0x054e0000, 0x054e0000, 0x05560000)
 tenured generation   total 10944K, used 3486K [0x0a550000, 0x0b000000, 0x15000000)
   the space 10944K,  31% used [0x0a550000, 0x0a8b7b28, 0x0a8b7c00, 0x0b000000)
 Metaspace       used 8396K, capacity 8439K, committed 8576K, reserved 8576K
Event: 14.552 GC heap after
Heap after GC invocations=8 (full 2):
 def new generation   total 4992K, used 0K [0x05000000, 0x05560000, 0x0a550000)
  eden space 4480K,   0% used [0x05000000, 0x05000000, 0x05460000)
  from space 512K,   0% used [0x05460000, 0x05460000, 0x054e0000)
  to   space 512K,   0% used [0x054e0000, 0x054e0000, 0x05560000)
 tenured generation   total 10944K, used 2905K [0x0a550000, 0x0b000000, 0x15000000)
   the space 10944K,  26% used [0x0a550000, 0x0a826508, 0x0a826600, 0x0b000000)
 Metaspace       used 8396K, capacity 8439K, committed 8576K, reserved 8576K
}

Deoptimization events (0 events):
No events

Internal exceptions (10 events):
Event: 0.783 Thread 0x0142c400 Exception <a 'java/lang/NoSuchFieldError': columnsAboutToBeRemoved> (0x0539a9f0) thrown at [C:\re\workspace\8-2-build-windows-i586-cygwin\jdk8u91\7017\hotspot\src\share\vm\prims\jni.cpp, line 2599]
Event: 0.783 Thread 0x0142c400 Exception <a 'java/lang/NoSuchFieldError': columnsInserted> (0x0539ac30) thrown at [C:\re\workspace\8-2-build-windows-i586-cygwin\jdk8u91\7017\hotspot\src\share\vm\prims\jni.cpp, line 2599]
Event: 0.783 Thread 0x0142c400 Exception <a 'java/lang/NoSuchFieldError': columnsRemoved> (0x0539ae68) thrown at [C:\re\workspace\8-2-build-windows-i586-cygwin\jdk8u91\7017\hotspot\src\share\vm\prims\jni.cpp, line 2599]
Event: 0.783 Thread 0x0142c400 Exception <a 'java/lang/NoSuchFieldError': modelAboutToBeReset> (0x0539b0b0) thrown at [C:\re\workspace\8-2-build-windows-i586-cygwin\jdk8u91\7017\hotspot\src\share\vm\prims\jni.cpp, line 2599]
Event: 0.783 Thread 0x0142c400 Exception <a 'java/lang/NoSuchFieldError': modelReset> (0x0539b2e0) thrown at [C:\re\workspace\8-2-build-windows-i586-cygwin\jdk8u91\7017\hotspot\src\share\vm\prims\jni.cpp, line 2599]
Event: 0.783 Thread 0x0142c400 Exception <a 'java/lang/NoSuchFieldError': rowsAboutToBeInserted> (0x0539b528) thrown at [C:\re\workspace\8-2-build-windows-i586-cygwin\jdk8u91\7017\hotspot\src\share\vm\prims\jni.cpp, line 2599]
Event: 0.783 Thread 0x0142c400 Exception <a 'java/lang/NoSuchFieldError': rowsAboutToBeRemoved> (0x0539b770) thrown at [C:\re\workspace\8-2-build-windows-i586-cygwin\jdk8u91\7017\hotspot\src\share\vm\prims\jni.cpp, line 2599]
Event: 0.783 Thread 0x0142c400 Exception <a 'java/lang/NoSuchFieldError': rowsInserted> (0x0539b9a8) thrown at [C:\re\workspace\8-2-build-windows-i586-cygwin\jdk8u91\7017\hotspot\src\share\vm\prims\jni.cpp, line 2599]
Event: 0.783 Thread 0x0142c400 Exception <a 'java/lang/NoSuchFieldError': rowsRemoved> (0x0539bbe0) thrown at [C:\re\workspace\8-2-build-windows-i586-cygwin\jdk8u91\7017\hotspot\src\share\vm\prims\jni.cpp, line 2599]
Event: 0.787 Thread 0x0142c400 Exception <a 'java/lang/ArrayIndexOutOfBoundsException'> (0x053b91f0) thrown at [C:\re\workspace\8-2-build-windows-i586-cygwin\jdk8u91\7017\hotspot\src\share\vm\runtime\sharedRuntime.cpp, line 605]

Events (10 events):
Event: 14.523 loading class com/trolltech/qt/gui/QPen done
Event: 14.527 loading class sun/reflect/UnsafeIntegerFieldAccessorImpl
Event: 14.527 loading class sun/reflect/UnsafeIntegerFieldAccessorImpl done
Event: 14.527 loading class sun/reflect/UnsafeStaticObjectFieldAccessorImpl
Event: 14.527 loading class sun/reflect/UnsafeStaticObjectFieldAccessorImpl done
Event: 14.531 loading class com/trolltech/qt/gui/QBrush
Event: 14.531 loading class com/trolltech/qt/gui/QBrush done
Event: 14.533 Executing VM operation: GenCollectFull
Event: 14.552 Executing VM operation: GenCollectFull done
Event: 14.553 Thread 0x1564e000 Thread added: 0x1564e000


Dynamic libraries:
0x01330000 - 0x01363000 	C:\Program Files (x86)\Java\jdk1.8.0_91\bin\java.exe
0x76ea0000 - 0x77019000 	C:\WINDOWS\SYSTEM32\ntdll.dll
0x76720000 - 0x76810000 	C:\WINDOWS\SYSTEM32\KERNEL32.DLL
0x76a50000 - 0x76bc6000 	C:\WINDOWS\SYSTEM32\KERNELBASE.dll
0x706d0000 - 0x70761000 	C:\WINDOWS\system32\apphelp.dll
0x761f0000 - 0x7626b000 	C:\WINDOWS\SYSTEM32\ADVAPI32.dll
0x76660000 - 0x7671e000 	C:\WINDOWS\SYSTEM32\msvcrt.dll
0x74960000 - 0x749a3000 	C:\WINDOWS\SYSTEM32\sechost.dll
0x76290000 - 0x7633c000 	C:\WINDOWS\SYSTEM32\RPCRT4.dll
0x73fb0000 - 0x73fce000 	C:\WINDOWS\SYSTEM32\SspiCli.dll
0x73fa0000 - 0x73faa000 	C:\WINDOWS\SYSTEM32\CRYPTBASE.dll
0x73f40000 - 0x73f99000 	C:\WINDOWS\SYSTEM32\bcryptPrimitives.dll
0x74b10000 - 0x74c50000 	C:\WINDOWS\SYSTEM32\USER32.dll
0x76410000 - 0x7655d000 	C:\WINDOWS\SYSTEM32\GDI32.dll
0x6b080000 - 0x6b289000 	C:\WINDOWS\WinSxS\x86_microsoft.windows.common-controls_6595b64144ccf1df_6.0.10240.17184_none_3bcab1476bcee5ec\COMCTL32.dll
0x76bd0000 - 0x76bfb000 	C:\WINDOWS\SYSTEM32\IMM32.DLL
0x76020000 - 0x76140000 	C:\WINDOWS\SYSTEM32\MSCTF.dll
0x5cca0000 - 0x5cd5d000 	C:\Program Files (x86)\Java\jdk1.8.0_91\jre\bin\msvcr100.dll
0x56160000 - 0x5652a000 	C:\Program Files (x86)\Java\jdk1.8.0_91\jre\bin\client\jvm.dll
0x76010000 - 0x76016000 	C:\WINDOWS\SYSTEM32\PSAPI.DLL
0x70980000 - 0x70988000 	C:\WINDOWS\SYSTEM32\WSOCK32.dll
0x70950000 - 0x70974000 	C:\WINDOWS\SYSTEM32\WINMM.dll
0x76360000 - 0x763bb000 	C:\WINDOWS\SYSTEM32\WS2_32.dll
0x761e0000 - 0x761e7000 	C:\WINDOWS\SYSTEM32\NSI.dll
0x73f30000 - 0x73f38000 	C:\WINDOWS\SYSTEM32\VERSION.dll
0x70920000 - 0x70943000 	C:\WINDOWS\SYSTEM32\WINMMBASE.dll
0x74920000 - 0x74956000 	C:\WINDOWS\SYSTEM32\cfgmgr32.dll
0x70850000 - 0x70871000 	C:\WINDOWS\SYSTEM32\DEVOBJ.dll
0x6fbd0000 - 0x6fbdc000 	C:\Program Files (x86)\Java\jdk1.8.0_91\jre\bin\verify.dll
0x5d6a0000 - 0x5d6c1000 	C:\Program Files (x86)\Java\jdk1.8.0_91\jre\bin\java.dll
0x645c0000 - 0x645d3000 	C:\Program Files (x86)\Java\jdk1.8.0_91\jre\bin\zip.dll
0x74c50000 - 0x7600f000 	C:\WINDOWS\SYSTEM32\SHELL32.dll
0x74440000 - 0x7491c000 	C:\WINDOWS\SYSTEM32\windows.storage.dll
0x76ce0000 - 0x76e9a000 	C:\WINDOWS\SYSTEM32\combase.dll
0x740d0000 - 0x74114000 	C:\WINDOWS\SYSTEM32\shlwapi.dll
0x74a10000 - 0x74a1c000 	C:\WINDOWS\SYSTEM32\kernel.appcore.dll
0x73fd0000 - 0x7405d000 	C:\WINDOWS\SYSTEM32\shcore.dll
0x763c0000 - 0x76404000 	C:\WINDOWS\SYSTEM32\powrprof.dll
0x76350000 - 0x7635f000 	C:\WINDOWS\SYSTEM32\profapi.dll
0x77080000 - 0x77302000 	C:\Users\hp\AppData\Local\Temp\QtJambi_hp_x86_4.8.6_msvc2012-20150122-2344\lib\QtCore4.dll
0x74a20000 - 0x74b0a000 	C:\WINDOWS\SYSTEM32\ole32.dll
0x57b40000 - 0x57bc5000 	C:\WINDOWS\SYSTEM32\MSVCP110.dll
0x533d0000 - 0x534a6000 	C:\WINDOWS\SYSTEM32\MSVCR110.dll
0x773a0000 - 0x773d6000 	C:\Users\hp\AppData\Local\Temp\QtJambi_hp_x86_4.8.6_msvc2012-20150122-2344\lib\qtjambi.dll
0x15f80000 - 0x16083000 	C:\Users\hp\AppData\Local\Temp\QtJambi_hp_x86_4.8.6_msvc2012-20150122-2344\lib\com_trolltech_qt_core.dll
0x64740000 - 0x64f97000 	C:\Users\hp\AppData\Local\Temp\QtJambi_hp_x86_4.8.6_msvc2012-20150122-2344\lib\QtGui4.dll
0x76810000 - 0x768ce000 	C:\WINDOWS\SYSTEM32\COMDLG32.dll
0x76140000 - 0x761d5000 	C:\WINDOWS\SYSTEM32\OLEAUT32.dll
0x60f30000 - 0x60f97000 	C:\WINDOWS\SYSTEM32\WINSPOOL.DRV
0x71800000 - 0x7181b000 	C:\WINDOWS\SYSTEM32\bcrypt.dll
0x16090000 - 0x16630000 	C:\Users\hp\AppData\Local\Temp\QtJambi_hp_x86_4.8.6_msvc2012-20150122-2344\lib\com_trolltech_qt_gui.dll
0x715e0000 - 0x71655000 	C:\WINDOWS\system32\uxtheme.dll
0x709f0000 - 0x70a0d000 	C:\WINDOWS\system32\dwmapi.dll
0x77070000 - 0x7707a000 	C:\Users\hp\AppData\Local\Temp\QtJambi_hp_x86_4.8.6_msvc2012-20150122-2344\plugins\imageformats\qgif4.dll
0x77060000 - 0x7706c000 	C:\Users\hp\AppData\Local\Temp\QtJambi_hp_x86_4.8.6_msvc2012-20150122-2344\plugins\imageformats\qico4.dll
0x77020000 - 0x7705d000 	C:\Users\hp\AppData\Local\Temp\QtJambi_hp_x86_4.8.6_msvc2012-20150122-2344\plugins\imageformats\qjpeg4.dll
0x16aa0000 - 0x16ada000 	C:\Users\hp\AppData\Local\Temp\QtJambi_hp_x86_4.8.6_msvc2012-20150122-2344\plugins\imageformats\qmng4.dll
0x16ae0000 - 0x16b2a000 	C:\Users\hp\AppData\Local\Temp\QtJambi_hp_x86_4.8.6_msvc2012-20150122-2344\plugins\imageformats\qtiff4.dll
0x71820000 - 0x71833000 	C:\WINDOWS\SYSTEM32\cryptsp.dll
0x717d0000 - 0x717ff000 	C:\WINDOWS\system32\rsaenh.dll
0x76c00000 - 0x76c82000 	C:\WINDOWS\SYSTEM32\clbcatq.dll
0x70880000 - 0x70912000 	C:\WINDOWS\WinSxS\x86_microsoft.windows.common-controls_6595b64144ccf1df_5.82.10240.16384_none_49c02355cf03478c\comctl32.dll
0x56100000 - 0x56120000 	C:\Program Files (x86)\Java\jdk1.8.0_91\jre\bin\sunec.dll
0x560f0000 - 0x560f9000 	C:\Program Files (x86)\Java\jdk1.8.0_91\jre\bin\sunmscapi.dll
0x768d0000 - 0x76a45000 	C:\WINDOWS\SYSTEM32\CRYPT32.dll
0x740c0000 - 0x740ce000 	C:\WINDOWS\SYSTEM32\MSASN1.dll
0x5cc30000 - 0x5cc46000 	C:\Program Files (x86)\Java\jdk1.8.0_91\jre\bin\net.dll
0x739b0000 - 0x739fe000 	C:\WINDOWS\system32\mswsock.dll
0x6b7f0000 - 0x6b874000 	C:\WINDOWS\SYSTEM32\DNSAPI.dll
0x6aca0000 - 0x6acc1000 	C:\Program Files (x86)\Bonjour\mdnsNSP.dll
0x73a00000 - 0x73a30000 	C:\WINDOWS\SYSTEM32\Iphlpapi.DLL
0x736d0000 - 0x736d8000 	C:\WINDOWS\SYSTEM32\WINNSI.DLL
0x6ba10000 - 0x6ba18000 	C:\Windows\System32\rasadhlp.dll
0x6a710000 - 0x6a756000 	C:\WINDOWS\System32\fwpuclnt.dll
0x6adf0000 - 0x6af2f000 	C:\WINDOWS\SYSTEM32\dbghelp.dll

VM Arguments:
jvm_args: -Dfile.encoding=UTF-8 
java_command: secured_pass.Secured_Pass
java_class_path (initial): C:\qtjambi-4.8.6\qtjambi-4.8.6.jar;C:\qtjambi-4.8.6\qtjambi-designer-4.8.6.jar;C:\qtjambi-4.8.6\qtjambi-examples-4.8.6.jar;C:\qtjambi-4.8.6\qtjambi-examples-src-4.8.6.jar;C:\qtjambi-4.8.6\qtjambi-native-win32-msvc2012-4.8.6.jar;C:\java jar\jdbc-api-1.4.jar;C:\Program Files (x86)\Java\jdk1.8.0_91\db\lib\derbyclient.jar;C:\Users\hp\Documents\NetBeansProjects\Secured_Pass\build\classes
Launcher Type: SUN_STANDARD

Environment Variables:
JAVA_HOME=C:\Program Files (x86)\Java\jdk1.8.0_91
PATH=C:\ProgramData\Oracle\Java\javapath;C:\Program Files\Broadcom\Broadcom 802.11;C:\Program Files (x86)\NVIDIA Corporation\PhysX\Common;C:\Program Files (x86)\Intel\iCLS Client\;C:\Program Files\Intel\iCLS Client\;C:\WINDOWS\system32;C:\WINDOWS;C:\WINDOWS\System32\Wbem;C:\WINDOWS\System32\WindowsPowerShell\v1.0\;C:\Program Files\Hewlett-Packard\SimplePass\;C:\Program Files\Intel\Intel(R) Management Engine Components\DAL;C:\Program Files\Intel\Intel(R) Management Engine Components\IPT;C:\Program Files (x86)\Intel\Intel(R) Management Engine Components\DAL;C:\Program Files (x86)\Intel\Intel(R) Management Engine Components\IPT;C:\Program Files\Microsoft\Web Platform Installer\;C:\Program Files (x86)\Microsoft ASP.NET\ASP.NET Web Pages\v1.0\;C:\Program Files (x86)\Windows Kits\8.0\Windows Performance Toolkit\;C:\Program Files\Microsoft SQL Server\110\Tools\Binn\;c:\Program Files (x86)\Microsoft SQL Server\100\Tools\Binn\VSShell\Common7\IDE\;c:\Program Files (x86)\Microsoft SQL Server\100\Tools\Binn\;c:\Program Files\Microsoft SQL Server\100\Tools\Binn\;c:\Program Files (x86)\Microsoft SQL Server\100\DTS\Binn\;c:\Program Files\Microsoft SQL Server\100\DTS\Binn\;C:\Program Files (x86)\Common Files\lenovo\easyplussdk\bin;C:\Program Files\Git\cmd;C:\MinGW\bin;C:\msys\1.0\bin;C:\Qt\4.8.6\bin;C:\qtjambi-4.8.6\bin
USERNAME=hp
OS=Windows_NT
PROCESSOR_IDENTIFIER=Intel64 Family 6 Model 69 Stepping 1, GenuineIntel



---------------  S Y S T E M  ---------------

OS: Windows 10.0 , 64 bit Build 10240 (10.0.10240.17113)

CPU:total 4 (2 cores per cpu, 2 threads per core) family 6 model 69 stepping 1, cmov, cx8, fxsr, mmx, sse, sse2, sse3, ssse3, sse4.1, sse4.2, popcnt, avx, avx2, aes, clmul, erms, lzcnt, ht, tsc, tscinvbit, bmi1, bmi2

Memory: 4k page, physical 4122776k(685152k free), swap 6351000k(1234740k free)

vm_info: Java HotSpot(TM) Client VM (25.91-b15) for windows-x86 JRE (1.8.0_91-b15), built on May 20 2016 17:33:18 by "java_re" with MS VC++ 10.0 (VS2010)

time: Tue Nov 29 22:34:38 2016
elapsed time: 14 seconds (0d 0h 0m 14s)

