#
# A fatal error has been detected by the Java Runtime Environment:
#
#  EXCEPTION_ACCESS_VIOLATION (0xc0000005) at pc=0x54ae1523, pid=9252, tid=12836
#
# JRE version: Java(TM) SE Runtime Environment (8.0_91-b15) (build 1.8.0_91-b15)
# Java VM: Java HotSpot(TM) Client VM (25.91-b15 mixed mode, sharing windows-x86 )
# Problematic frame:
# C  [QtCore4.dll+0x111523]
#
# Failed to write core dump. Minidumps are not enabled by default on client versions of Windows
#
# If you would like to submit a bug report, please visit:
#   http://bugreport.java.com/bugreport/crash.jsp
# The crash happened outside the Java Virtual Machine in native code.
# See problematic frame for where to report the bug.
#

---------------  T H R E A D  ---------------

Current thread (0x02344400):  JavaThread "Finalizer" daemon [_thread_in_native, id=12836, stack(0x145d0000,0x14620000)]

siginfo: ExceptionCode=0xc0000005, reading address 0x00000018

Registers:
EAX=0x00000000, EBX=0x162c17e8, ECX=0x162afb98, EDX=0x00000000
ESP=0x1461efb4, EBP=0x1461f068, ESI=0x545577b0, EDI=0x162afb98
EIP=0x54ae1523, EFLAGS=0x00010202

Top of Stack: (sp=0x1461efb4)
0x1461efb4:   54ad3042 162bc320 162c17e8 5434dc07
0x1461efc4:   162afb98 b46bf28f 162bbe60 162c17e8
0x1461efd4:   1461f068 16294f40 162c17e8 1461f05c
0x1461efe4:   5452bf4e 00000002 5434dcd8 54c3a7b4
0x1461eff4:   53fe60f6 00000001 b46bed2b 0000000e
0x1461f004:   162bbe60 00000001 54c3a7b4 00000001
0x1461f014:   54c3a7c8 54c3a7c8 1461f04c 778cc54a
0x1461f024:   006e0000 162bf860 162bc000 16289678 

Instructions: (pc=0x54ae1523)
0x54ae1503:   07 5f 5d c3 c7 07 ff ff ff ff 5e 5b 5f 5d c3 cc
0x54ae1513:   cc cc cc cc cc cc cc cc cc cc cc cc cc 8b 41 04
0x54ae1523:   8b 48 18 b8 dc d0 bb 54 85 c9 0f 45 c1 c3 cc cc
0x54ae1533:   cc cc cc cc cc cc cc cc cc cc cc cc cc 51 57 8b 


Register to memory mapping:

EAX=0x00000000 is an unknown value
EBX=0x162c17e8 is an unknown value
ECX=0x162afb98 is an unknown value
EDX=0x00000000 is an unknown value
ESP=0x1461efb4 is pointing into the stack for thread: 0x02344400
EBP=0x1461f068 is pointing into the stack for thread: 0x02344400
ESI=0x545577b0 is an unknown value
EDI=0x162afb98 is an unknown value


Stack: [0x145d0000,0x14620000],  sp=0x1461efb4,  free space=315k
Native frames: (J=compiled Java code, j=interpreted, Vv=VM code, C=native code)
C  [QtCore4.dll+0x111523]
C  [QtGui4.dll+0x3bbb93]
C  [com_trolltech_qt_gui.dll+0x184e04]

Java frames: (J=compiled Java code, j=interpreted, Vv=VM code)
J 262  com.trolltech.qt.internal.QtJambiObject.finalize()V (0 bytes) @ 0x024c81cf [0x024c8190+0x3f]
J 235 C1 java.lang.ref.Finalizer.runFinalizer(Lsun/misc/JavaLangAccess;)V (62 bytes) @ 0x024c1c40 [0x024c1aa0+0x1a0]
J 234 C1 java.lang.ref.Finalizer.access$100(Ljava/lang/ref/Finalizer;Lsun/misc/JavaLangAccess;)V (6 bytes) @ 0x024c1894 [0x024c1880+0x14]
j  java.lang.ref.Finalizer$FinalizerThread.run()V+45
v  ~StubRoutines::call_stub

---------------  P R O C E S S  ---------------

Java Threads: ( => current thread )
  0x022bc400 JavaThread "DestroyJavaVM" [_thread_blocked, id=1060, stack(0x02190000,0x021e0000)]
  0x0236b800 JavaThread "Thread-2" daemon [_thread_in_native, id=7208, stack(0x164b0000,0x16500000)]
  0x02375c00 JavaThread "Service Thread" daemon [_thread_blocked, id=5640, stack(0x15390000,0x153e0000)]
  0x02350400 JavaThread "C1 CompilerThread0" daemon [_thread_blocked, id=13228, stack(0x15300000,0x15350000)]
  0x0234f400 JavaThread "Attach Listener" daemon [_thread_blocked, id=11840, stack(0x15270000,0x152c0000)]
  0x0234d800 JavaThread "Signal Dispatcher" daemon [_thread_blocked, id=12640, stack(0x14750000,0x147a0000)]
=>0x02344400 JavaThread "Finalizer" daemon [_thread_in_native, id=12836, stack(0x145d0000,0x14620000)]
  0x022e7400 JavaThread "Reference Handler" daemon [_thread_blocked, id=13060, stack(0x14540000,0x14590000)]

Other Threads:
  0x022e3800 VMThread [stack: 0x144f0000,0x14540000] [id=8956]
  0x0238b800 WatcherThread [stack: 0x159b0000,0x15a00000] [id=3092]

VM state:not at safepoint (normal execution)

VM Mutex/Monitor currently owned by a thread: None

Heap:
 def new generation   total 4992K, used 45K [0x04400000, 0x04960000, 0x09950000)
  eden space 4480K,   1% used [0x04400000, 0x0440b508, 0x04860000)
  from space 512K,   0% used [0x04860000, 0x04860000, 0x048e0000)
  to   space 512K,   0% used [0x048e0000, 0x048e0000, 0x04960000)
 tenured generation   total 10944K, used 1557K [0x09950000, 0x0a400000, 0x14400000)
   the space 10944K,  14% used [0x09950000, 0x09ad5680, 0x09ad5800, 0x0a400000)
 Metaspace       used 3462K, capacity 4804K, committed 4864K, reserved 5504K

Card table byte_map: [0x14400000,0x14490000] byte_map_base: 0x143de000

Polling page: 0x00b60000

CodeCache: size=32768Kb used=1062Kb max_used=1062Kb free=31705Kb
 bounds [0x023c0000, 0x024d0000, 0x043c0000]
 total_blobs=442 nmethods=263 adapters=110
 compilation: enabled

Compilation events (10 events):
Event: 119.338 Thread 0x02350400  258   !         com.trolltech.qt.internal.fileengine.QJarEntryEngine::read (168 bytes)
Event: 119.339 Thread 0x02350400 nmethod 258 0x024c60c8 code [0x024c6210, 0x024c65a0]
Event: 119.339 Thread 0x02350400  259             com.trolltech.qt.QNativePointer::verifyAccess (212 bytes)
Event: 119.340 Thread 0x02350400 nmethod 259 0x024c6888 code [0x024c6af0, 0x024c7514]
Event: 119.340 Thread 0x02350400  260             com.trolltech.qt.QNativePointer::setByteAt (18 bytes)
Event: 119.340 Thread 0x02350400 nmethod 260 0x024c7e08 code [0x024c7f10, 0x024c7fe8]
Event: 124.042 Thread 0x02350400  261   !         java.lang.ref.ReferenceQueue::poll (28 bytes)
Event: 124.043 Thread 0x02350400 nmethod 261 0x024c8308 code [0x024c8410, 0x024c863c]
Event: 124.124 Thread 0x02350400  263             java.lang.reflect.Field::getName (5 bytes)
Event: 124.124 Thread 0x02350400 nmethod 263 0x024c9688 code [0x024c9780, 0x024c9800]

GC Heap History (10 events):
Event: 0.434 GC heap before
{Heap before GC invocations=1 (full 0):
 def new generation   total 4928K, used 4928K [0x04400000, 0x04950000, 0x09950000)
  eden space 4416K, 100% used [0x04400000, 0x04850000, 0x04850000)
  from space 512K, 100% used [0x048d0000, 0x04950000, 0x04950000)
  to   space 512K,   0% used [0x04850000, 0x04850000, 0x048d0000)
 tenured generation   total 10944K, used 855K [0x09950000, 0x0a400000, 0x14400000)
   the space 10944K,   7% used [0x09950000, 0x09a25c78, 0x09a25e00, 0x0a400000)
 Metaspace       used 2481K, capacity 3938K, committed 4032K, reserved 4480K
Event: 0.438 GC heap after
Heap after GC invocations=2 (full 0):
 def new generation   total 4928K, used 512K [0x04400000, 0x04950000, 0x09950000)
  eden space 4416K,   0% used [0x04400000, 0x04400000, 0x04850000)
  from space 512K, 100% used [0x04850000, 0x048d0000, 0x048d0000)
  to   space 512K,   0% used [0x048d0000, 0x048d0000, 0x04950000)
 tenured generation   total 10944K, used 1739K [0x09950000, 0x0a400000, 0x14400000)
   the space 10944K,  15% used [0x09950000, 0x09b02d40, 0x09b02e00, 0x0a400000)
 Metaspace       used 2481K, capacity 3938K, committed 4032K, reserved 4480K
}
Event: 0.535 GC heap before
{Heap before GC invocations=2 (full 0):
 def new generation   total 4928K, used 4928K [0x04400000, 0x04950000, 0x09950000)
  eden space 4416K, 100% used [0x04400000, 0x04850000, 0x04850000)
  from space 512K, 100% used [0x04850000, 0x048d0000, 0x048d0000)
  to   space 512K,   0% used [0x048d0000, 0x048d0000, 0x04950000)
 tenured generation   total 10944K, used 1739K [0x09950000, 0x0a400000, 0x14400000)
   the space 10944K,  15% used [0x09950000, 0x09b02d40, 0x09b02e00, 0x0a400000)
 Metaspace       used 2840K, capacity 4290K, committed 4416K, reserved 4480K
Event: 0.537 GC heap after
Heap after GC invocations=3 (full 0):
 def new generation   total 4928K, used 512K [0x04400000, 0x04950000, 0x09950000)
  eden space 4416K,   0% used [0x04400000, 0x04400000, 0x04850000)
  from space 512K, 100% used [0x048d0000, 0x04950000, 0x04950000)
  to   space 512K,   0% used [0x04850000, 0x04850000, 0x048d0000)
 tenured generation   total 10944K, used 2004K [0x09950000, 0x0a400000, 0x14400000)
   the space 10944K,  18% used [0x09950000, 0x09b45398, 0x09b45400, 0x0a400000)
 Metaspace       used 2840K, capacity 4290K, committed 4416K, reserved 4480K
}
Event: 39.216 GC heap before
{Heap before GC invocations=3 (full 0):
 def new generation   total 4928K, used 4928K [0x04400000, 0x04950000, 0x09950000)
  eden space 4416K, 100% used [0x04400000, 0x04850000, 0x04850000)
  from space 512K, 100% used [0x048d0000, 0x04950000, 0x04950000)
  to   space 512K,   0% used [0x04850000, 0x04850000, 0x048d0000)
 tenured generation   total 10944K, used 2004K [0x09950000, 0x0a400000, 0x14400000)
   the space 10944K,  18% used [0x09950000, 0x09b45398, 0x09b45400, 0x0a400000)
 Metaspace       used 3312K, capacity 4679K, committed 4736K, reserved 5504K
Event: 39.219 GC heap after
Heap after GC invocations=4 (full 0):
 def new generation   total 4928K, used 512K [0x04400000, 0x04950000, 0x09950000)
  eden space 4416K,   0% used [0x04400000, 0x04400000, 0x04850000)
  from space 512K, 100% used [0x04850000, 0x048d0000, 0x048d0000)
  to   space 512K,   0% used [0x048d0000, 0x048d0000, 0x04950000)
 tenured generation   total 10944K, used 2683K [0x09950000, 0x0a400000, 0x14400000)
   the space 10944K,  24% used [0x09950000, 0x09beeed0, 0x09bef000, 0x0a400000)
 Metaspace       used 3312K, capacity 4679K, committed 4736K, reserved 5504K
}
Event: 124.031 GC heap before
{Heap before GC invocations=4 (full 0):
 def new generation   total 4928K, used 1353K [0x04400000, 0x04950000, 0x09950000)
  eden space 4416K,  19% used [0x04400000, 0x044d2520, 0x04850000)
  from space 512K, 100% used [0x04850000, 0x048d0000, 0x048d0000)
  to   space 512K,   0% used [0x048d0000, 0x048d0000, 0x04950000)
 tenured generation   total 10944K, used 2683K [0x09950000, 0x0a400000, 0x14400000)
   the space 10944K,  24% used [0x09950000, 0x09beeed0, 0x09bef000, 0x0a400000)
 Metaspace       used 3418K, capacity 4775K, committed 4864K, reserved 5504K
Event: 124.039 GC heap after
Heap after GC invocations=5 (full 1):
 def new generation   total 4992K, used 0K [0x04400000, 0x04960000, 0x09950000)
  eden space 4480K,   0% used [0x04400000, 0x04400000, 0x04860000)
  from space 512K,   0% used [0x04860000, 0x04860000, 0x048e0000)
  to   space 512K,   0% used [0x048e0000, 0x048e0000, 0x04960000)
 tenured generation   total 10944K, used 2633K [0x09950000, 0x0a400000, 0x14400000)
   the space 10944K,  24% used [0x09950000, 0x09be2790, 0x09be2800, 0x0a400000)
 Metaspace       used 3418K, capacity 4775K, committed 4864K, reserved 5504K
}
Event: 124.127 GC heap before
{Heap before GC invocations=5 (full 1):
 def new generation   total 4992K, used 268K [0x04400000, 0x04960000, 0x09950000)
  eden space 4480K,   5% used [0x04400000, 0x04443198, 0x04860000)
  from space 512K,   0% used [0x04860000, 0x04860000, 0x048e0000)
  to   space 512K,   0% used [0x048e0000, 0x048e0000, 0x04960000)
 tenured generation   total 10944K, used 2633K [0x09950000, 0x0a400000, 0x14400000)
   the space 10944K,  24% used [0x09950000, 0x09be2790, 0x09be2800, 0x0a400000)
 Metaspace       used 3463K, capacity 4807K, committed 4864K, reserved 5504K
Event: 124.136 GC heap after
Heap after GC invocations=6 (full 2):
 def new generation   total 4992K, used 0K [0x04400000, 0x04960000, 0x09950000)
  eden space 4480K,   0% used [0x04400000, 0x04400000, 0x04860000)
  from space 512K,   0% used [0x04860000, 0x04860000, 0x048e0000)
  to   space 512K,   0% used [0x048e0000, 0x048e0000, 0x04960000)
 tenured generation   total 10944K, used 1581K [0x09950000, 0x0a400000, 0x14400000)
   the space 10944K,  14% used [0x09950000, 0x09adb578, 0x09adb600, 0x0a400000)
 Metaspace       used 3461K, capacity 4804K, committed 4864K, reserved 5504K
}

Deoptimization events (0 events):
No events

Internal exceptions (10 events):
Event: 0.029 Thread 0x022bc400 Exception <a 'java/lang/NoSuchMethodError': Method sun.misc.Unsafe.defineClass(Ljava/lang/String;[BII)Ljava/lang/Class; name or signature does not match> (0x044079d8) thrown at [C:\re\workspace\8-2-build-windows-i586-cygwin\jdk8u91\7017\hotspot\src\share\vìY√ìˆıù?
Event: 0.029 Thread 0x022bc400 Exception <a 'java/lang/NoSuchMethodError': Method sun.misc.Unsafe.prefetchRead(Ljava/lang/Object;J)V name or signature does not match> (0x04407ca8) thrown at [C:\re\workspace\8-2-build-windows-i586-cygwin\jdk8u91\7017\hotspot\src\share\vm\prims\jni.cpp, l(/ƒTë‰ø?
Event: 0.125 Thread 0x022bc400 Exception <a 'java/security/PrivilegedActionException'> (0x045a2c68) thrown at [C:\re\workspace\8-2-build-windows-i586-cygwin\jdk8u91\7017\hotspot\src\share\vm\prims\jvm.cpp, line 1386]
Event: 0.125 Thread 0x022bc400 Exception <a 'java/security/PrivilegedActionException'> (0x045a2e68) thrown at [C:\re\workspace\8-2-build-windows-i586-cygwin\jdk8u91\7017\hotspot\src\share\vm\prims\jvm.cpp, line 1386]
Event: 0.125 Thread 0x022bc400 Exception <a 'java/security/PrivilegedActionException'> (0x045a6ef0) thrown at [C:\re\workspace\8-2-build-windows-i586-cygwin\jdk8u91\7017\hotspot\src\share\vm\prims\jvm.cpp, line 1386]
Event: 0.125 Thread 0x022bc400 Exception <a 'java/security/PrivilegedActionException'> (0x045a70f0) thrown at [C:\re\workspace\8-2-build-windows-i586-cygwin\jdk8u91\7017\hotspot\src\share\vm\prims\jvm.cpp, line 1386]
Event: 0.260 Thread 0x022bc400 Exception <a 'java/lang/ArrayIndexOutOfBoundsException': 18> (0x04837b70) thrown at [C:\re\workspace\8-2-build-windows-i586-cygwin\jdk8u91\7017\hotspot\src\share\vm\interpreter\interpreterRuntime.cpp, line 366]
Event: 0.261 Thread 0x022bc400 Exception <a 'java/lang/ArrayIndexOutOfBoundsException': 70> (0x04838898) thrown at [C:\re\workspace\8-2-build-windows-i586-cygwin\jdk8u91\7017\hotspot\src\share\vm\interpreter\interpreterRuntime.cpp, line 366]
Event: 0.262 Thread 0x022bc400 Exception <a 'java/lang/ArrayIndexOutOfBoundsException': 90> (0x04842b08) thrown at [C:\re\workspace\8-2-build-windows-i586-cygwin\jdk8u91\7017\hotspot\src\share\vm\interpreter\interpreterRuntime.cpp, line 366]
Event: 0.595 Thread 0x022bc400 Exception <a 'java/lang/ArrayIndexOutOfBoundsException'> (0x047447c0) thrown at [C:\re\workspace\8-2-build-windows-i586-cygwin\jdk8u91\7017\hotspot\src\share\vm\runtime\sharedRuntime.cpp, line 605]

Events (10 events):
Event: 124.120 loading class sun/reflect/UnsafeIntegerFieldAccessorImpl
Event: 124.120 loading class sun/reflect/UnsafeIntegerFieldAccessorImpl done
Event: 124.120 loading class sun/reflect/UnsafeStaticObjectFieldAccessorImpl
Event: 124.120 loading class sun/reflect/UnsafeStaticObjectFieldAccessorImpl done
Event: 124.124 loading class com/trolltech/qt/gui/QBrush
Event: 124.124 loading class com/trolltech/qt/gui/QBrush done
Event: 124.127 Executing VM operation: GenCollectFull
Event: 124.136 Executing VM operation: GenCollectFull done
Event: 124.136 Thread 0x0237f800 Thread added: 0x0237f800
Event: 124.136 Thread 0x0237f800 Thread exited: 0x0237f800


Dynamic libraries:
0x00290000 - 0x002c3000 	C:\Program Files (x86)\Java\jdk1.8.0_91\bin\java.exe
0x77850000 - 0x779c9000 	C:\WINDOWS\SYSTEM32\ntdll.dll
0x74be0000 - 0x74cd0000 	C:\WINDOWS\SYSTEM32\KERNEL32.DLL
0x75ea0000 - 0x76016000 	C:\WINDOWS\SYSTEM32\KERNELBASE.dll
0x710e0000 - 0x71171000 	C:\WINDOWS\system32\apphelp.dll
0x75600000 - 0x7567b000 	C:\WINDOWS\SYSTEM32\ADVAPI32.dll
0x75a80000 - 0x75b3e000 	C:\WINDOWS\SYSTEM32\msvcrt.dll
0x76090000 - 0x760d3000 	C:\WINDOWS\SYSTEM32\sechost.dll
0x77720000 - 0x777cc000 	C:\WINDOWS\SYSTEM32\RPCRT4.dll
0x74960000 - 0x7497e000 	C:\WINDOWS\SYSTEM32\SspiCli.dll
0x74950000 - 0x7495a000 	C:\WINDOWS\SYSTEM32\CRYPTBASE.dll
0x748f0000 - 0x74949000 	C:\WINDOWS\SYSTEM32\bcryptPrimitives.dll
0x74fb0000 - 0x750f0000 	C:\WINDOWS\SYSTEM32\USER32.dll
0x75b40000 - 0x75c8d000 	C:\WINDOWS\SYSTEM32\GDI32.dll
0x6b430000 - 0x6b639000 	C:\WINDOWS\WinSxS\x86_microsoft.windows.common-controls_6595b64144ccf1df_6.0.10240.17184_none_3bcab1476bcee5ec\COMCTL32.dll
0x750f0000 - 0x7511b000 	C:\WINDOWS\SYSTEM32\IMM32.DLL
0x74d40000 - 0x74e60000 	C:\WINDOWS\SYSTEM32\MSCTF.dll
0x56d30000 - 0x56ded000 	C:\Program Files (x86)\Java\jdk1.8.0_91\jre\bin\msvcr100.dll
0x54c60000 - 0x5502a000 	C:\Program Files (x86)\Java\jdk1.8.0_91\jre\bin\client\jvm.dll
0x74fa0000 - 0x74fa6000 	C:\WINDOWS\SYSTEM32\PSAPI.DLL
0x71f50000 - 0x71f58000 	C:\WINDOWS\SYSTEM32\WSOCK32.dll
0x71c20000 - 0x71c44000 	C:\WINDOWS\SYSTEM32\WINMM.dll
0x748b0000 - 0x748b8000 	C:\WINDOWS\SYSTEM32\VERSION.dll
0x74980000 - 0x749db000 	C:\WINDOWS\SYSTEM32\WS2_32.dll
0x74cd0000 - 0x74cd7000 	C:\WINDOWS\SYSTEM32\NSI.dll
0x02120000 - 0x02143000 	C:\WINDOWS\SYSTEM32\WINMMBASE.dll
0x77680000 - 0x776b6000 	C:\WINDOWS\SYSTEM32\cfgmgr32.dll
0x71bc0000 - 0x71be1000 	C:\WINDOWS\SYSTEM32\DEVOBJ.dll
0x63090000 - 0x6309c000 	C:\Program Files (x86)\Java\jdk1.8.0_91\jre\bin\verify.dll
0x56d00000 - 0x56d21000 	C:\Program Files (x86)\Java\jdk1.8.0_91\jre\bin\java.dll
0x57cc0000 - 0x57cd3000 	C:\Program Files (x86)\Java\jdk1.8.0_91\jre\bin\zip.dll
0x761d0000 - 0x7758f000 	C:\WINDOWS\SYSTEM32\SHELL32.dll
0x75120000 - 0x755fc000 	C:\WINDOWS\SYSTEM32\windows.storage.dll
0x75740000 - 0x758fa000 	C:\WINDOWS\SYSTEM32\combase.dll
0x777e0000 - 0x77824000 	C:\WINDOWS\SYSTEM32\shlwapi.dll
0x777d0000 - 0x777dc000 	C:\WINDOWS\SYSTEM32\kernel.appcore.dll
0x75c90000 - 0x75d1d000 	C:\WINDOWS\SYSTEM32\shcore.dll
0x76040000 - 0x76084000 	C:\WINDOWS\SYSTEM32\powrprof.dll
0x76030000 - 0x7603f000 	C:\WINDOWS\SYSTEM32\profapi.dll
0x549d0000 - 0x54c52000 	C:\Users\hp\AppData\Local\Temp\QtJambi_hp_x86_4.8.6_msvc2012-20150122-2344\lib\QtCore4.dll
0x760e0000 - 0x761ca000 	C:\WINDOWS\SYSTEM32\ole32.dll
0x63100000 - 0x631d6000 	C:\WINDOWS\SYSTEM32\MSVCR110.dll
0x54940000 - 0x549c5000 	C:\WINDOWS\SYSTEM32\MSVCP110.dll
0x54900000 - 0x54936000 	C:\Users\hp\AppData\Local\Temp\QtJambi_hp_x86_4.8.6_msvc2012-20150122-2344\lib\qtjambi.dll
0x547f0000 - 0x548f3000 	C:\Users\hp\AppData\Local\Temp\QtJambi_hp_x86_4.8.6_msvc2012-20150122-2344\lib\com_trolltech_qt_core.dll
0x53f90000 - 0x547e7000 	C:\Users\hp\AppData\Local\Temp\QtJambi_hp_x86_4.8.6_msvc2012-20150122-2344\lib\QtGui4.dll
0x75680000 - 0x7573e000 	C:\WINDOWS\SYSTEM32\COMDLG32.dll
0x74f00000 - 0x74f95000 	C:\WINDOWS\SYSTEM32\OLEAUT32.dll
0x5df40000 - 0x5dfa7000 	C:\WINDOWS\SYSTEM32\WINSPOOL.DRV
0x71fc0000 - 0x71fdb000 	C:\WINDOWS\SYSTEM32\bcrypt.dll
0x539f0000 - 0x53f90000 	C:\Users\hp\AppData\Local\Temp\QtJambi_hp_x86_4.8.6_msvc2012-20150122-2344\lib\com_trolltech_qt_gui.dll
0x72000000 - 0x72075000 	C:\WINDOWS\system32\uxtheme.dll
0x71d60000 - 0x71d7d000 	C:\WINDOWS\system32\dwmapi.dll
0x71fe0000 - 0x71ff3000 	C:\WINDOWS\SYSTEM32\cryptsp.dll
0x71f90000 - 0x71fbf000 	C:\WINDOWS\system32\rsaenh.dll
0x77590000 - 0x77612000 	C:\WINDOWS\SYSTEM32\clbcatq.dll
0x748c0000 - 0x748d9000 	C:\WINDOWS\system32\USERENV.dll
0x630f0000 - 0x630fa000 	C:\Users\hp\AppData\Local\Temp\QtJambi_hp_x86_4.8.6_msvc2012-20150122-2344\plugins\imageformats\qgif4.dll
0x630e0000 - 0x630ec000 	C:\Users\hp\AppData\Local\Temp\QtJambi_hp_x86_4.8.6_msvc2012-20150122-2344\plugins\imageformats\qico4.dll
0x539b0000 - 0x539ed000 	C:\Users\hp\AppData\Local\Temp\QtJambi_hp_x86_4.8.6_msvc2012-20150122-2344\plugins\imageformats\qjpeg4.dll
0x53970000 - 0x539aa000 	C:\Users\hp\AppData\Local\Temp\QtJambi_hp_x86_4.8.6_msvc2012-20150122-2344\plugins\imageformats\qmng4.dll
0x53920000 - 0x5396a000 	C:\Users\hp\AppData\Local\Temp\QtJambi_hp_x86_4.8.6_msvc2012-20150122-2344\plugins\imageformats\qtiff4.dll
0x71c50000 - 0x71ce2000 	C:\WINDOWS\WinSxS\x86_microsoft.windows.common-controls_6595b64144ccf1df_5.82.10240.16384_none_49c02355cf03478c\comctl32.dll
0x6b6f0000 - 0x6b832000 	C:\WINDOWS\system32\propsys.dll
0x50580000 - 0x506e7000 	C:\WINDOWS\system32\DUI70.dll
0x507f0000 - 0x5086a000 	C:\WINDOWS\system32\DUser.dll
0x71d80000 - 0x71ef1000 	C:\WINDOWS\SYSTEM32\WindowsCodecs.dll
0x71cf0000 - 0x71d1d000 	C:\WINDOWS\system32\xmllite.dll
0x51450000 - 0x51478000 	C:\WINDOWS\SYSTEM32\edputil.dll
0x73e10000 - 0x740d6000 	C:\WINDOWS\SYSTEM32\iertutil.dll
0x6bb90000 - 0x6bc55000 	C:\WINDOWS\SYSTEM32\wintypes.dll
0x51420000 - 0x5144f000 	C:\WINDOWS\SYSTEM32\policymanager.dll
0x513b0000 - 0x51415000 	C:\WINDOWS\SYSTEM32\msvcp110_win.dll
0x69640000 - 0x69693000 	C:\WINDOWS\system32\OLEACC.dll
0x69850000 - 0x69964000 	C:\Windows\SYSTEM32\uiautomationcore.dll
0x697d0000 - 0x69850000 	C:\WINDOWS\SYSTEM32\sxs.dll
0x5d4c0000 - 0x5d4cd000 	C:\WINDOWS\SYSTEM32\atlthunk.dll
0x50500000 - 0x5057f000 	C:\WINDOWS\System32\StructuredQuery.dll
0x50240000 - 0x502e2000 	C:\WINDOWS\system32\Windows.Storage.Search.dll
0x74ce0000 - 0x74d38000 	C:\WINDOWS\SYSTEM32\coml2.dll
0x5c530000 - 0x5c53b000 	C:\WINDOWS\SYSTEM32\LINKINFO.dll
0x70cb0000 - 0x70cc7000 	C:\WINDOWS\SYSTEM32\MPR.dll
0x51390000 - 0x51399000 	C:\WINDOWS\System32\drprov.dll
0x74860000 - 0x748a4000 	C:\WINDOWS\System32\WINSTA.dll
0x507d0000 - 0x507e2000 	C:\WINDOWS\System32\ntlanman.dll
0x507b0000 - 0x507ca000 	C:\WINDOWS\System32\davclnt.dll
0x51380000 - 0x5138b000 	C:\WINDOWS\System32\DAVHLPR.dll
0x6b080000 - 0x6b090000 	C:\WINDOWS\System32\wkscli.dll
0x57d20000 - 0x57d2f000 	C:\WINDOWS\SYSTEM32\cscapi.dll
0x6b640000 - 0x6b64a000 	C:\WINDOWS\System32\netutils.dll
0x56ea0000 - 0x56f68000 	C:\WINDOWS\SYSTEM32\ntshrui.dll
0x6b650000 - 0x6b66c000 	C:\WINDOWS\SYSTEM32\srvcli.dll
0x77e50000 - 0x77ffb000 	C:\Users\hp\AppData\Local\Microsoft\OneDrive\17.3.6517.0809\FileSyncShell.dll
0x71060000 - 0x710d1000 	C:\Users\hp\AppData\Local\Microsoft\OneDrive\17.3.6517.0809\MSVCP120.dll
0x70a20000 - 0x70b0e000 	C:\Users\hp\AppData\Local\Microsoft\OneDrive\17.3.6517.0809\MSVCR120.dll
0x74430000 - 0x746bd000 	C:\WINDOWS\SYSTEM32\WININET.dll
0x71f00000 - 0x71f4f000 	C:\Users\hp\AppData\Local\Microsoft\OneDrive\17.3.6517.0809\Telemetry.dll
0x71f60000 - 0x71f80000 	C:\Users\hp\AppData\Local\Microsoft\OneDrive\17.3.6517.0809\LoggingPlatform.DLL
0x74760000 - 0x74808000 	C:\WINDOWS\SYSTEM32\WINHTTP.dll
0x70950000 - 0x70972000 	C:\WINDOWS\SYSTEM32\Cabinet.dll
0x70b10000 - 0x70c65000 	C:\Users\hp\AppData\Local\Microsoft\OneDrive\17.3.6517.0809\ClientTelemetry.dll
0x74730000 - 0x74760000 	C:\WINDOWS\SYSTEM32\IPHLPAPI.DLL
0x74720000 - 0x74728000 	C:\WINDOWS\SYSTEM32\WINNSI.DLL
0x77ca0000 - 0x77e47000 	C:\PROGRA~2\MICROS~1\Office15\GROOVEEX.DLL
0x56c60000 - 0x56cc9000 	C:\WINDOWS\SYSTEM32\MSVCP100.dll
0x50070000 - 0x50096000 	C:\WINDOWS\SYSTEM32\ATL100.DLL
0x6b0a0000 - 0x6b429000 	C:\WINDOWS\SYSTEM32\msi.dll
0x1a8d0000 - 0x1b145000 	C:\PROGRA~2\MICROS~1\Office15\1033\GrooveIntlResource.dll
0x513a0000 - 0x513a8000 	C:\WINDOWS\system32\IconCodecService.dll
0x740e0000 - 0x74241000 	C:\WINDOWS\SYSTEM32\urlmon.dll
0x6af40000 - 0x6b07f000 	C:\WINDOWS\SYSTEM32\dbghelp.dll

VM Arguments:
jvm_args: -Dfile.encoding=UTF-8 
java_command: secured_pass.Application
java_class_path (initial): C:\qtjambi-4.8.6\qtjambi-4.8.6.jar;C:\qtjambi-4.8.6\qtjambi-designer-4.8.6.jar;C:\qtjambi-4.8.6\qtjambi-examples-4.8.6.jar;C:\qtjambi-4.8.6\qtjambi-examples-src-4.8.6.jar;C:\qtjambi-4.8.6\qtjambi-native-win32-msvc2012-4.8.6.jar;C:\java jar\jdbc-api-1.4.jar;C:\Program Files (x86)\Java\jdk1.8.0_91\db\lib\derbyclient.jar;C:\Users\hp\Documents\NetBeansProjects\Secured_Pass\build\classes
Launcher Type: SUN_STANDARD

Environment Variables:
JAVA_HOME=C:\Program Files (x86)\Java\jdk1.8.0_91
PATH=C:\ProgramData\Oracle\Java\javapath;C:\Program Files\Broadcom\Broadcom 802.11;C:\Program Files (x86)\NVIDIA Corporation\PhysX\Common;C:\Program Files (x86)\Intel\iCLS Client\;C:\Program Files\Intel\iCLS Client\;C:\WINDOWS\system32;C:\WINDOWS;C:\WINDOWS\System32\Wbem;C:\WINDOWS\System32\WindowsPowerShell\v1.0\;C:\Program Files\Hewlett-Packard\SimplePass\;C:\Program Files\Intel\Intel(R) Management Engine Components\DAL;C:\Program Files\Intel\Intel(R) Management Engine Components\IPT;C:\Program Files (x86)\Intel\Intel(R) Management Engine Components\DAL;C:\Program Files (x86)\Intel\Intel(R) Management Engine Components\IPT;C:\Program Files\Microsoft\Web Platform Installer\;C:\Program Files (x86)\Microsoft ASP.NET\ASP.NET Web Pages\v1.0\;C:\Program Files (x86)\Windows Kits\8.0\Windows Performance Toolkit\;C:\Program Files\Microsoft SQL Server\110\Tools\Binn\;c:\Program Files (x86)\Microsoft SQL Server\100\Tools\Binn\VSShell\Common7\IDE\;c:\Program Files (x86)\Microsoft SQL Server\100\Tools\Binn\;c:\Program Files\Microsoft SQL Server\100\Tools\Binn\;c:\Program Files (x86)\Microsoft SQL Server\100\DTS\Binn\;c:\Program Files\Microsoft SQL Server\100\DTS\Binn\;C:\Program Files (x86)\Common Files\lenovo\easyplussdk\bin;C:\Program Files\Git\cmd;C:\MinGW\bin;C:\msys\1.0\bin;C:\Qt\4.8.6\bin;C:\qtjambi-4.8.6\bin
USERNAME=hp
OS=Windows_NT
PROCESSOR_IDENTIFIER=Intel64 Family 6 Model 69 Stepping 1, GenuineIntel



---------------  S Y S T E M  ---------------

OS: Windows 10.0 , 64 bit Build 10240 (10.0.10240.17113)

CPU:total 4 (2 cores per cpu, 2 threads per core) family 6 model 69 stepping 1, cmov, cx8, fxsr, mmx, sse, sse2, sse3, ssse3, sse4.1, sse4.2, popcnt, avx, avx2, aes, clmul, erms, lzcnt, ht, tsc, tscinvbit, bmi1, bmi2

Memory: 4k page, physical 4122776k(1431344k free), swap 8541220k(4656240k free)

vm_info: Java HotSpot(TM) Client VM (25.91-b15) for windows-x86 JRE (1.8.0_91-b15), built on May 20 2016 17:33:18 by "java_re" with MS VC++ 10.0 (VS2010)

time: Sun Nov 27 01:27:00 2016
elapsed time: 124 seconds (0d 0h 2m 4s)

