#
# A fatal error has been detected by the Java Runtime Environment:
#
#  EXCEPTION_ACCESS_VIOLATION (0xc0000005) at pc=0x56b81523, pid=5036, tid=10124
#
# JRE version: Java(TM) SE Runtime Environment (8.0_91-b15) (build 1.8.0_91-b15)
# Java VM: Java HotSpot(TM) Client VM (25.91-b15 mixed mode windows-x86 )
# Problematic frame:
# C  [QtCore4.dll+0x111523]
#
# Failed to write core dump. Minidumps are not enabled by default on client versions of Windows
#
# If you would like to submit a bug report, please visit:
#   http://bugreport.java.com/bugreport/crash.jsp
# The crash happened outside the Java Virtual Machine in native code.
# See problematic frame for where to report the bug.
#

---------------  T H R E A D  ---------------

Current thread (0x14d6a400):  JavaThread "Finalizer" daemon [_thread_in_native, id=10124, stack(0x14fe0000,0x15030000)]

siginfo: ExceptionCode=0xc0000005, reading address 0x00000018

Registers:
EAX=0x00000000, EBX=0x175b8710, ECX=0x169e7130, EDX=0x00000000
ESP=0x1502f084, EBP=0x1502f138, ESI=0x547177b0, EDI=0x169e7130
EIP=0x56b81523, EFLAGS=0x00010206

Top of Stack: (sp=0x1502f084)
0x1502f084:   56b73042 169e77b0 175b8710 5450dc07
0x1502f094:   169e7130 41ee4ee5 169e73b0 175b8710
0x1502f0a4:   1502f138 17579e70 175b8710 1502f12c
0x1502f0b4:   546ebf4e 00000002 5450dcd8 56cda7b4
0x1502f0c4:   541a60f6 00000001 41ee4f41 0000000e
0x1502f0d4:   169e73b0 00000001 56cda7b4 00000001
0x1502f0e4:   56cda7c8 56cda7c8 1502f11c 7731c54a
0x1502f0f4:   00c30000 17457d20 169e10f0 1757a3d0 

Instructions: (pc=0x56b81523)
0x56b81503:   07 5f 5d c3 c7 07 ff ff ff ff 5e 5b 5f 5d c3 cc
0x56b81513:   cc cc cc cc cc cc cc cc cc cc cc cc cc 8b 41 04
0x56b81523:   8b 48 18 b8 dc d0 c5 56 85 c9 0f 45 c1 c3 cc cc
0x56b81533:   cc cc cc cc cc cc cc cc cc cc cc cc cc 51 57 8b 


Register to memory mapping:

EAX=0x00000000 is an unknown value
EBX=0x175b8710 is an unknown value
ECX=0x169e7130 is an unknown value
EDX=0x00000000 is an unknown value
ESP=0x1502f084 is pointing into the stack for thread: 0x14d6a400
EBP=0x1502f138 is pointing into the stack for thread: 0x14d6a400
ESI=0x547177b0 is an unknown value
EDI=0x169e7130 is an unknown value


Stack: [0x14fe0000,0x15030000],  sp=0x1502f084,  free space=316k
Native frames: (J=compiled Java code, j=interpreted, Vv=VM code, C=native code)
C  [QtCore4.dll+0x111523]
C  [QtGui4.dll+0x3bbb93]
C  [com_trolltech_qt_gui.dll+0x184e04]

Java frames: (J=compiled Java code, j=interpreted, Vv=VM code)
j  com.trolltech.qt.internal.QtJambiObject.finalize()V+0
J 336 C1 java.lang.ref.Finalizer.runFinalizer(Lsun/misc/JavaLangAccess;)V (62 bytes) @ 0x02851a00 [0x02851860+0x1a0]
J 335 C1 java.lang.ref.Finalizer.access$100(Ljava/lang/ref/Finalizer;Lsun/misc/JavaLangAccess;)V (6 bytes) @ 0x028513d4 [0x028513c0+0x14]
j  java.lang.ref.Finalizer$FinalizerThread.run()V+45
v  ~StubRoutines::call_stub

---------------  P R O C E S S  ---------------

Java Threads: ( => current thread )
  0x14d8ec00 JavaThread "Service Thread" daemon [_thread_blocked, id=7592, stack(0x15300000,0x15350000)]
  0x14d8a000 JavaThread "C1 CompilerThread0" daemon [_thread_blocked, id=4840, stack(0x15270000,0x152c0000)]
  0x14d89000 JavaThread "Attach Listener" daemon [_thread_blocked, id=2056, stack(0x151e0000,0x15230000)]
=>0x14d6a400 JavaThread "Finalizer" daemon [_thread_in_native, id=10124, stack(0x14fe0000,0x15030000)]
  0x14d54800 JavaThread "Reference Handler" daemon [_thread_blocked, id=4524, stack(0x14f50000,0x14fa0000)]

Other Threads:
  0x0272d800 VMThread [stack: 0x047b0000,0x04800000] [id=8792]

VM state:at safepoint (normal execution)

VM Mutex/Monitor currently owned by a thread:  ([mutex/lock_event])
[0x0100b228] Threads_lock - owner thread: 0x0272d800
[0x0100bd78] Heap_lock - owner thread: 0x15568000

Heap:
 def new generation   total 4992K, used 45K [0x04800000, 0x04d60000, 0x09d50000)
  eden space 4480K,   1% used [0x04800000, 0x0480b4d0, 0x04c60000)
  from space 512K,   0% used [0x04c60000, 0x04c60000, 0x04ce0000)
  to   space 512K,   0% used [0x04ce0000, 0x04ce0000, 0x04d60000)
 tenured generation   total 10944K, used 2312K [0x09d50000, 0x0a800000, 0x14800000)
   the space 10944K,  21% used [0x09d50000, 0x09f921c0, 0x09f92200, 0x0a800000)
 Metaspace       used 8412K, capacity 8466K, committed 8576K, reserved 8576K

Card table byte_map: [0x14800000,0x14890000] byte_map_base: 0x147dc000

Polling page: 0x00c00000

CodeCache: size=32768Kb used=1174Kb max_used=1174Kb free=31593Kb
 bounds [0x02730000, 0x02858000, 0x04730000]
 total_blobs=553 nmethods=346 adapters=138
 compilation: enabled

Compilation events (10 events):
Event: 18.962 Thread 0x14d8a000  344             java.util.concurrent.ConcurrentHashMap::spread (10 bytes)
Event: 18.962 Thread 0x14d8a000 nmethod 344 0x02853c08 code [0x02853d00, 0x02853d80]
Event: 19.125 Thread 0x14d8a000  345   !         com.trolltech.qt.internal.fileengine.QJarEntryEngine::read (168 bytes)
Event: 19.127 Thread 0x14d8a000 nmethod 345 0x02853f08 code [0x02854050, 0x028543e0]
Event: 27.523 Thread 0x14d8a000  346             java.util.Objects::requireNonNull (14 bytes)
Event: 27.524 Thread 0x14d8a000 nmethod 346 0x028546c8 code [0x028547d0, 0x028548ac]
Event: 78.068 Thread 0x14d8a000  347             java.util.Vector::elementData (7 bytes)
Event: 78.068 Thread 0x14d8a000 nmethod 347 0x027fbe88 code [0x027fbf80, 0x027fc020]
Event: 78.068 Thread 0x14d8a000  348  s          java.util.Vector::elementAt (48 bytes)
Event: 78.068 Thread 0x14d8a000 nmethod 348 0x02854948 code [0x02854a90, 0x02854e8c]

GC Heap History (10 events):
Event: 5.990 GC heap before
{Heap before GC invocations=5 (full 0):
 def new generation   total 4928K, used 4928K [0x04800000, 0x04d50000, 0x09d50000)
  eden space 4416K, 100% used [0x04800000, 0x04c50000, 0x04c50000)
  from space 512K, 100% used [0x04cd0000, 0x04d50000, 0x04d50000)
  to   space 512K,   0% used [0x04c50000, 0x04c50000, 0x04cd0000)
 tenured generation   total 10944K, used 2528K [0x09d50000, 0x0a800000, 0x14800000)
   the space 10944K,  23% used [0x09d50000, 0x09fc8068, 0x09fc8200, 0x0a800000)
 Metaspace       used 7158K, capacity 7191K, committed 7296K, reserved 7552K
Event: 5.994 GC heap after
Heap after GC invocations=6 (full 0):
 def new generation   total 4928K, used 512K [0x04800000, 0x04d50000, 0x09d50000)
  eden space 4416K,   0% used [0x04800000, 0x04800000, 0x04c50000)
  from space 512K, 100% used [0x04c50000, 0x04cd0000, 0x04cd0000)
  to   space 512K,   0% used [0x04cd0000, 0x04cd0000, 0x04d50000)
 tenured generation   total 10944K, used 3633K [0x09d50000, 0x0a800000, 0x14800000)
   the space 10944K,  33% used [0x09d50000, 0x0a0dc428, 0x0a0dc600, 0x0a800000)
 Metaspace       used 7158K, capacity 7191K, committed 7296K, reserved 7552K
}
Event: 18.728 GC heap before
{Heap before GC invocations=6 (full 0):
 def new generation   total 4928K, used 4928K [0x04800000, 0x04d50000, 0x09d50000)
  eden space 4416K, 100% used [0x04800000, 0x04c50000, 0x04c50000)
  from space 512K, 100% used [0x04c50000, 0x04cd0000, 0x04cd0000)
  to   space 512K,   0% used [0x04cd0000, 0x04cd0000, 0x04d50000)
 tenured generation   total 10944K, used 3633K [0x09d50000, 0x0a800000, 0x14800000)
   the space 10944K,  33% used [0x09d50000, 0x0a0dc428, 0x0a0dc600, 0x0a800000)
 Metaspace       used 8042K, capacity 8087K, committed 8192K, reserved 8576K
Event: 18.732 GC heap after
Heap after GC invocations=7 (full 0):
 def new generation   total 4928K, used 512K [0x04800000, 0x04d50000, 0x09d50000)
  eden space 4416K,   0% used [0x04800000, 0x04800000, 0x04c50000)
  from space 512K, 100% used [0x04cd0000, 0x04d50000, 0x04d50000)
  to   space 512K,   0% used [0x04c50000, 0x04c50000, 0x04cd0000)
 tenured generation   total 10944K, used 4433K [0x09d50000, 0x0a800000, 0x14800000)
   the space 10944K,  40% used [0x09d50000, 0x0a1a4798, 0x0a1a4800, 0x0a800000)
 Metaspace       used 8042K, capacity 8087K, committed 8192K, reserved 8576K
}
Event: 78.084 GC heap before
{Heap before GC invocations=7 (full 0):
 def new generation   total 4928K, used 4467K [0x04800000, 0x04d50000, 0x09d50000)
  eden space 4416K,  89% used [0x04800000, 0x04bdce90, 0x04c50000)
  from space 512K, 100% used [0x04cd0000, 0x04d50000, 0x04d50000)
  to   space 512K,   0% used [0x04c50000, 0x04c50000, 0x04cd0000)
 tenured generation   total 10944K, used 4433K [0x09d50000, 0x0a800000, 0x14800000)
   the space 10944K,  40% used [0x09d50000, 0x0a1a4798, 0x0a1a4800, 0x0a800000)
 Metaspace       used 8373K, capacity 8407K, committed 8448K, reserved 8576K
Event: 78.109 GC heap after
Heap after GC invocations=8 (full 1):
 def new generation   total 4992K, used 0K [0x04800000, 0x04d60000, 0x09d50000)
  eden space 4480K,   0% used [0x04800000, 0x04800000, 0x04c60000)
  from space 512K,   0% used [0x04c60000, 0x04c60000, 0x04ce0000)
  to   space 512K,   0% used [0x04ce0000, 0x04ce0000, 0x04d60000)
 tenured generation   total 10944K, used 3752K [0x09d50000, 0x0a800000, 0x14800000)
   the space 10944K,  34% used [0x09d50000, 0x0a0fa340, 0x0a0fa400, 0x0a800000)
 Metaspace       used 8373K, capacity 8407K, committed 8448K, reserved 8576K
}
Event: 78.138 GC heap before
{Heap before GC invocations=8 (full 1):
 def new generation   total 4992K, used 223K [0x04800000, 0x04d60000, 0x09d50000)
  eden space 4480K,   4% used [0x04800000, 0x04837d00, 0x04c60000)
  from space 512K,   0% used [0x04c60000, 0x04c60000, 0x04ce0000)
  to   space 512K,   0% used [0x04ce0000, 0x04ce0000, 0x04d60000)
 tenured generation   total 10944K, used 3752K [0x09d50000, 0x0a800000, 0x14800000)
   the space 10944K,  34% used [0x09d50000, 0x0a0fa340, 0x0a0fa400, 0x0a800000)
 Metaspace       used 8415K, capacity 8471K, committed 8576K, reserved 8576K
Event: 78.155 GC heap after
Heap after GC invocations=9 (full 2):
 def new generation   total 4992K, used 0K [0x04800000, 0x04d60000, 0x09d50000)
  eden space 4480K,   0% used [0x04800000, 0x04800000, 0x04c60000)
  from space 512K,   0% used [0x04c60000, 0x04c60000, 0x04ce0000)
  to   space 512K,   0% used [0x04ce0000, 0x04ce0000, 0x04d60000)
 tenured generation   total 10944K, used 2364K [0x09d50000, 0x0a800000, 0x14800000)
   the space 10944K,  21% used [0x09d50000, 0x09f9f250, 0x09f9f400, 0x0a800000)
 Metaspace       used 8411K, capacity 8466K, committed 8576K, reserved 8576K
}
Event: 78.157 GC heap before
{Heap before GC invocations=9 (full 2):
 def new generation   total 4992K, used 67K [0x04800000, 0x04d60000, 0x09d50000)
  eden space 4480K,   1% used [0x04800000, 0x04810e78, 0x04c60000)
  from space 512K,   0% used [0x04c60000, 0x04c60000, 0x04ce0000)
  to   space 512K,   0% used [0x04ce0000, 0x04ce0000, 0x04d60000)
 tenured generation   total 10944K, used 2364K [0x09d50000, 0x0a800000, 0x14800000)
   the space 10944K,  21% used [0x09d50000, 0x09f9f250, 0x09f9f400, 0x0a800000)
 Metaspace       used 8412K, capacity 8466K, committed 8576K, reserved 8576K
Event: 78.172 GC heap after
Heap after GC invocations=10 (full 3):
 def new generation   total 4992K, used 0K [0x04800000, 0x04d60000, 0x09d50000)
  eden space 4480K,   0% used [0x04800000, 0x04800000, 0x04c60000)
  from space 512K,   0% used [0x04c60000, 0x04c60000, 0x04ce0000)
  to   space 512K,   0% used [0x04ce0000, 0x04ce0000, 0x04d60000)
 tenured generation   total 10944K, used 2312K [0x09d50000, 0x0a800000, 0x14800000)
   the space 10944K,  21% used [0x09d50000, 0x09f921c0, 0x09f92200, 0x0a800000)
 Metaspace       used 8412K, capacity 8466K, committed 8576K, reserved 8576K
}

Deoptimization events (0 events):
No events

Internal exceptions (10 events):
Event: 0.583 Thread 0x0100c800 Exception <a 'java/lang/NoSuchFieldError': columnsInserted> (0x0484af60) thrown at [C:\re\workspace\8-2-build-windows-i586-cygwin\jdk8u91\7017\hotspot\src\share\vm\prims\jni.cpp, line 2599]
Event: 0.583 Thread 0x0100c800 Exception <a 'java/lang/NoSuchFieldError': columnsRemoved> (0x0484b198) thrown at [C:\re\workspace\8-2-build-windows-i586-cygwin\jdk8u91\7017\hotspot\src\share\vm\prims\jni.cpp, line 2599]
Event: 0.583 Thread 0x0100c800 Exception <a 'java/lang/NoSuchFieldError': modelAboutToBeReset> (0x0484b3e0) thrown at [C:\re\workspace\8-2-build-windows-i586-cygwin\jdk8u91\7017\hotspot\src\share\vm\prims\jni.cpp, line 2599]
Event: 0.583 Thread 0x0100c800 Exception <a 'java/lang/NoSuchFieldError': modelReset> (0x0484b610) thrown at [C:\re\workspace\8-2-build-windows-i586-cygwin\jdk8u91\7017\hotspot\src\share\vm\prims\jni.cpp, line 2599]
Event: 0.583 Thread 0x0100c800 Exception <a 'java/lang/NoSuchFieldError': rowsAboutToBeInserted> (0x0484b858) thrown at [C:\re\workspace\8-2-build-windows-i586-cygwin\jdk8u91\7017\hotspot\src\share\vm\prims\jni.cpp, line 2599]
Event: 0.583 Thread 0x0100c800 Exception <a 'java/lang/NoSuchFieldError': rowsAboutToBeRemoved> (0x0484baa0) thrown at [C:\re\workspace\8-2-build-windows-i586-cygwin\jdk8u91\7017\hotspot\src\share\vm\prims\jni.cpp, line 2599]
Event: 0.583 Thread 0x0100c800 Exception <a 'java/lang/NoSuchFieldError': rowsInserted> (0x0484bcd8) thrown at [C:\re\workspace\8-2-build-windows-i586-cygwin\jdk8u91\7017\hotspot\src\share\vm\prims\jni.cpp, line 2599]
Event: 0.583 Thread 0x0100c800 Exception <a 'java/lang/NoSuchFieldError': rowsRemoved> (0x0484bf10) thrown at [C:\re\workspace\8-2-build-windows-i586-cygwin\jdk8u91\7017\hotspot\src\share\vm\prims\jni.cpp, line 2599]
Event: 0.585 Thread 0x0100c800 Exception <a 'java/lang/ArrayIndexOutOfBoundsException'> (0x04869948) thrown at [C:\re\workspace\8-2-build-windows-i586-cygwin\jdk8u91\7017\hotspot\src\share\vm\runtime\sharedRuntime.cpp, line 605]
Event: 78.157 Thread 0x15569c00 Exception <a 'java/lang/InterruptedException': sleep interrupted> (0x0480b510) thrown at [C:\re\workspace\8-2-build-windows-i586-cygwin\jdk8u91\7017\hotspot\src\share\vm\prims\jvm.cpp, line 3215]

Events (10 events):
Event: 78.156 Thread 0x1556b800 Thread added: 0x1556b800
Event: 78.156 Thread 0x1556b800 Thread exited: 0x1556b800
Event: 78.157 Thread 0x15569c00 Thread exited: 0x15569c00
Event: 78.157 Executing VM operation: GenCollectFull
Event: 78.173 Executing VM operation: GenCollectFull done
Event: 78.173 Thread 0x1556b800 Thread added: 0x1556b800
Event: 78.173 Thread 0x1556b800 Thread exited: 0x1556b800
Event: 78.173 Thread 0x1556a800 Thread exited: 0x1556a800
Event: 78.173 Thread 0x15568000 Thread exited: 0x15568000
Event: 78.173 Thread 0x14d87000 Thread exited: 0x14d87000


Dynamic libraries:
0x01060000 - 0x01093000 	C:\Program Files (x86)\Java\jdk1.8.0_91\bin\java.exe
0x772a0000 - 0x77419000 	C:\WINDOWS\SYSTEM32\ntdll.dll
0x74fb0000 - 0x750a0000 	C:\WINDOWS\SYSTEM32\KERNEL32.DLL
0x74710000 - 0x74886000 	C:\WINDOWS\SYSTEM32\KERNELBASE.dll
0x6bfe0000 - 0x6c071000 	C:\WINDOWS\system32\apphelp.dll
0x75710000 - 0x7578b000 	C:\WINDOWS\SYSTEM32\ADVAPI32.dll
0x74b10000 - 0x74bce000 	C:\WINDOWS\SYSTEM32\msvcrt.dll
0x771f0000 - 0x77233000 	C:\WINDOWS\SYSTEM32\sechost.dll
0x74c90000 - 0x74d3c000 	C:\WINDOWS\SYSTEM32\RPCRT4.dll
0x743b0000 - 0x743ce000 	C:\WINDOWS\SYSTEM32\SspiCli.dll
0x743a0000 - 0x743aa000 	C:\WINDOWS\SYSTEM32\CRYPTBASE.dll
0x74340000 - 0x74399000 	C:\WINDOWS\SYSTEM32\bcryptPrimitives.dll
0x743d0000 - 0x74510000 	C:\WINDOWS\SYSTEM32\USER32.dll
0x74d40000 - 0x74e8d000 	C:\WINDOWS\SYSTEM32\GDI32.dll
0x6db30000 - 0x6dd39000 	C:\WINDOWS\WinSxS\x86_microsoft.windows.common-controls_6595b64144ccf1df_6.0.10240.17184_none_3bcab1476bcee5ec\COMCTL32.dll
0x75350000 - 0x7537b000 	C:\WINDOWS\SYSTEM32\IMM32.DLL
0x74e90000 - 0x74fb0000 	C:\WINDOWS\SYSTEM32\MSCTF.dll
0x5ab90000 - 0x5ac4d000 	C:\Program Files (x86)\Java\jdk1.8.0_91\jre\bin\msvcr100.dll
0x5ac50000 - 0x5b01a000 	C:\Program Files (x86)\Java\jdk1.8.0_91\jre\bin\client\jvm.dll
0x75290000 - 0x75296000 	C:\WINDOWS\SYSTEM32\PSAPI.DLL
0x741c0000 - 0x741c8000 	C:\WINDOWS\SYSTEM32\VERSION.dll
0x69880000 - 0x69888000 	C:\WINDOWS\SYSTEM32\WSOCK32.dll
0x6fd90000 - 0x6fdb4000 	C:\WINDOWS\SYSTEM32\WINMM.dll
0x77090000 - 0x770eb000 	C:\WINDOWS\SYSTEM32\WS2_32.dll
0x75230000 - 0x75237000 	C:\WINDOWS\SYSTEM32\NSI.dll
0x00ef0000 - 0x00f13000 	C:\WINDOWS\SYSTEM32\WINMMBASE.dll
0x746d0000 - 0x74706000 	C:\WINDOWS\SYSTEM32\cfgmgr32.dll
0x6fd30000 - 0x6fd51000 	C:\WINDOWS\SYSTEM32\DEVOBJ.dll
0x6dfa0000 - 0x6dfac000 	C:\Program Files (x86)\Java\jdk1.8.0_91\jre\bin\verify.dll
0x6df70000 - 0x6df91000 	C:\Program Files (x86)\Java\jdk1.8.0_91\jre\bin\java.dll
0x6de90000 - 0x6dea3000 	C:\Program Files (x86)\Java\jdk1.8.0_91\jre\bin\zip.dll
0x75790000 - 0x76b4f000 	C:\WINDOWS\SYSTEM32\SHELL32.dll
0x76bb0000 - 0x7708c000 	C:\WINDOWS\SYSTEM32\windows.storage.dll
0x74510000 - 0x746ca000 	C:\WINDOWS\SYSTEM32\combase.dll
0x77250000 - 0x77294000 	C:\WINDOWS\SYSTEM32\shlwapi.dll
0x77240000 - 0x7724c000 	C:\WINDOWS\SYSTEM32\kernel.appcore.dll
0x74890000 - 0x7491d000 	C:\WINDOWS\SYSTEM32\shcore.dll
0x75240000 - 0x75284000 	C:\WINDOWS\SYSTEM32\powrprof.dll
0x756a0000 - 0x756af000 	C:\WINDOWS\SYSTEM32\profapi.dll
0x56a70000 - 0x56cf2000 	C:\Users\hp\AppData\Local\Temp\QtJambi_hp_x86_4.8.6_msvc2012-20150122-2344\lib\QtCore4.dll
0x749b0000 - 0x74a9a000 	C:\WINDOWS\SYSTEM32\ole32.dll
0x551c0000 - 0x55296000 	C:\WINDOWS\SYSTEM32\MSVCR110.dll
0x552a0000 - 0x55325000 	C:\WINDOWS\SYSTEM32\MSVCP110.dll
0x58410000 - 0x58446000 	C:\Users\hp\AppData\Local\Temp\QtJambi_hp_x86_4.8.6_msvc2012-20150122-2344\lib\qtjambi.dll
0x550b0000 - 0x551b3000 	C:\Users\hp\AppData\Local\Temp\QtJambi_hp_x86_4.8.6_msvc2012-20150122-2344\lib\com_trolltech_qt_core.dll
0x54150000 - 0x549a7000 	C:\Users\hp\AppData\Local\Temp\QtJambi_hp_x86_4.8.6_msvc2012-20150122-2344\lib\QtGui4.dll
0x74bd0000 - 0x74c8e000 	C:\WINDOWS\SYSTEM32\COMDLG32.dll
0x770f0000 - 0x77185000 	C:\WINDOWS\SYSTEM32\OLEAUT32.dll
0x61580000 - 0x615e7000 	C:\WINDOWS\SYSTEM32\WINSPOOL.DRV
0x71c00000 - 0x71c1b000 	C:\WINDOWS\SYSTEM32\bcrypt.dll
0x52f60000 - 0x53500000 	C:\Users\hp\AppData\Local\Temp\QtJambi_hp_x86_4.8.6_msvc2012-20150122-2344\lib\com_trolltech_qt_gui.dll
0x70810000 - 0x70885000 	C:\WINDOWS\system32\uxtheme.dll
0x6fed0000 - 0x6feed000 	C:\WINDOWS\system32\dwmapi.dll
0x68860000 - 0x6886a000 	C:\Users\hp\AppData\Local\Temp\QtJambi_hp_x86_4.8.6_msvc2012-20150122-2344\plugins\imageformats\qgif4.dll
0x587b0000 - 0x587bc000 	C:\Users\hp\AppData\Local\Temp\QtJambi_hp_x86_4.8.6_msvc2012-20150122-2344\plugins\imageformats\qico4.dll
0x56a30000 - 0x56a6d000 	C:\Users\hp\AppData\Local\Temp\QtJambi_hp_x86_4.8.6_msvc2012-20150122-2344\plugins\imageformats\qjpeg4.dll
0x55070000 - 0x550aa000 	C:\Users\hp\AppData\Local\Temp\QtJambi_hp_x86_4.8.6_msvc2012-20150122-2344\plugins\imageformats\qmng4.dll
0x55020000 - 0x5506a000 	C:\Users\hp\AppData\Local\Temp\QtJambi_hp_x86_4.8.6_msvc2012-20150122-2344\plugins\imageformats\qtiff4.dll
0x71c20000 - 0x71c33000 	C:\WINDOWS\SYSTEM32\cryptsp.dll
0x71bd0000 - 0x71bff000 	C:\WINDOWS\system32\rsaenh.dll
0x74920000 - 0x749a2000 	C:\WINDOWS\SYSTEM32\clbcatq.dll
0x6a6e0000 - 0x6a772000 	C:\WINDOWS\WinSxS\x86_microsoft.windows.common-controls_6595b64144ccf1df_5.82.10240.16384_none_49c02355cf03478c\comctl32.dll
0x58590000 - 0x585b0000 	C:\Program Files (x86)\Java\jdk1.8.0_91\jre\bin\sunec.dll
0x587a0000 - 0x587a9000 	C:\Program Files (x86)\Java\jdk1.8.0_91\jre\bin\sunmscapi.dll
0x750a0000 - 0x75215000 	C:\WINDOWS\SYSTEM32\CRYPT32.dll
0x752a0000 - 0x752ae000 	C:\WINDOWS\SYSTEM32\MSASN1.dll
0x6de70000 - 0x6de86000 	C:\Program Files (x86)\Java\jdk1.8.0_91\jre\bin\net.dll
0x740c0000 - 0x7410e000 	C:\WINDOWS\system32\mswsock.dll
0x6d0f0000 - 0x6d174000 	C:\WINDOWS\SYSTEM32\DNSAPI.dll
0x6cdd0000 - 0x6cdf1000 	C:\Program Files (x86)\Bonjour\mdnsNSP.dll
0x73f90000 - 0x73fc0000 	C:\WINDOWS\SYSTEM32\Iphlpapi.DLL
0x738b0000 - 0x738b8000 	C:\WINDOWS\SYSTEM32\WINNSI.DLL
0x6cd70000 - 0x6cd78000 	C:\Windows\System32\rasadhlp.dll
0x6cd80000 - 0x6cdc6000 	C:\WINDOWS\System32\fwpuclnt.dll
0x6d210000 - 0x6d34f000 	C:\WINDOWS\SYSTEM32\dbghelp.dll

VM Arguments:
jvm_args: -Dfile.encoding=UTF-8 
java_command: secured_pass.Secured_Pass
java_class_path (initial): C:\qtjambi-4.8.6\qtjambi-4.8.6.jar;C:\qtjambi-4.8.6\qtjambi-designer-4.8.6.jar;C:\qtjambi-4.8.6\qtjambi-examples-4.8.6.jar;C:\qtjambi-4.8.6\qtjambi-examples-src-4.8.6.jar;C:\qtjambi-4.8.6\qtjambi-native-win32-msvc2012-4.8.6.jar;C:\java jar\jdbc-api-1.4.jar;C:\Program Files (x86)\Java\jdk1.8.0_91\db\lib\derbyclient.jar;C:\Users\hp\Desktop\designs\commons-codec-1.10\commons-codec-1.10-javadoc.jar;C:\Users\hp\Desktop\designs\commons-codec-1.10\commons-codec-1.10-sources.jar;C:\Users\hp\Desktop\designs\commons-codec-1.10\commons-codec-1.10-test-sources.jar;C:\Users\hp\Desktop\designs\commons-codec-1.10\commons-codec-1.10-tests.jar;C:\Users\hp\Desktop\designs\commons-codec-1.10\commons-codec-1.10.jar;C:\Users\hp\Documents\NetBeansProjects\Secured_Pass\build\classes
Launcher Type: SUN_STANDARD

Environment Variables:
JAVA_HOME=C:\Program Files (x86)\Java\jdk1.8.0_91
PATH=C:\ProgramData\Oracle\Java\javapath;C:\Program Files\Broadcom\Broadcom 802.11;C:\Program Files (x86)\NVIDIA Corporation\PhysX\Common;C:\Program Files (x86)\Intel\iCLS Client\;C:\Program Files\Intel\iCLS Client\;C:\WINDOWS\system32;C:\WINDOWS;C:\WINDOWS\System32\Wbem;C:\WINDOWS\System32\WindowsPowerShell\v1.0\;C:\Program Files\Hewlett-Packard\SimplePass\;C:\Program Files\Intel\Intel(R) Management Engine Components\DAL;C:\Program Files\Intel\Intel(R) Management Engine Components\IPT;C:\Program Files (x86)\Intel\Intel(R) Management Engine Components\DAL;C:\Program Files (x86)\Intel\Intel(R) Management Engine Components\IPT;C:\Program Files\Microsoft\Web Platform Installer\;C:\Program Files (x86)\Microsoft ASP.NET\ASP.NET Web Pages\v1.0\;C:\Program Files (x86)\Windows Kits\8.0\Windows Performance Toolkit\;C:\Program Files\Microsoft SQL Server\110\Tools\Binn\;c:\Program Files (x86)\Microsoft SQL Server\100\Tools\Binn\VSShell\Common7\IDE\;c:\Program Files (x86)\Microsoft SQL Server\100\Tools\Binn\;c:\Program Files\Microsoft SQL Server\100\Tools\Binn\;c:\Program Files (x86)\Microsoft SQL Server\100\DTS\Binn\;c:\Program Files\Microsoft SQL Server\100\DTS\Binn\;C:\Program Files (x86)\Common Files\lenovo\easyplussdk\bin;C:\Program Files\Git\cmd;C:\MinGW\bin;C:\msys\1.0\bin;C:\Qt\4.8.6\bin;C:\qtjambi-4.8.6\bin
USERNAME=hp
OS=Windows_NT
PROCESSOR_IDENTIFIER=Intel64 Family 6 Model 69 Stepping 1, GenuineIntel



---------------  S Y S T E M  ---------------

OS: Windows 10.0 , 64 bit Build 10240 (10.0.10240.17113)

CPU:total 4 (2 cores per cpu, 2 threads per core) family 6 model 69 stepping 1, cmov, cx8, fxsr, mmx, sse, sse2, sse3, ssse3, sse4.1, sse4.2, popcnt, avx, avx2, aes, clmul, erms, lzcnt, ht, tsc, tscinvbit, bmi1, bmi2

Memory: 4k page, physical 4122776k(1484708k free), swap 6351000k(3055084k free)

vm_info: Java HotSpot(TM) Client VM (25.91-b15) for windows-x86 JRE (1.8.0_91-b15), built on May 20 2016 17:33:18 by "java_re" with MS VC++ 10.0 (VS2010)

time: Fri Dec 02 13:47:52 2016
elapsed time: 78 seconds (0d 0h 1m 18s)

