#
# A fatal error has been detected by the Java Runtime Environment:
#
#  EXCEPTION_ACCESS_VIOLATION (0xc0000005) at pc=0x537d1523, pid=7708, tid=6004
#
# JRE version: Java(TM) SE Runtime Environment (8.0_91-b15) (build 1.8.0_91-b15)
# Java VM: Java HotSpot(TM) Client VM (25.91-b15 mixed mode, sharing windows-x86 )
# Problematic frame:
# C  [QtCore4.dll+0x111523]
#
# Failed to write core dump. Minidumps are not enabled by default on client versions of Windows
#
# If you would like to submit a bug report, please visit:
#   http://bugreport.java.com/bugreport/crash.jsp
# The crash happened outside the Java Virtual Machine in native code.
# See problematic frame for where to report the bug.
#

---------------  T H R E A D  ---------------

Current thread (0x00c94800):  JavaThread "Finalizer" daemon [_thread_in_native, id=6004, stack(0x14490000,0x144e0000)]

siginfo: ExceptionCode=0xc0000005, reading address 0x00000018

Registers:
EAX=0x00000000, EBX=0x16173560, ECX=0x1616e720, EDX=0x00000000
ESP=0x144df424, EBP=0x144df4d8, ESI=0x52ac77b0, EDI=0x1616e720
EIP=0x537d1523, EFLAGS=0x00010202

Top of Stack: (sp=0x144df424)
0x144df424:   537c3042 1617bc08 16173560 528bdc07
0x144df434:   1616e720 7aa2a2ea 1617b9c8 16173560
0x144df444:   144df4d8 16153f18 16173560 144df4cc
0x144df454:   52a9bf4e 00000002 528bdcd8 5392a7b4
0x144df464:   525560f6 00000001 7aa2a20e 0000000e
0x144df474:   1617b9c8 00000001 5392a7b4 00000001
0x144df484:   5392a7c8 5392a7c8 144df4bc 77cdc54a
0x144df494:   00470000 161798f0 1617b368 16148378 

Instructions: (pc=0x537d1523)
0x537d1503:   07 5f 5d c3 c7 07 ff ff ff ff 5e 5b 5f 5d c3 cc
0x537d1513:   cc cc cc cc cc cc cc cc cc cc cc cc cc 8b 41 04
0x537d1523:   8b 48 18 b8 dc d0 8a 53 85 c9 0f 45 c1 c3 cc cc
0x537d1533:   cc cc cc cc cc cc cc cc cc cc cc cc cc 51 57 8b 


Register to memory mapping:

EAX=0x00000000 is an unknown value
EBX=0x16173560 is an unknown value
ECX=0x1616e720 is an unknown value
EDX=0x00000000 is an unknown value
ESP=0x144df424 is pointing into the stack for thread: 0x00c94800
EBP=0x144df4d8 is pointing into the stack for thread: 0x00c94800
ESI=0x52ac77b0 is an unknown value
EDI=0x1616e720 is an unknown value


Stack: [0x14490000,0x144e0000],  sp=0x144df424,  free space=317k
Native frames: (J=compiled Java code, j=interpreted, Vv=VM code, C=native code)
C  [QtCore4.dll+0x111523]
C  [QtGui4.dll+0x3bbb93]
C  [com_trolltech_qt_gui.dll+0x184e04]

Java frames: (J=compiled Java code, j=interpreted, Vv=VM code)
j  com.trolltech.qt.internal.QtJambiObject.finalize()V+0
j  java.lang.System$2.invokeFinalize(Ljava/lang/Object;)V+1
j  java.lang.ref.Finalizer.runFinalizer(Lsun/misc/JavaLangAccess;)V+46
j  java.lang.ref.Finalizer.access$100(Ljava/lang/ref/Finalizer;Lsun/misc/JavaLangAccess;)V+2
j  java.lang.ref.Finalizer$FinalizerThread.run()V+45
v  ~StubRoutines::call_stub

---------------  P R O C E S S  ---------------

Java Threads: ( => current thread )
  0x008dc800 JavaThread "DestroyJavaVM" [_thread_blocked, id=2240, stack(0x00820000,0x00870000)]
  0x00cc2000 JavaThread "Service Thread" daemon [_thread_blocked, id=1600, stack(0x147b0000,0x14800000)]
  0x00ca3000 JavaThread "C1 CompilerThread0" daemon [_thread_blocked, id=5464, stack(0x14720000,0x14770000)]
  0x00ca2400 JavaThread "Attach Listener" daemon [_thread_blocked, id=3784, stack(0x14690000,0x146e0000)]
  0x00c9e800 JavaThread "Signal Dispatcher" daemon [_thread_blocked, id=6652, stack(0x14600000,0x14650000)]
=>0x00c94800 JavaThread "Finalizer" daemon [_thread_in_native, id=6004, stack(0x14490000,0x144e0000)]
  0x00c37400 JavaThread "Reference Handler" daemon [_thread_blocked, id=4600, stack(0x14400000,0x14450000)]

Other Threads:
  0x00c33800 VMThread [stack: 0x04350000,0x043a0000] [id=3656]
  0x00cd7800 WatcherThread [stack: 0x152b0000,0x15300000] [id=204]

VM state:not at safepoint (normal execution)

VM Mutex/Monitor currently owned by a thread: None

Heap:
 def new generation   total 4992K, used 45K [0x04400000, 0x04960000, 0x09950000)
  eden space 4480K,   1% used [0x04400000, 0x0440b508, 0x04860000)
  from space 512K,   0% used [0x04860000, 0x04860000, 0x048e0000)
  to   space 512K,   0% used [0x048e0000, 0x048e0000, 0x04960000)
 tenured generation   total 10944K, used 1565K [0x09950000, 0x0a400000, 0x14400000)
   the space 10944K,  14% used [0x09950000, 0x09ad7628, 0x09ad7800, 0x0a400000)
 Metaspace       used 3349K, capacity 4706K, committed 4736K, reserved 5504K

Card table byte_map: [0x02200000,0x02290000] byte_map_base: 0x021de000

Polling page: 0x00870000

CodeCache: size=32768Kb used=1006Kb max_used=1006Kb free=31761Kb
 bounds [0x022f0000, 0x023f0000, 0x042f0000]
 total_blobs=399 nmethods=224 adapters=106
 compilation: enabled

Compilation events (10 events):
Event: 6.067 Thread 0x00ca3000 nmethod 219 0x023e8e08 code [0x023e8f50, 0x023e92e0]
Event: 6.079 Thread 0x00ca3000  220             java.lang.ref.Finalizer::register (10 bytes)
Event: 6.080 Thread 0x00ca3000 nmethod 220 0x023e95c8 code [0x023e96d0, 0x023e97fc]
Event: 6.080 Thread 0x00ca3000  221             java.lang.ref.Finalizer::<init> (23 bytes)
Event: 6.080 Thread 0x00ca3000 nmethod 221 0x023e9888 code [0x023e9990, 0x023e9a7c]
Event: 6.080 Thread 0x00ca3000  222   !         java.lang.ref.Finalizer::add (41 bytes)
Event: 6.081 Thread 0x00ca3000 nmethod 222 0x023e9ac8 code [0x023e9bd0, 0x023e9e10]
Event: 301.628 Thread 0x00ca3000  223             java.lang.reflect.Field::getName (5 bytes)
Event: 301.628 Thread 0x00ca3000 nmethod 223 0x023eae88 code [0x023eaf80, 0x023eb000]
Event: 301.637 Thread 0x00ca3000  224   !         java.lang.ref.Reference::tryHandlePending (115 bytes)

GC Heap History (10 events):
Event: 4.120 GC heap before
{Heap before GC invocations=2 (full 0):
 def new generation   total 4928K, used 4927K [0x04400000, 0x04950000, 0x09950000)
  eden space 4416K, 100% used [0x04400000, 0x04850000, 0x04850000)
  from space 512K,  99% used [0x04850000, 0x048cff10, 0x048d0000)
  to   space 512K,   0% used [0x048d0000, 0x048d0000, 0x04950000)
 tenured generation   total 10944K, used 791K [0x09950000, 0x0a400000, 0x14400000)
   the space 10944K,   7% used [0x09950000, 0x09a15e00, 0x09a15e00, 0x0a400000)
 Metaspace       used 2479K, capacity 3938K, committed 4032K, reserved 4480K
Event: 4.127 GC heap after
Heap after GC invocations=3 (full 0):
 def new generation   total 4928K, used 512K [0x04400000, 0x04950000, 0x09950000)
  eden space 4416K,   0% used [0x04400000, 0x04400000, 0x04850000)
  from space 512K, 100% used [0x048d0000, 0x04950000, 0x04950000)
  to   space 512K,   0% used [0x04850000, 0x04850000, 0x048d0000)
 tenured generation   total 10944K, used 1572K [0x09950000, 0x0a400000, 0x14400000)
   the space 10944K,  14% used [0x09950000, 0x09ad9288, 0x09ad9400, 0x0a400000)
 Metaspace       used 2479K, capacity 3938K, committed 4032K, reserved 4480K
}
Event: 4.833 GC heap before
{Heap before GC invocations=3 (full 0):
 def new generation   total 4928K, used 4928K [0x04400000, 0x04950000, 0x09950000)
  eden space 4416K, 100% used [0x04400000, 0x04850000, 0x04850000)
  from space 512K, 100% used [0x048d0000, 0x04950000, 0x04950000)
  to   space 512K,   0% used [0x04850000, 0x04850000, 0x048d0000)
 tenured generation   total 10944K, used 1572K [0x09950000, 0x0a400000, 0x14400000)
   the space 10944K,  14% used [0x09950000, 0x09ad9288, 0x09ad9400, 0x0a400000)
 Metaspace       used 2781K, capacity 4226K, committed 4288K, reserved 4480K
Event: 4.835 GC heap after
Heap after GC invocations=4 (full 0):
 def new generation   total 4928K, used 512K [0x04400000, 0x04950000, 0x09950000)
  eden space 4416K,   0% used [0x04400000, 0x04400000, 0x04850000)
  from space 512K, 100% used [0x04850000, 0x048d0000, 0x048d0000)
  to   space 512K,   0% used [0x048d0000, 0x048d0000, 0x04950000)
 tenured generation   total 10944K, used 1795K [0x09950000, 0x0a400000, 0x14400000)
   the space 10944K,  16% used [0x09950000, 0x09b10ef0, 0x09b11000, 0x0a400000)
 Metaspace       used 2781K, capacity 4226K, committed 4288K, reserved 4480K
}
Event: 4.914 GC heap before
{Heap before GC invocations=4 (full 0):
 def new generation   total 4928K, used 4928K [0x04400000, 0x04950000, 0x09950000)
  eden space 4416K, 100% used [0x04400000, 0x04850000, 0x04850000)
  from space 512K, 100% used [0x04850000, 0x048d0000, 0x048d0000)
  to   space 512K,   0% used [0x048d0000, 0x048d0000, 0x04950000)
 tenured generation   total 10944K, used 1795K [0x09950000, 0x0a400000, 0x14400000)
   the space 10944K,  16% used [0x09950000, 0x09b10ef0, 0x09b11000, 0x0a400000)
 Metaspace       used 3147K, capacity 4580K, committed 4608K, reserved 5504K
Event: 4.916 GC heap after
Heap after GC invocations=5 (full 0):
 def new generation   total 4928K, used 511K [0x04400000, 0x04950000, 0x09950000)
  eden space 4416K,   0% used [0x04400000, 0x04400000, 0x04850000)
  from space 512K,  99% used [0x048d0000, 0x0494fff8, 0x04950000)
  to   space 512K,   0% used [0x04850000, 0x04850000, 0x048d0000)
 tenured generation   total 10944K, used 2120K [0x09950000, 0x0a400000, 0x14400000)
   the space 10944K,  19% used [0x09950000, 0x09b623e8, 0x09b62400, 0x0a400000)
 Metaspace       used 3147K, capacity 4580K, committed 4608K, reserved 5504K
}
Event: 301.603 GC heap before
{Heap before GC invocations=5 (full 0):
 def new generation   total 4928K, used 1423K [0x04400000, 0x04950000, 0x09950000)
  eden space 4416K,  20% used [0x04400000, 0x044e3f30, 0x04850000)
  from space 512K,  99% used [0x048d0000, 0x0494fff8, 0x04950000)
  to   space 512K,   0% used [0x04850000, 0x04850000, 0x048d0000)
 tenured generation   total 10944K, used 2120K [0x09950000, 0x0a400000, 0x14400000)
   the space 10944K,  19% used [0x09950000, 0x09b623e8, 0x09b62400, 0x0a400000)
 Metaspace       used 3305K, capacity 4676K, committed 4736K, reserved 5504K
Event: 301.612 GC heap after
Heap after GC invocations=6 (full 1):
 def new generation   total 4992K, used 0K [0x04400000, 0x04960000, 0x09950000)
  eden space 4480K,   0% used [0x04400000, 0x04400000, 0x04860000)
  from space 512K,   0% used [0x04860000, 0x04860000, 0x048e0000)
  to   space 512K,   0% used [0x048e0000, 0x048e0000, 0x04960000)
 tenured generation   total 10944K, used 2086K [0x09950000, 0x0a400000, 0x14400000)
   the space 10944K,  19% used [0x09950000, 0x09b59930, 0x09b59a00, 0x0a400000)
 Metaspace       used 3305K, capacity 4676K, committed 4736K, reserved 5504K
}
Event: 301.630 GC heap before
{Heap before GC invocations=6 (full 1):
 def new generation   total 4992K, used 223K [0x04400000, 0x04960000, 0x09950000)
  eden space 4480K,   4% used [0x04400000, 0x04437ff0, 0x04860000)
  from space 512K,   0% used [0x04860000, 0x04860000, 0x048e0000)
  to   space 512K,   0% used [0x048e0000, 0x048e0000, 0x04960000)
 tenured generation   total 10944K, used 2086K [0x09950000, 0x0a400000, 0x14400000)
   the space 10944K,  19% used [0x09950000, 0x09b59930, 0x09b59a00, 0x0a400000)
 Metaspace       used 3350K, capacity 4708K, committed 4736K, reserved 5504K
Event: 301.637 GC heap after
Heap after GC invocations=7 (full 2):
 def new generation   total 4992K, used 0K [0x04400000, 0x04960000, 0x09950000)
  eden space 4480K,   0% used [0x04400000, 0x04400000, 0x04860000)
  from space 512K,   0% used [0x04860000, 0x04860000, 0x048e0000)
  to   space 512K,   0% used [0x048e0000, 0x048e0000, 0x04960000)
 tenured generation   total 10944K, used 1614K [0x09950000, 0x0a400000, 0x14400000)
   the space 10944K,  14% used [0x09950000, 0x09ae39a8, 0x09ae3a00, 0x0a400000)
 Metaspace       used 3348K, capacity 4706K, committed 4736K, reserved 5504K
}

Deoptimization events (0 events):
No events

Internal exceptions (10 events):
Event: 0.126 Thread 0x008dc800 Exception <a 'java/lang/NoSuchMethodError': Method sun.misc.Unsafe.defineClass(Ljava/lang/String;[BII)Ljava/lang/Class; name or signature does not match> (0x044079d8) thrown at [C:\re\workspace\8-2-build-windows-i586-cygwin\jdk8u91\7017\hotspot\src\share\vžØñÂÁÀ?
Event: 0.126 Thread 0x008dc800 Exception <a 'java/lang/NoSuchMethodError': Method sun.misc.Unsafe.prefetchRead(Ljava/lang/Object;J)V name or signature does not match> (0x04407ca8) thrown at [C:\re\workspace\8-2-build-windows-i586-cygwin\jdk8u91\7017\hotspot\src\share\vm\prims\jni.cpp, lbÅ¡Dñ?
Event: 1.063 Thread 0x008dc800 Exception <a 'java/security/PrivilegedActionException'> (0x045cee50) thrown at [C:\re\workspace\8-2-build-windows-i586-cygwin\jdk8u91\7017\hotspot\src\share\vm\prims\jvm.cpp, line 1386]
Event: 1.063 Thread 0x008dc800 Exception <a 'java/security/PrivilegedActionException'> (0x045cf050) thrown at [C:\re\workspace\8-2-build-windows-i586-cygwin\jdk8u91\7017\hotspot\src\share\vm\prims\jvm.cpp, line 1386]
Event: 1.065 Thread 0x008dc800 Exception <a 'java/security/PrivilegedActionException'> (0x045d30d8) thrown at [C:\re\workspace\8-2-build-windows-i586-cygwin\jdk8u91\7017\hotspot\src\share\vm\prims\jvm.cpp, line 1386]
Event: 1.065 Thread 0x008dc800 Exception <a 'java/security/PrivilegedActionException'> (0x045d32d8) thrown at [C:\re\workspace\8-2-build-windows-i586-cygwin\jdk8u91\7017\hotspot\src\share\vm\prims\jvm.cpp, line 1386]
Event: 3.765 Thread 0x008dc800 Exception <a 'java/lang/ArrayIndexOutOfBoundsException': 18> (0x0447be08) thrown at [C:\re\workspace\8-2-build-windows-i586-cygwin\jdk8u91\7017\hotspot\src\share\vm\interpreter\interpreterRuntime.cpp, line 366]
Event: 3.766 Thread 0x008dc800 Exception <a 'java/lang/ArrayIndexOutOfBoundsException': 70> (0x0447cb30) thrown at [C:\re\workspace\8-2-build-windows-i586-cygwin\jdk8u91\7017\hotspot\src\share\vm\interpreter\interpreterRuntime.cpp, line 366]
Event: 3.769 Thread 0x008dc800 Exception <a 'java/lang/ArrayIndexOutOfBoundsException': 90> (0x04486d90) thrown at [C:\re\workspace\8-2-build-windows-i586-cygwin\jdk8u91\7017\hotspot\src\share\vm\interpreter\interpreterRuntime.cpp, line 366]
Event: 4.913 Thread 0x008dc800 Exception <a 'java/lang/ArrayIndexOutOfBoundsException'> (0x048383f8) thrown at [C:\re\workspace\8-2-build-windows-i586-cygwin\jdk8u91\7017\hotspot\src\share\vm\runtime\sharedRuntime.cpp, line 605]

Events (10 events):
Event: 301.623 loading class sun/reflect/UnsafeIntegerFieldAccessorImpl
Event: 301.624 loading class sun/reflect/UnsafeIntegerFieldAccessorImpl done
Event: 301.624 loading class sun/reflect/UnsafeStaticObjectFieldAccessorImpl
Event: 301.624 loading class sun/reflect/UnsafeStaticObjectFieldAccessorImpl done
Event: 301.628 loading class com/trolltech/qt/gui/QBrush
Event: 301.628 loading class com/trolltech/qt/gui/QBrush done
Event: 301.630 Executing VM operation: GenCollectFull
Event: 301.637 Executing VM operation: GenCollectFull done
Event: 301.637 Thread 0x15bb0800 Thread added: 0x15bb0800
Event: 301.637 Thread 0x15bb0800 Thread exited: 0x15bb0800


Dynamic libraries:
0x00d40000 - 0x00d73000 	C:\Program Files (x86)\Java\jdk1.8.0_91\bin\java.exe
0x77c60000 - 0x77dd9000 	C:\WINDOWS\SYSTEM32\ntdll.dll
0x77320000 - 0x77410000 	C:\WINDOWS\SYSTEM32\KERNEL32.DLL
0x74f20000 - 0x75096000 	C:\WINDOWS\SYSTEM32\KERNELBASE.dll
0x6e100000 - 0x6e191000 	C:\WINDOWS\system32\apphelp.dll
0x75930000 - 0x759ab000 	C:\WINDOWS\SYSTEM32\ADVAPI32.dll
0x759e0000 - 0x75a9e000 	C:\WINDOWS\SYSTEM32\msvcrt.dll
0x75ba0000 - 0x75be3000 	C:\WINDOWS\SYSTEM32\sechost.dll
0x755e0000 - 0x7568c000 	C:\WINDOWS\SYSTEM32\RPCRT4.dll
0x74d70000 - 0x74d8e000 	C:\WINDOWS\SYSTEM32\SspiCli.dll
0x74d60000 - 0x74d6a000 	C:\WINDOWS\SYSTEM32\CRYPTBASE.dll
0x74d00000 - 0x74d59000 	C:\WINDOWS\SYSTEM32\bcryptPrimitives.dll
0x74d90000 - 0x74ed0000 	C:\WINDOWS\SYSTEM32\USER32.dll
0x77020000 - 0x7716d000 	C:\WINDOWS\SYSTEM32\GDI32.dll
0x6e6b0000 - 0x6e8b9000 	C:\WINDOWS\WinSxS\x86_microsoft.windows.common-controls_6595b64144ccf1df_6.0.10240.17184_none_3bcab1476bcee5ec\COMCTL32.dll
0x75ab0000 - 0x75adb000 	C:\WINDOWS\SYSTEM32\IMM32.DLL
0x752b0000 - 0x753d0000 	C:\WINDOWS\SYSTEM32\MSCTF.dll
0x65310000 - 0x653cd000 	C:\Program Files (x86)\Java\jdk1.8.0_91\jre\bin\msvcr100.dll
0x653d0000 - 0x6579a000 	C:\Program Files (x86)\Java\jdk1.8.0_91\jre\bin\client\jvm.dll
0x75820000 - 0x75826000 	C:\WINDOWS\SYSTEM32\PSAPI.DLL
0x70f00000 - 0x70f24000 	C:\WINDOWS\SYSTEM32\WINMM.dll
0x74cc0000 - 0x74cc8000 	C:\WINDOWS\SYSTEM32\VERSION.dll
0x6fe30000 - 0x6fe38000 	C:\WINDOWS\SYSTEM32\WSOCK32.dll
0x779e0000 - 0x77a3b000 	C:\WINDOWS\SYSTEM32\WS2_32.dll
0x75aa0000 - 0x75aa7000 	C:\WINDOWS\SYSTEM32\NSI.dll
0x70e30000 - 0x70e53000 	C:\WINDOWS\SYSTEM32\WINMMBASE.dll
0x758f0000 - 0x75926000 	C:\WINDOWS\SYSTEM32\cfgmgr32.dll
0x70e00000 - 0x70e21000 	C:\WINDOWS\SYSTEM32\DEVOBJ.dll
0x652c0000 - 0x652cc000 	C:\Program Files (x86)\Java\jdk1.8.0_91\jre\bin\verify.dll
0x65290000 - 0x652b1000 	C:\Program Files (x86)\Java\jdk1.8.0_91\jre\bin\java.dll
0x65270000 - 0x65283000 	C:\Program Files (x86)\Java\jdk1.8.0_91\jre\bin\zip.dll
0x75c40000 - 0x76fff000 	C:\WINDOWS\SYSTEM32\SHELL32.dll
0x77500000 - 0x779dc000 	C:\WINDOWS\SYSTEM32\windows.storage.dll
0x77a40000 - 0x77bfa000 	C:\WINDOWS\SYSTEM32\combase.dll
0x758a0000 - 0x758e4000 	C:\WINDOWS\SYSTEM32\shlwapi.dll
0x759b0000 - 0x759bc000 	C:\WINDOWS\SYSTEM32\kernel.appcore.dll
0x77410000 - 0x7749d000 	C:\WINDOWS\SYSTEM32\shcore.dll
0x74ed0000 - 0x74f14000 	C:\WINDOWS\SYSTEM32\powrprof.dll
0x759d0000 - 0x759df000 	C:\WINDOWS\SYSTEM32\profapi.dll
0x536c0000 - 0x53942000 	C:\Users\hp\AppData\Local\Temp\QtJambi_hp_x86_4.8.6_msvc2012-20150122-2344\lib\QtCore4.dll
0x75730000 - 0x7581a000 	C:\WINDOWS\SYSTEM32\ole32.dll
0x53550000 - 0x535d5000 	C:\WINDOWS\SYSTEM32\MSVCP110.dll
0x535e0000 - 0x536b6000 	C:\WINDOWS\SYSTEM32\MSVCR110.dll
0x53510000 - 0x53546000 	C:\Users\hp\AppData\Local\Temp\QtJambi_hp_x86_4.8.6_msvc2012-20150122-2344\lib\qtjambi.dll
0x53400000 - 0x53503000 	C:\Users\hp\AppData\Local\Temp\QtJambi_hp_x86_4.8.6_msvc2012-20150122-2344\lib\com_trolltech_qt_core.dll
0x52500000 - 0x52d57000 	C:\Users\hp\AppData\Local\Temp\QtJambi_hp_x86_4.8.6_msvc2012-20150122-2344\lib\QtGui4.dll
0x75ae0000 - 0x75b9e000 	C:\WINDOWS\SYSTEM32\COMDLG32.dll
0x750a0000 - 0x75135000 	C:\WINDOWS\SYSTEM32\OLEAUT32.dll
0x60460000 - 0x604c7000 	C:\WINDOWS\SYSTEM32\WINSPOOL.DRV
0x725c0000 - 0x725db000 	C:\WINDOWS\SYSTEM32\bcrypt.dll
0x52e60000 - 0x53400000 	C:\Users\hp\AppData\Local\Temp\QtJambi_hp_x86_4.8.6_msvc2012-20150122-2344\lib\com_trolltech_qt_gui.dll
0x719e0000 - 0x71a55000 	C:\WINDOWS\system32\uxtheme.dll
0x70fa0000 - 0x70fbd000 	C:\WINDOWS\system32\dwmapi.dll
0x725e0000 - 0x725f3000 	C:\WINDOWS\SYSTEM32\cryptsp.dll
0x72590000 - 0x725bf000 	C:\WINDOWS\system32\rsaenh.dll
0x753d0000 - 0x75452000 	C:\WINDOWS\SYSTEM32\clbcatq.dll
0x53e10000 - 0x53e1a000 	C:\Users\hp\AppData\Local\Temp\QtJambi_hp_x86_4.8.6_msvc2012-20150122-2344\plugins\imageformats\qgif4.dll
0x52e50000 - 0x52e5c000 	C:\Users\hp\AppData\Local\Temp\QtJambi_hp_x86_4.8.6_msvc2012-20150122-2344\plugins\imageformats\qico4.dll
0x524c0000 - 0x524fd000 	C:\Users\hp\AppData\Local\Temp\QtJambi_hp_x86_4.8.6_msvc2012-20150122-2344\plugins\imageformats\qjpeg4.dll
0x52480000 - 0x524ba000 	C:\Users\hp\AppData\Local\Temp\QtJambi_hp_x86_4.8.6_msvc2012-20150122-2344\plugins\imageformats\qmng4.dll
0x52430000 - 0x5247a000 	C:\Users\hp\AppData\Local\Temp\QtJambi_hp_x86_4.8.6_msvc2012-20150122-2344\plugins\imageformats\qtiff4.dll
0x6db60000 - 0x6dbf2000 	C:\WINDOWS\WinSxS\x86_microsoft.windows.common-controls_6595b64144ccf1df_5.82.10240.16384_none_49c02355cf03478c\comctl32.dll
0x6e1d0000 - 0x6e30f000 	C:\WINDOWS\SYSTEM32\dbghelp.dll

VM Arguments:
jvm_args: -Dfile.encoding=UTF-8 
java_command: secured_pass.Application
java_class_path (initial): C:\qtjambi-4.8.6\qtjambi-4.8.6.jar;C:\qtjambi-4.8.6\qtjambi-designer-4.8.6.jar;C:\qtjambi-4.8.6\qtjambi-examples-4.8.6.jar;C:\qtjambi-4.8.6\qtjambi-examples-src-4.8.6.jar;C:\qtjambi-4.8.6\qtjambi-native-win32-msvc2012-4.8.6.jar;C:\java jar\jdbc-api-1.4.jar;C:\Program Files (x86)\Java\jdk1.8.0_91\db\lib\derbyclient.jar;C:\Users\hp\Desktop\designs\commons-codec-1.10\commons-codec-1.10-javadoc.jar;C:\Users\hp\Desktop\designs\commons-codec-1.10\commons-codec-1.10-sources.jar;C:\Users\hp\Desktop\designs\commons-codec-1.10\commons-codec-1.10-test-sources.jar;C:\Users\hp\Desktop\designs\commons-codec-1.10\commons-codec-1.10-tests.jar;C:\Users\hp\Desktop\designs\commons-codec-1.10\commons-codec-1.10.jar;C:\Users\hp\Documents\NetBeansProjects\Secured_Pass\build\classes
Launcher Type: SUN_STANDARD

Environment Variables:
JAVA_HOME=C:\Program Files (x86)\Java\jdk1.8.0_91
PATH=C:\ProgramData\Oracle\Java\javapath;C:\Program Files\Broadcom\Broadcom 802.11;C:\Program Files (x86)\NVIDIA Corporation\PhysX\Common;C:\Program Files (x86)\Intel\iCLS Client\;C:\Program Files\Intel\iCLS Client\;C:\WINDOWS\system32;C:\WINDOWS;C:\WINDOWS\System32\Wbem;C:\WINDOWS\System32\WindowsPowerShell\v1.0\;C:\Program Files\Hewlett-Packard\SimplePass\;C:\Program Files\Intel\Intel(R) Management Engine Components\DAL;C:\Program Files\Intel\Intel(R) Management Engine Components\IPT;C:\Program Files (x86)\Intel\Intel(R) Management Engine Components\DAL;C:\Program Files (x86)\Intel\Intel(R) Management Engine Components\IPT;C:\Program Files\Microsoft\Web Platform Installer\;C:\Program Files (x86)\Microsoft ASP.NET\ASP.NET Web Pages\v1.0\;C:\Program Files (x86)\Windows Kits\8.0\Windows Performance Toolkit\;C:\Program Files\Microsoft SQL Server\110\Tools\Binn\;c:\Program Files (x86)\Microsoft SQL Server\100\Tools\Binn\VSShell\Common7\IDE\;c:\Program Files (x86)\Microsoft SQL Server\100\Tools\Binn\;c:\Program Files\Microsoft SQL Server\100\Tools\Binn\;c:\Program Files (x86)\Microsoft SQL Server\100\DTS\Binn\;c:\Program Files\Microsoft SQL Server\100\DTS\Binn\;C:\Program Files (x86)\Common Files\lenovo\easyplussdk\bin;C:\Program Files\Git\cmd;C:\MinGW\bin;C:\msys\1.0\bin;C:\Qt\4.8.6\bin;C:\qtjambi-4.8.6\bin
USERNAME=hp
OS=Windows_NT
PROCESSOR_IDENTIFIER=Intel64 Family 6 Model 69 Stepping 1, GenuineIntel



---------------  S Y S T E M  ---------------

OS: Windows 10.0 , 64 bit Build 10240 (10.0.10240.17113)

CPU:total 4 (2 cores per cpu, 2 threads per core) family 6 model 69 stepping 1, cmov, cx8, fxsr, mmx, sse, sse2, sse3, ssse3, sse4.1, sse4.2, popcnt, avx, avx2, aes, clmul, erms, lzcnt, ht, tsc, tscinvbit, bmi1, bmi2

Memory: 4k page, physical 4122776k(1782404k free), swap 6351000k(3830552k free)

vm_info: Java HotSpot(TM) Client VM (25.91-b15) for windows-x86 JRE (1.8.0_91-b15), built on May 20 2016 17:33:18 by "java_re" with MS VC++ 10.0 (VS2010)

time: Fri Dec 02 15:24:39 2016
elapsed time: 301 seconds (0d 0h 5m 1s)

