#
# A fatal error has been detected by the Java Runtime Environment:
#
#  EXCEPTION_ACCESS_VIOLATION (0xc0000005) at pc=0x77191523, pid=8872, tid=10972
#
# JRE version: Java(TM) SE Runtime Environment (8.0_91-b15) (build 1.8.0_91-b15)
# Java VM: Java HotSpot(TM) Client VM (25.91-b15 mixed mode, sharing windows-x86 )
# Problematic frame:
# C  [QtCore4.dll+0x111523]
#
# Failed to write core dump. Minidumps are not enabled by default on client versions of Windows
#
# If you would like to submit a bug report, please visit:
#   http://bugreport.java.com/bugreport/crash.jsp
# The crash happened outside the Java Virtual Machine in native code.
# See problematic frame for where to report the bug.
#

---------------  T H R E A D  ---------------

Current thread (0x00b34400):  JavaThread "Finalizer" daemon [_thread_in_native, id=10972, stack(0x012d0000,0x01320000)]

siginfo: ExceptionCode=0xc0000005, reading address 0x00000018

Registers:
EAX=0x00000000, EBX=0x1867ae00, ECX=0x184ea728, EDX=0x00000000
ESP=0x0131f094, EBP=0x0131f148, ESI=0x64d077b0, EDI=0x184ea728
EIP=0x77191523, EFLAGS=0x00010206

Top of Stack: (sp=0x0131f094)
0x0131f094:   77183042 184e9e28 1867ae00 64afdc07
0x0131f0a4:   184ea728 7056dc3c 184ec928 1867ae00
0x0131f0b4:   0131f148 1863cef8 1867ae00 0131f13c
0x0131f0c4:   64cdbf4e 00000002 64afdcd8 772ea7b4
0x0131f0d4:   647960f6 00000001 7056ddd8 0000000e
0x0131f0e4:   184ec928 00000001 772ea7b4 00000001
0x0131f0f4:   772ea7c8 772ea7c8 0131f12c 76f1c54a
0x0131f104:   00520000 186b5238 184ec8a8 1863df18 

Instructions: (pc=0x77191523)
0x77191503:   07 5f 5d c3 c7 07 ff ff ff ff 5e 5b 5f 5d c3 cc
0x77191513:   cc cc cc cc cc cc cc cc cc cc cc cc cc 8b 41 04
0x77191523:   8b 48 18 b8 dc d0 26 77 85 c9 0f 45 c1 c3 cc cc
0x77191533:   cc cc cc cc cc cc cc cc cc cc cc cc cc 51 57 8b 


Register to memory mapping:

EAX=0x00000000 is an unknown value
EBX=0x1867ae00 is an unknown value
ECX=0x184ea728 is an unknown value
EDX=0x00000000 is an unknown value
ESP=0x0131f094 is pointing into the stack for thread: 0x00b34400
EBP=0x0131f148 is pointing into the stack for thread: 0x00b34400
ESI=0x64d077b0 is an unknown value
EDI=0x184ea728 is an unknown value


Stack: [0x012d0000,0x01320000],  sp=0x0131f094,  free space=316k
Native frames: (J=compiled Java code, j=interpreted, Vv=VM code, C=native code)
C  [QtCore4.dll+0x111523]
C  [QtGui4.dll+0x3bbb93]
C  [com_trolltech_qt_gui.dll+0x184e04]

Java frames: (J=compiled Java code, j=interpreted, Vv=VM code)
j  com.trolltech.qt.internal.QtJambiObject.finalize()V+0
J 345 C1 java.lang.ref.Finalizer.runFinalizer(Lsun/misc/JavaLangAccess;)V (62 bytes) @ 0x02893ec0 [0x02893d20+0x1a0]
J 344 C1 java.lang.ref.Finalizer.access$100(Ljava/lang/ref/Finalizer;Lsun/misc/JavaLangAccess;)V (6 bytes) @ 0x02893b14 [0x02893b00+0x14]
j  java.lang.ref.Finalizer$FinalizerThread.run()V+45
v  ~StubRoutines::call_stub

---------------  P R O C E S S  ---------------

Java Threads: ( => current thread )
  0x15255400 JavaThread "Thread-2" daemon [_thread_in_native, id=1956, stack(0x15f80000,0x15fd0000)]
  0x00b62800 JavaThread "Service Thread" daemon [_thread_blocked, id=9592, stack(0x15050000,0x150a0000)]
  0x00b40400 JavaThread "C1 CompilerThread0" daemon [_thread_blocked, id=9084, stack(0x14fc0000,0x15010000)]
  0x00b3f400 JavaThread "Attach Listener" daemon [_thread_blocked, id=8020, stack(0x14f30000,0x14f80000)]
  0x00b3d800 JavaThread "Signal Dispatcher" daemon [_thread_blocked, id=1744, stack(0x047b0000,0x04800000)]
=>0x00b34400 JavaThread "Finalizer" daemon [_thread_in_native, id=10972, stack(0x012d0000,0x01320000)]
  0x00ad7400 JavaThread "Reference Handler" daemon [_thread_blocked, id=10820, stack(0x01240000,0x01290000)]

Other Threads:
  0x00ad3800 VMThread [stack: 0x011b0000,0x01200000] [id=11188]

VM state:at safepoint (normal execution)

VM Mutex/Monitor currently owned by a thread:  ([mutex/lock_event])
[0x0064a9b8] Threads_lock - owner thread: 0x00ad3800
[0x0064b1c8] Heap_lock - owner thread: 0x0064c400

Heap:
 def new generation   total 4992K, used 45K [0x04800000, 0x04d60000, 0x09d50000)
  eden space 4480K,   1% used [0x04800000, 0x0480b4d0, 0x04c60000)
  from space 512K,   0% used [0x04c60000, 0x04c60000, 0x04ce0000)
  to   space 512K,   0% used [0x04ce0000, 0x04ce0000, 0x04d60000)
 tenured generation   total 10944K, used 2296K [0x09d50000, 0x0a800000, 0x14800000)
   the space 10944K,  20% used [0x09d50000, 0x09f8e1f8, 0x09f8e200, 0x0a800000)
 Metaspace       used 5463K, capacity 6124K, committed 6144K, reserved 6528K

Card table byte_map: [0x00c60000,0x00cf0000] byte_map_base: 0x00c3c000

Polling page: 0x00620000

CodeCache: size=32768Kb used=1174Kb max_used=1174Kb free=31593Kb
 bounds [0x02770000, 0x02898000, 0x04770000]
 total_blobs=553 nmethods=346 adapters=138
 compilation: enabled

Compilation events (10 events):
Event: 23.547 Thread 0x00b40400  344             java.lang.ref.Finalizer::access$100 (6 bytes)
Event: 23.548 Thread 0x00b40400 nmethod 344 0x02893a08 code [0x02893b00, 0x02893b8c]
Event: 23.548 Thread 0x00b40400  345   !         java.lang.ref.Finalizer::runFinalizer (62 bytes)
Event: 23.550 Thread 0x00b40400 nmethod 345 0x02893c08 code [0x02893d20, 0x02894048]
Event: 23.550 Thread 0x00b40400  346             java.lang.ref.Finalizer::hasBeenFinalized (14 bytes)
Event: 23.550 Thread 0x00b40400 nmethod 346 0x028941c8 code [0x028942c0, 0x02894350]
Event: 23.550 Thread 0x00b40400  347   !         java.lang.ref.Finalizer::remove (94 bytes)
Event: 23.551 Thread 0x00b40400 nmethod 347 0x02894388 code [0x02894490, 0x02894730]
Event: 23.551 Thread 0x00b40400  348             java.lang.System$2::invokeFinalize (5 bytes)
Event: 23.552 Thread 0x00b40400 nmethod 348 0x02894848 code [0x02894950, 0x028949ec]

GC Heap History (10 events):
Event: 7.541 GC heap before
{Heap before GC invocations=4 (full 0):
 def new generation   total 4928K, used 4928K [0x04800000, 0x04d50000, 0x09d50000)
  eden space 4416K, 100% used [0x04800000, 0x04c50000, 0x04c50000)
  from space 512K, 100% used [0x04c50000, 0x04cd0000, 0x04cd0000)
  to   space 512K,   0% used [0x04cd0000, 0x04cd0000, 0x04d50000)
 tenured generation   total 10944K, used 3068K [0x09d50000, 0x0a800000, 0x14800000)
   the space 10944K,  28% used [0x09d50000, 0x0a04f238, 0x0a04f400, 0x0a800000)
 Metaspace       used 4779K, capacity 5519K, committed 5632K, reserved 6528K
Event: 7.545 GC heap after
Heap after GC invocations=5 (full 0):
 def new generation   total 4928K, used 512K [0x04800000, 0x04d50000, 0x09d50000)
  eden space 4416K,   0% used [0x04800000, 0x04800000, 0x04c50000)
  from space 512K, 100% used [0x04cd0000, 0x04d50000, 0x04d50000)
  to   space 512K,   0% used [0x04c50000, 0x04c50000, 0x04cd0000)
 tenured generation   total 10944K, used 4301K [0x09d50000, 0x0a800000, 0x14800000)
   the space 10944K,  39% used [0x09d50000, 0x0a183628, 0x0a183800, 0x0a800000)
 Metaspace       used 4779K, capacity 5519K, committed 5632K, reserved 6528K
}
Event: 10.861 GC heap before
{Heap before GC invocations=5 (full 0):
 def new generation   total 4928K, used 4928K [0x04800000, 0x04d50000, 0x09d50000)
  eden space 4416K, 100% used [0x04800000, 0x04c50000, 0x04c50000)
  from space 512K, 100% used [0x04cd0000, 0x04d50000, 0x04d50000)
  to   space 512K,   0% used [0x04c50000, 0x04c50000, 0x04cd0000)
 tenured generation   total 10944K, used 4301K [0x09d50000, 0x0a800000, 0x14800000)
   the space 10944K,  39% used [0x09d50000, 0x0a183628, 0x0a183800, 0x0a800000)
 Metaspace       used 5180K, capacity 5935K, committed 6016K, reserved 6528K
Event: 10.864 GC heap after
Heap after GC invocations=6 (full 0):
 def new generation   total 4928K, used 512K [0x04800000, 0x04d50000, 0x09d50000)
  eden space 4416K,   0% used [0x04800000, 0x04800000, 0x04c50000)
  from space 512K, 100% used [0x04c50000, 0x04cd0000, 0x04cd0000)
  to   space 512K,   0% used [0x04cd0000, 0x04cd0000, 0x04d50000)
 tenured generation   total 10944K, used 4843K [0x09d50000, 0x0a800000, 0x14800000)
   the space 10944K,  44% used [0x09d50000, 0x0a20aea0, 0x0a20b000, 0x0a800000)
 Metaspace       used 5180K, capacity 5935K, committed 6016K, reserved 6528K
}
Event: 23.519 GC heap before
{Heap before GC invocations=6 (full 0):
 def new generation   total 4928K, used 3808K [0x04800000, 0x04d50000, 0x09d50000)
  eden space 4416K,  74% used [0x04800000, 0x04b383f0, 0x04c50000)
  from space 512K, 100% used [0x04c50000, 0x04cd0000, 0x04cd0000)
  to   space 512K,   0% used [0x04cd0000, 0x04cd0000, 0x04d50000)
 tenured generation   total 10944K, used 4843K [0x09d50000, 0x0a800000, 0x14800000)
   the space 10944K,  44% used [0x09d50000, 0x0a20aea0, 0x0a20b000, 0x0a800000)
 Metaspace       used 5423K, capacity 6097K, committed 6144K, reserved 6528K
Event: 23.543 GC heap after
Heap after GC invocations=7 (full 1):
 def new generation   total 4992K, used 0K [0x04800000, 0x04d60000, 0x09d50000)
  eden space 4480K,   0% used [0x04800000, 0x04800000, 0x04c60000)
  from space 512K,   0% used [0x04c60000, 0x04c60000, 0x04ce0000)
  to   space 512K,   0% used [0x04ce0000, 0x04ce0000, 0x04d60000)
 tenured generation   total 10944K, used 3519K [0x09d50000, 0x0a800000, 0x14800000)
   the space 10944K,  32% used [0x09d50000, 0x0a0bfd30, 0x0a0bfe00, 0x0a800000)
 Metaspace       used 5423K, capacity 6097K, committed 6144K, reserved 6528K
}
Event: 23.576 GC heap before
{Heap before GC invocations=7 (full 1):
 def new generation   total 4992K, used 271K [0x04800000, 0x04d60000, 0x09d50000)
  eden space 4480K,   6% used [0x04800000, 0x04843fe0, 0x04c60000)
  from space 512K,   0% used [0x04c60000, 0x04c60000, 0x04ce0000)
  to   space 512K,   0% used [0x04ce0000, 0x04ce0000, 0x04d60000)
 tenured generation   total 10944K, used 3519K [0x09d50000, 0x0a800000, 0x14800000)
   the space 10944K,  32% used [0x09d50000, 0x0a0bfd30, 0x0a0bfe00, 0x0a800000)
 Metaspace       used 5466K, capacity 6129K, committed 6144K, reserved 6528K
Event: 23.593 GC heap after
Heap after GC invocations=8 (full 2):
 def new generation   total 4992K, used 0K [0x04800000, 0x04d60000, 0x09d50000)
  eden space 4480K,   0% used [0x04800000, 0x04800000, 0x04c60000)
  from space 512K,   0% used [0x04c60000, 0x04c60000, 0x04ce0000)
  to   space 512K,   0% used [0x04ce0000, 0x04ce0000, 0x04d60000)
 tenured generation   total 10944K, used 2351K [0x09d50000, 0x0a800000, 0x14800000)
   the space 10944K,  21% used [0x09d50000, 0x09f9bc80, 0x09f9be00, 0x0a800000)
 Metaspace       used 5462K, capacity 6124K, committed 6144K, reserved 6528K
}
Event: 23.595 GC heap before
{Heap before GC invocations=8 (full 2):
 def new generation   total 4992K, used 90K [0x04800000, 0x04d60000, 0x09d50000)
  eden space 4480K,   2% used [0x04800000, 0x04816810, 0x04c60000)
  from space 512K,   0% used [0x04c60000, 0x04c60000, 0x04ce0000)
  to   space 512K,   0% used [0x04ce0000, 0x04ce0000, 0x04d60000)
 tenured generation   total 10944K, used 2351K [0x09d50000, 0x0a800000, 0x14800000)
   the space 10944K,  21% used [0x09d50000, 0x09f9bc80, 0x09f9be00, 0x0a800000)
 Metaspace       used 5463K, capacity 6124K, committed 6144K, reserved 6528K
Event: 23.610 GC heap after
Heap after GC invocations=9 (full 3):
 def new generation   total 4992K, used 0K [0x04800000, 0x04d60000, 0x09d50000)
  eden space 4480K,   0% used [0x04800000, 0x04800000, 0x04c60000)
  from space 512K,   0% used [0x04c60000, 0x04c60000, 0x04ce0000)
  to   space 512K,   0% used [0x04ce0000, 0x04ce0000, 0x04d60000)
 tenured generation   total 10944K, used 2296K [0x09d50000, 0x0a800000, 0x14800000)
   the space 10944K,  20% used [0x09d50000, 0x09f8e1f8, 0x09f8e200, 0x0a800000)
 Metaspace       used 5463K, capacity 6124K, committed 6144K, reserved 6528K
}

Deoptimization events (0 events):
No events

Internal exceptions (10 events):
Event: 0.596 Thread 0x0064c400 Exception <a 'java/lang/NoSuchFieldError': columnsInserted> (0x04b9a9c8) thrown at [C:\re\workspace\8-2-build-windows-i586-cygwin\jdk8u91\7017\hotspot\src\share\vm\prims\jni.cpp, line 2599]
Event: 0.596 Thread 0x0064c400 Exception <a 'java/lang/NoSuchFieldError': columnsRemoved> (0x04b9ac00) thrown at [C:\re\workspace\8-2-build-windows-i586-cygwin\jdk8u91\7017\hotspot\src\share\vm\prims\jni.cpp, line 2599]
Event: 0.596 Thread 0x0064c400 Exception <a 'java/lang/NoSuchFieldError': modelAboutToBeReset> (0x04b9ae48) thrown at [C:\re\workspace\8-2-build-windows-i586-cygwin\jdk8u91\7017\hotspot\src\share\vm\prims\jni.cpp, line 2599]
Event: 0.596 Thread 0x0064c400 Exception <a 'java/lang/NoSuchFieldError': modelReset> (0x04b9b078) thrown at [C:\re\workspace\8-2-build-windows-i586-cygwin\jdk8u91\7017\hotspot\src\share\vm\prims\jni.cpp, line 2599]
Event: 0.596 Thread 0x0064c400 Exception <a 'java/lang/NoSuchFieldError': rowsAboutToBeInserted> (0x04b9b2c0) thrown at [C:\re\workspace\8-2-build-windows-i586-cygwin\jdk8u91\7017\hotspot\src\share\vm\prims\jni.cpp, line 2599]
Event: 0.596 Thread 0x0064c400 Exception <a 'java/lang/NoSuchFieldError': rowsAboutToBeRemoved> (0x04b9b508) thrown at [C:\re\workspace\8-2-build-windows-i586-cygwin\jdk8u91\7017\hotspot\src\share\vm\prims\jni.cpp, line 2599]
Event: 0.596 Thread 0x0064c400 Exception <a 'java/lang/NoSuchFieldError': rowsInserted> (0x04b9b740) thrown at [C:\re\workspace\8-2-build-windows-i586-cygwin\jdk8u91\7017\hotspot\src\share\vm\prims\jni.cpp, line 2599]
Event: 0.596 Thread 0x0064c400 Exception <a 'java/lang/NoSuchFieldError': rowsRemoved> (0x04b9b978) thrown at [C:\re\workspace\8-2-build-windows-i586-cygwin\jdk8u91\7017\hotspot\src\share\vm\prims\jni.cpp, line 2599]
Event: 0.599 Thread 0x0064c400 Exception <a 'java/lang/ArrayIndexOutOfBoundsException'> (0x04bb8f48) thrown at [C:\re\workspace\8-2-build-windows-i586-cygwin\jdk8u91\7017\hotspot\src\share\vm\runtime\sharedRuntime.cpp, line 605]
Event: 23.595 Thread 0x15256000 Exception <a 'java/lang/InterruptedException': sleep interrupted> (0x0480b510) thrown at [C:\re\workspace\8-2-build-windows-i586-cygwin\jdk8u91\7017\hotspot\src\share\vm\prims\jvm.cpp, line 3215]

Events (10 events):
Event: 23.593 Executing VM operation: GenCollectFull done
Event: 23.594 Thread 0x15260400 Thread added: 0x15260400
Event: 23.594 Thread 0x15260400 Thread exited: 0x15260400
Event: 23.595 Thread 0x15256000 Thread exited: 0x15256000
Event: 23.595 Executing VM operation: GenCollectFull
Event: 23.610 Executing VM operation: GenCollectFull done
Event: 23.610 Thread 0x15255c00 Thread added: 0x15255c00
Event: 23.611 Thread 0x15255c00 Thread exited: 0x15255c00
Event: 23.611 Thread 0x15b39c00 Thread exited: 0x15b39c00
Event: 23.611 Thread 0x0064c400 Thread exited: 0x0064c400


Dynamic libraries:
0x01330000 - 0x01363000 	C:\Program Files (x86)\Java\jdk1.8.0_91\bin\java.exe
0x76ea0000 - 0x77019000 	C:\WINDOWS\SYSTEM32\ntdll.dll
0x76720000 - 0x76810000 	C:\WINDOWS\SYSTEM32\KERNEL32.DLL
0x76a50000 - 0x76bc6000 	C:\WINDOWS\SYSTEM32\KERNELBASE.dll
0x706d0000 - 0x70761000 	C:\WINDOWS\system32\apphelp.dll
0x761f0000 - 0x7626b000 	C:\WINDOWS\SYSTEM32\ADVAPI32.dll
0x76660000 - 0x7671e000 	C:\WINDOWS\SYSTEM32\msvcrt.dll
0x74960000 - 0x749a3000 	C:\WINDOWS\SYSTEM32\sechost.dll
0x76290000 - 0x7633c000 	C:\WINDOWS\SYSTEM32\RPCRT4.dll
0x73fb0000 - 0x73fce000 	C:\WINDOWS\SYSTEM32\SspiCli.dll
0x73fa0000 - 0x73faa000 	C:\WINDOWS\SYSTEM32\CRYPTBASE.dll
0x73f40000 - 0x73f99000 	C:\WINDOWS\SYSTEM32\bcryptPrimitives.dll
0x74b10000 - 0x74c50000 	C:\WINDOWS\SYSTEM32\USER32.dll
0x76410000 - 0x7655d000 	C:\WINDOWS\SYSTEM32\GDI32.dll
0x6b080000 - 0x6b289000 	C:\WINDOWS\WinSxS\x86_microsoft.windows.common-controls_6595b64144ccf1df_6.0.10240.17184_none_3bcab1476bcee5ec\COMCTL32.dll
0x76bd0000 - 0x76bfb000 	C:\WINDOWS\SYSTEM32\IMM32.DLL
0x76020000 - 0x76140000 	C:\WINDOWS\SYSTEM32\MSCTF.dll
0x5cca0000 - 0x5cd5d000 	C:\Program Files (x86)\Java\jdk1.8.0_91\jre\bin\msvcr100.dll
0x56160000 - 0x5652a000 	C:\Program Files (x86)\Java\jdk1.8.0_91\jre\bin\client\jvm.dll
0x76010000 - 0x76016000 	C:\WINDOWS\SYSTEM32\PSAPI.DLL
0x70980000 - 0x70988000 	C:\WINDOWS\SYSTEM32\WSOCK32.dll
0x70950000 - 0x70974000 	C:\WINDOWS\SYSTEM32\WINMM.dll
0x73f30000 - 0x73f38000 	C:\WINDOWS\SYSTEM32\VERSION.dll
0x76360000 - 0x763bb000 	C:\WINDOWS\SYSTEM32\WS2_32.dll
0x761e0000 - 0x761e7000 	C:\WINDOWS\SYSTEM32\NSI.dll
0x006b0000 - 0x006d3000 	C:\WINDOWS\SYSTEM32\WINMMBASE.dll
0x74920000 - 0x74956000 	C:\WINDOWS\SYSTEM32\cfgmgr32.dll
0x70850000 - 0x70871000 	C:\WINDOWS\SYSTEM32\DEVOBJ.dll
0x6fbd0000 - 0x6fbdc000 	C:\Program Files (x86)\Java\jdk1.8.0_91\jre\bin\verify.dll
0x5d6a0000 - 0x5d6c1000 	C:\Program Files (x86)\Java\jdk1.8.0_91\jre\bin\java.dll
0x645c0000 - 0x645d3000 	C:\Program Files (x86)\Java\jdk1.8.0_91\jre\bin\zip.dll
0x74c50000 - 0x7600f000 	C:\WINDOWS\SYSTEM32\SHELL32.dll
0x74440000 - 0x7491c000 	C:\WINDOWS\SYSTEM32\windows.storage.dll
0x76ce0000 - 0x76e9a000 	C:\WINDOWS\SYSTEM32\combase.dll
0x740d0000 - 0x74114000 	C:\WINDOWS\SYSTEM32\shlwapi.dll
0x74a10000 - 0x74a1c000 	C:\WINDOWS\SYSTEM32\kernel.appcore.dll
0x73fd0000 - 0x7405d000 	C:\WINDOWS\SYSTEM32\shcore.dll
0x763c0000 - 0x76404000 	C:\WINDOWS\SYSTEM32\powrprof.dll
0x76350000 - 0x7635f000 	C:\WINDOWS\SYSTEM32\profapi.dll
0x77080000 - 0x77302000 	C:\Users\hp\AppData\Local\Temp\QtJambi_hp_x86_4.8.6_msvc2012-20150122-2344\lib\QtCore4.dll
0x74a20000 - 0x74b0a000 	C:\WINDOWS\SYSTEM32\ole32.dll
0x57b40000 - 0x57bc5000 	C:\WINDOWS\SYSTEM32\MSVCP110.dll
0x533d0000 - 0x534a6000 	C:\WINDOWS\SYSTEM32\MSVCR110.dll
0x773a0000 - 0x773d6000 	C:\Users\hp\AppData\Local\Temp\QtJambi_hp_x86_4.8.6_msvc2012-20150122-2344\lib\qtjambi.dll
0x15d70000 - 0x15e73000 	C:\Users\hp\AppData\Local\Temp\QtJambi_hp_x86_4.8.6_msvc2012-20150122-2344\lib\com_trolltech_qt_core.dll
0x64740000 - 0x64f97000 	C:\Users\hp\AppData\Local\Temp\QtJambi_hp_x86_4.8.6_msvc2012-20150122-2344\lib\QtGui4.dll
0x76810000 - 0x768ce000 	C:\WINDOWS\SYSTEM32\COMDLG32.dll
0x76140000 - 0x761d5000 	C:\WINDOWS\SYSTEM32\OLEAUT32.dll
0x60f30000 - 0x60f97000 	C:\WINDOWS\SYSTEM32\WINSPOOL.DRV
0x71800000 - 0x7181b000 	C:\WINDOWS\SYSTEM32\bcrypt.dll
0x16210000 - 0x167b0000 	C:\Users\hp\AppData\Local\Temp\QtJambi_hp_x86_4.8.6_msvc2012-20150122-2344\lib\com_trolltech_qt_gui.dll
0x715e0000 - 0x71655000 	C:\WINDOWS\system32\uxtheme.dll
0x709f0000 - 0x70a0d000 	C:\WINDOWS\system32\dwmapi.dll
0x77070000 - 0x7707a000 	C:\Users\hp\AppData\Local\Temp\QtJambi_hp_x86_4.8.6_msvc2012-20150122-2344\plugins\imageformats\qgif4.dll
0x77060000 - 0x7706c000 	C:\Users\hp\AppData\Local\Temp\QtJambi_hp_x86_4.8.6_msvc2012-20150122-2344\plugins\imageformats\qico4.dll
0x77020000 - 0x7705d000 	C:\Users\hp\AppData\Local\Temp\QtJambi_hp_x86_4.8.6_msvc2012-20150122-2344\plugins\imageformats\qjpeg4.dll
0x16190000 - 0x161ca000 	C:\Users\hp\AppData\Local\Temp\QtJambi_hp_x86_4.8.6_msvc2012-20150122-2344\plugins\imageformats\qmng4.dll
0x16890000 - 0x168da000 	C:\Users\hp\AppData\Local\Temp\QtJambi_hp_x86_4.8.6_msvc2012-20150122-2344\plugins\imageformats\qtiff4.dll
0x71820000 - 0x71833000 	C:\WINDOWS\SYSTEM32\cryptsp.dll
0x717d0000 - 0x717ff000 	C:\WINDOWS\system32\rsaenh.dll
0x76c00000 - 0x76c82000 	C:\WINDOWS\SYSTEM32\clbcatq.dll
0x65140000 - 0x6517f000 	C:\WINDOWS\system32\dataexchange.dll
0x65240000 - 0x65453000 	C:\WINDOWS\system32\d3d11.dll
0x16ef0000 - 0x17378000 	C:\WINDOWS\system32\d2d1.dll
0x650a0000 - 0x6513c000 	C:\WINDOWS\system32\dcomp.dll
0x651c0000 - 0x6523e000 	C:\WINDOWS\system32\dxgi.dll
0x6aae0000 - 0x6ab9c000 	C:\WINDOWS\system32\twinapi.appcore.dll
0x73ea0000 - 0x73eb9000 	C:\WINDOWS\system32\USERENV.dll
0x70880000 - 0x70912000 	C:\WINDOWS\WinSxS\x86_microsoft.windows.common-controls_6595b64144ccf1df_5.82.10240.16384_none_49c02355cf03478c\comctl32.dll
0x56100000 - 0x56120000 	C:\Program Files (x86)\Java\jdk1.8.0_91\jre\bin\sunec.dll
0x560f0000 - 0x560f9000 	C:\Program Files (x86)\Java\jdk1.8.0_91\jre\bin\sunmscapi.dll
0x768d0000 - 0x76a45000 	C:\WINDOWS\SYSTEM32\CRYPT32.dll
0x740c0000 - 0x740ce000 	C:\WINDOWS\SYSTEM32\MSASN1.dll
0x5cc30000 - 0x5cc46000 	C:\Program Files (x86)\Java\jdk1.8.0_91\jre\bin\net.dll
0x739b0000 - 0x739fe000 	C:\WINDOWS\system32\mswsock.dll
0x6b7f0000 - 0x6b874000 	C:\WINDOWS\SYSTEM32\DNSAPI.dll
0x6aca0000 - 0x6acc1000 	C:\Program Files (x86)\Bonjour\mdnsNSP.dll
0x73a00000 - 0x73a30000 	C:\WINDOWS\SYSTEM32\Iphlpapi.DLL
0x736d0000 - 0x736d8000 	C:\WINDOWS\SYSTEM32\WINNSI.DLL
0x6ba10000 - 0x6ba18000 	C:\Windows\System32\rasadhlp.dll
0x6a710000 - 0x6a756000 	C:\WINDOWS\System32\fwpuclnt.dll
0x64600000 - 0x64654000 	C:\WINDOWS\SYSTEM32\MMDevAPI.DLL
0x69330000 - 0x69472000 	C:\WINDOWS\SYSTEM32\PROPSYS.dll
0x77440000 - 0x77478000 	C:\WINDOWS\SYSTEM32\wdmaud.drv
0x77850000 - 0x77857000 	C:\WINDOWS\SYSTEM32\ksuser.dll
0x607a0000 - 0x607a9000 	C:\WINDOWS\SYSTEM32\AVRT.dll
0x64660000 - 0x646c9000 	C:\WINDOWS\SYSTEM32\AUDIOSES.DLL
0x6aa10000 - 0x6aad5000 	C:\WINDOWS\SYSTEM32\wintypes.dll
0x77840000 - 0x77849000 	C:\WINDOWS\SYSTEM32\msacm32.drv
0x77420000 - 0x77438000 	C:\WINDOWS\SYSTEM32\MSACM32.dll
0x77830000 - 0x77838000 	C:\WINDOWS\SYSTEM32\midimap.dll
0x6adf0000 - 0x6af2f000 	C:\WINDOWS\SYSTEM32\dbghelp.dll

VM Arguments:
jvm_args: -Dfile.encoding=UTF-8 
java_command: secured_pass.Secured_Pass
java_class_path (initial): C:\qtjambi-4.8.6\qtjambi-4.8.6.jar;C:\qtjambi-4.8.6\qtjambi-designer-4.8.6.jar;C:\qtjambi-4.8.6\qtjambi-examples-4.8.6.jar;C:\qtjambi-4.8.6\qtjambi-examples-src-4.8.6.jar;C:\qtjambi-4.8.6\qtjambi-native-win32-msvc2012-4.8.6.jar;C:\java jar\jdbc-api-1.4.jar;C:\Program Files (x86)\Java\jdk1.8.0_91\db\lib\derbyclient.jar;C:\Users\hp\Documents\NetBeansProjects\Secured_Pass\build\classes
Launcher Type: SUN_STANDARD

Environment Variables:
JAVA_HOME=C:\Program Files (x86)\Java\jdk1.8.0_91
PATH=C:\ProgramData\Oracle\Java\javapath;C:\Program Files\Broadcom\Broadcom 802.11;C:\Program Files (x86)\NVIDIA Corporation\PhysX\Common;C:\Program Files (x86)\Intel\iCLS Client\;C:\Program Files\Intel\iCLS Client\;C:\WINDOWS\system32;C:\WINDOWS;C:\WINDOWS\System32\Wbem;C:\WINDOWS\System32\WindowsPowerShell\v1.0\;C:\Program Files\Hewlett-Packard\SimplePass\;C:\Program Files\Intel\Intel(R) Management Engine Components\DAL;C:\Program Files\Intel\Intel(R) Management Engine Components\IPT;C:\Program Files (x86)\Intel\Intel(R) Management Engine Components\DAL;C:\Program Files (x86)\Intel\Intel(R) Management Engine Components\IPT;C:\Program Files\Microsoft\Web Platform Installer\;C:\Program Files (x86)\Microsoft ASP.NET\ASP.NET Web Pages\v1.0\;C:\Program Files (x86)\Windows Kits\8.0\Windows Performance Toolkit\;C:\Program Files\Microsoft SQL Server\110\Tools\Binn\;c:\Program Files (x86)\Microsoft SQL Server\100\Tools\Binn\VSShell\Common7\IDE\;c:\Program Files (x86)\Microsoft SQL Server\100\Tools\Binn\;c:\Program Files\Microsoft SQL Server\100\Tools\Binn\;c:\Program Files (x86)\Microsoft SQL Server\100\DTS\Binn\;c:\Program Files\Microsoft SQL Server\100\DTS\Binn\;C:\Program Files (x86)\Common Files\lenovo\easyplussdk\bin;C:\Program Files\Git\cmd;C:\MinGW\bin;C:\msys\1.0\bin;C:\Qt\4.8.6\bin;C:\qtjambi-4.8.6\bin
USERNAME=hp
OS=Windows_NT
PROCESSOR_IDENTIFIER=Intel64 Family 6 Model 69 Stepping 1, GenuineIntel



---------------  S Y S T E M  ---------------

OS: Windows 10.0 , 64 bit Build 10240 (10.0.10240.17113)

CPU:total 4 (2 cores per cpu, 2 threads per core) family 6 model 69 stepping 1, cmov, cx8, fxsr, mmx, sse, sse2, sse3, ssse3, sse4.1, sse4.2, popcnt, avx, avx2, aes, clmul, erms, lzcnt, ht, tsc, tscinvbit, bmi1, bmi2

Memory: 4k page, physical 4122776k(746064k free), swap 6351000k(1399432k free)

vm_info: Java HotSpot(TM) Client VM (25.91-b15) for windows-x86 JRE (1.8.0_91-b15), built on May 20 2016 17:33:18 by "java_re" with MS VC++ 10.0 (VS2010)

time: Tue Nov 29 22:30:24 2016
elapsed time: 23 seconds (0d 0h 0m 23s)

