#
# A fatal error has been detected by the Java Runtime Environment:
#
#  EXCEPTION_ACCESS_VIOLATION (0xc0000005) at pc=0x77191523, pid=9148, tid=2272
#
# JRE version: Java(TM) SE Runtime Environment (8.0_91-b15) (build 1.8.0_91-b15)
# Java VM: Java HotSpot(TM) Client VM (25.91-b15 mixed mode, sharing windows-x86 )
# Problematic frame:
# C  [QtCore4.dll+0x111523]
#
# Failed to write core dump. Minidumps are not enabled by default on client versions of Windows
#
# If you would like to submit a bug report, please visit:
#   http://bugreport.java.com/bugreport/crash.jsp
# The crash happened outside the Java Virtual Machine in native code.
# See problematic frame for where to report the bug.
#

---------------  T H R E A D  ---------------

Current thread (0x011f4400):  JavaThread "Finalizer" daemon [_thread_in_native, id=2272, stack(0x15970000,0x159c0000)]

siginfo: ExceptionCode=0xc0000005, reading address 0x00000018

Registers:
EAX=0x00000000, EBX=0x18c05f80, ECX=0x1808dc48, EDX=0x00000000
ESP=0x159bf3a4, EBP=0x159bf458, ESI=0x64d077b0, EDI=0x1808dc48
EIP=0x77191523, EFLAGS=0x00010206

Top of Stack: (sp=0x159bf3a4)
0x159bf3a4:   77183042 1808d4e8 18c05f80 64afdc07
0x159bf3b4:   1808dc48 72105e66 1808ff68 18c05f80
0x159bf3c4:   159bf458 18bcd2a8 18c05f80 159bf44c
0x159bf3d4:   64cdbf4e 00000002 64afdcd8 772ea7b4
0x159bf3e4:   647960f6 00000001 72105982 0000000e
0x159bf3f4:   1808ff68 00000001 772ea7b4 00000001
0x159bf404:   772ea7c8 772ea7c8 159bf43c 76f1c54a
0x159bf414:   00990000 18aaf120 1808fbc8 18bcd960 

Instructions: (pc=0x77191523)
0x77191503:   07 5f 5d c3 c7 07 ff ff ff ff 5e 5b 5f 5d c3 cc
0x77191513:   cc cc cc cc cc cc cc cc cc cc cc cc cc 8b 41 04
0x77191523:   8b 48 18 b8 dc d0 26 77 85 c9 0f 45 c1 c3 cc cc
0x77191533:   cc cc cc cc cc cc cc cc cc cc cc cc cc 51 57 8b 


Register to memory mapping:

EAX=0x00000000 is an unknown value
EBX=0x18c05f80 is an unknown value
ECX=0x1808dc48 is an unknown value
EDX=0x00000000 is an unknown value
ESP=0x159bf3a4 is pointing into the stack for thread: 0x011f4400
EBP=0x159bf458 is pointing into the stack for thread: 0x011f4400
ESI=0x64d077b0 is an unknown value
EDI=0x1808dc48 is an unknown value


Stack: [0x15970000,0x159c0000],  sp=0x159bf3a4,  free space=316k
Native frames: (J=compiled Java code, j=interpreted, Vv=VM code, C=native code)
C  [QtCore4.dll+0x111523]
C  [QtGui4.dll+0x3bbb93]
C  [com_trolltech_qt_gui.dll+0x184e04]

Java frames: (J=compiled Java code, j=interpreted, Vv=VM code)
j  com.trolltech.qt.internal.QtJambiObject.finalize()V+0
J 340 C1 java.lang.ref.Finalizer.runFinalizer(Lsun/misc/JavaLangAccess;)V (62 bytes) @ 0x02893100 [0x02892f60+0x1a0]
J 339 C1 java.lang.ref.Finalizer.access$100(Ljava/lang/ref/Finalizer;Lsun/misc/JavaLangAccess;)V (6 bytes) @ 0x02892d54 [0x02892d40+0x14]
j  java.lang.ref.Finalizer$FinalizerThread.run()V+45
v  ~StubRoutines::call_stub

---------------  P R O C E S S  ---------------

Java Threads: ( => current thread )
  0x1634e400 JavaThread "·∂ê·íÄ¿Ä¿Ä·∏Ä·íÄ‡µ∞·ïÄƒ∞·ïÄ¿Ä¿Ä¿Ä¿Ä¿Ä¿Ä¿Ä¿Ä¿Ä¿Ä¿Ä¿Ä‰òà‡ß°‡µ∞·ïÄ¿Ä¿Ä" daemon [_thread_blocked, id=10196, stack(0x175b0000,0x17600000)]
  0x0116c400 
[error occurred during error reporting (printing all threads), id 0xc0000005]

VM state:at safepoint (normal execution)

VM Mutex/Monitor currently owned by a thread:  ([mutex/lock_event])
[0x0116af00] Threads_lock - owner thread: 0x01193800
[0x0116be60] Heap_lock - owner thread: 0x1634e400

Heap:
 def new generation   total 4992K, used 95K [0x04800000, 0x04d60000, 0x09d50000)
  eden space 4480K,   2% used [0x04800000, 0x04817cf8, 0x04c60000)
  from space 512K,   0% used [0x04c60000, 0x04c60000, 0x04ce0000)
  to   space 512K,   0% used [0x04ce0000, 0x04ce0000, 0x04d60000)
 tenured generation   total 10944K, used 2907K [0x09d50000, 0x0a800000, 0x14800000)
   the space 10944K,  26% used [0x09d50000, 0x0a026ea8, 0x0a018e00, 0x0a800000)
 Metaspace       used 5455K, capacity 6127K, committed 6144K, reserved 6528K

Card table byte_map: [0x01270000,0x01300000] byte_map_base: 0x0124c000

Polling page: 0x00cd0000

CodeCache: size=32768Kb used=1173Kb max_used=1173Kb free=31594Kb
 bounds [0x02770000, 0x02898000, 0x04770000]
 total_blobs=550 nmethods=343 adapters=138
 compilation: enabled

Compilation events (10 events):
Event: 12.970 Thread 0x01202c00 nmethod 340 0x02892e48 code [0x02892f60, 0x02893288]
Event: 12.970 Thread 0x01202c00  341             java.lang.ref.Finalizer::hasBeenFinalized (14 bytes)
Event: 12.971 Thread 0x01202c00 nmethod 341 0x02893408 code [0x02893500, 0x02893590]
Event: 12.971 Thread 0x01202c00  342   !         java.lang.ref.Finalizer::remove (94 bytes)
Event: 12.971 Thread 0x01202c00 nmethod 342 0x028935c8 code [0x028936d0, 0x02893970]
Event: 12.971 Thread 0x01202c00  343             java.lang.System$2::invokeFinalize (5 bytes)
Event: 12.971 Thread 0x01202c00 nmethod 343 0x02893a88 code [0x02893b90, 0x02893c2c]
Event: 12.997 Thread 0x01202c00  344             java.util.Vector::elementData (7 bytes)
Event: 13.014 Thread 0x01202c00 nmethod 344 0x02894ac8 code [0x02894bc0, 0x02894c60]
Event: 13.014 Thread 0x01202c00  345  s          java.util.Vector::elementAt (48 bytes)

GC Heap History (10 events):
Event: 8.247 GC heap before
{Heap before GC invocations=3 (full 0):
 def new generation   total 4928K, used 4928K [0x04800000, 0x04d50000, 0x09d50000)
  eden space 4416K, 100% used [0x04800000, 0x04c50000, 0x04c50000)
  from space 512K, 100% used [0x04cd0000, 0x04d50000, 0x04d50000)
  to   space 512K,   0% used [0x04c50000, 0x04c50000, 0x04cd0000)
 tenured generation   total 10944K, used 2311K [0x09d50000, 0x0a800000, 0x14800000)
   the space 10944K,  21% used [0x09d50000, 0x09f91f40, 0x09f92000, 0x0a800000)
 Metaspace       used 3728K, capacity 4748K, committed 4864K, reserved 5504K
Event: 8.251 GC heap after
Heap after GC invocations=4 (full 0):
 def new generation   total 4928K, used 512K [0x04800000, 0x04d50000, 0x09d50000)
  eden space 4416K,   0% used [0x04800000, 0x04800000, 0x04c50000)
  from space 512K, 100% used [0x04c50000, 0x04cd0000, 0x04cd0000)
  to   space 512K,   0% used [0x04cd0000, 0x04cd0000, 0x04d50000)
 tenured generation   total 10944K, used 3069K [0x09d50000, 0x0a800000, 0x14800000)
   the space 10944K,  28% used [0x09d50000, 0x0a04f6c8, 0x0a04f800, 0x0a800000)
 Metaspace       used 3728K, capacity 4748K, committed 4864K, reserved 5504K
}
Event: 8.382 GC heap before
{Heap before GC invocations=4 (full 0):
 def new generation   total 4928K, used 4928K [0x04800000, 0x04d50000, 0x09d50000)
  eden space 4416K, 100% used [0x04800000, 0x04c50000, 0x04c50000)
  from space 512K, 100% used [0x04c50000, 0x04cd0000, 0x04cd0000)
  to   space 512K,   0% used [0x04cd0000, 0x04cd0000, 0x04d50000)
 tenured generation   total 10944K, used 3069K [0x09d50000, 0x0a800000, 0x14800000)
   the space 10944K,  28% used [0x09d50000, 0x0a04f6c8, 0x0a04f800, 0x0a800000)
 Metaspace       used 4782K, capacity 5551K, committed 5632K, reserved 6528K
Event: 8.387 GC heap after
Heap after GC invocations=5 (full 0):
 def new generation   total 4928K, used 512K [0x04800000, 0x04d50000, 0x09d50000)
  eden space 4416K,   0% used [0x04800000, 0x04800000, 0x04c50000)
  from space 512K, 100% used [0x04cd0000, 0x04d50000, 0x04d50000)
  to   space 512K,   0% used [0x04c50000, 0x04c50000, 0x04cd0000)
 tenured generation   total 10944K, used 4302K [0x09d50000, 0x0a800000, 0x14800000)
   the space 10944K,  39% used [0x09d50000, 0x0a183b68, 0x0a183c00, 0x0a800000)
 Metaspace       used 4782K, capacity 5551K, committed 5632K, reserved 6528K
}
Event: 11.298 GC heap before
{Heap before GC invocations=5 (full 0):
 def new generation   total 4928K, used 4928K [0x04800000, 0x04d50000, 0x09d50000)
  eden space 4416K, 100% used [0x04800000, 0x04c50000, 0x04c50000)
  from space 512K, 100% used [0x04cd0000, 0x04d50000, 0x04d50000)
  to   space 512K,   0% used [0x04c50000, 0x04c50000, 0x04cd0000)
 tenured generation   total 10944K, used 4302K [0x09d50000, 0x0a800000, 0x14800000)
   the space 10944K,  39% used [0x09d50000, 0x0a183b68, 0x0a183c00, 0x0a800000)
 Metaspace       used 5182K, capacity 5935K, committed 6016K, reserved 6528K
Event: 11.301 GC heap after
Heap after GC invocations=6 (full 0):
 def new generation   total 4928K, used 512K [0x04800000, 0x04d50000, 0x09d50000)
  eden space 4416K,   0% used [0x04800000, 0x04800000, 0x04c50000)
  from space 512K, 100% used [0x04c50000, 0x04cd0000, 0x04cd0000)
  to   space 512K,   0% used [0x04cd0000, 0x04cd0000, 0x04d50000)
 tenured generation   total 10944K, used 4841K [0x09d50000, 0x0a800000, 0x14800000)
   the space 10944K,  44% used [0x09d50000, 0x0a20a458, 0x0a20a600, 0x0a800000)
 Metaspace       used 5182K, capacity 5935K, committed 6016K, reserved 6528K
}
Event: 12.947 GC heap before
{Heap before GC invocations=6 (full 0):
 def new generation   total 4928K, used 3193K [0x04800000, 0x04d50000, 0x09d50000)
  eden space 4416K,  60% used [0x04800000, 0x04a9e470, 0x04c50000)
  from space 512K, 100% used [0x04c50000, 0x04cd0000, 0x04cd0000)
  to   space 512K,   0% used [0x04cd0000, 0x04cd0000, 0x04d50000)
 tenured generation   total 10944K, used 4841K [0x09d50000, 0x0a800000, 0x14800000)
   the space 10944K,  44% used [0x09d50000, 0x0a20a458, 0x0a20a600, 0x0a800000)
 Metaspace       used 5411K, capacity 6095K, committed 6144K, reserved 6528K
Event: 12.966 GC heap after
Heap after GC invocations=7 (full 1):
 def new generation   total 4992K, used 0K [0x04800000, 0x04d60000, 0x09d50000)
  eden space 4480K,   0% used [0x04800000, 0x04800000, 0x04c60000)
  from space 512K,   0% used [0x04c60000, 0x04c60000, 0x04ce0000)
  to   space 512K,   0% used [0x04ce0000, 0x04ce0000, 0x04d60000)
 tenured generation   total 10944K, used 3482K [0x09d50000, 0x0a800000, 0x14800000)
   the space 10944K,  31% used [0x09d50000, 0x0a0b6a88, 0x0a0b6c00, 0x0a800000)
 Metaspace       used 5411K, capacity 6095K, committed 6144K, reserved 6528K
}
Event: 12.997 GC heap before
{Heap before GC invocations=7 (full 1):
 def new generation   total 4992K, used 228K [0x04800000, 0x04d60000, 0x09d50000)
  eden space 4480K,   5% used [0x04800000, 0x048391d8, 0x04c60000)
  from space 512K,   0% used [0x04c60000, 0x04c60000, 0x04ce0000)
  to   space 512K,   0% used [0x04ce0000, 0x04ce0000, 0x04d60000)
 tenured generation   total 10944K, used 3482K [0x09d50000, 0x0a800000, 0x14800000)
   the space 10944K,  31% used [0x09d50000, 0x0a0b6a88, 0x0a0b6c00, 0x0a800000)
 Metaspace       used 5455K, capacity 6127K, committed 6144K, reserved 6528K
Event: 13.014 GC heap after
Heap after GC invocations=8 (full 2):
 def new generation   total 4992K, used 0K [0x04800000, 0x04d60000, 0x09d50000)
  eden space 4480K,   0% used [0x04800000, 0x04800000, 0x04c60000)
  from space 512K,   0% used [0x04c60000, 0x04c60000, 0x04ce0000)
  to   space 512K,   0% used [0x04ce0000, 0x04ce0000, 0x04d60000)
 tenured generation   total 10944K, used 2907K [0x09d50000, 0x0a800000, 0x14800000)
   the space 10944K,  26% used [0x09d50000, 0x0a026ea8, 0x0a027000, 0x0a800000)
 Metaspace       used 5455K, capacity 6127K, committed 6144K, reserved 6528K
}

Deoptimization events (0 events):
No events

Internal exceptions (10 events):
Event: 0.644 Thread 0x0116c400 Exception <a 'java/lang/NoSuchFieldError': columnsInserted> (0x04b99b38) thrown at [C:\re\workspace\8-2-build-windows-i586-cygwin\jdk8u91\7017\hotspot\src\share\vm\prims\jni.cpp, line 2599]
Event: 0.644 Thread 0x0116c400 Exception <a 'java/lang/NoSuchFieldError': columnsRemoved> (0x04b99d70) thrown at [C:\re\workspace\8-2-build-windows-i586-cygwin\jdk8u91\7017\hotspot\src\share\vm\prims\jni.cpp, line 2599]
Event: 0.644 Thread 0x0116c400 Exception <a 'java/lang/NoSuchFieldError': modelAboutToBeReset> (0x04b99fb8) thrown at [C:\re\workspace\8-2-build-windows-i586-cygwin\jdk8u91\7017\hotspot\src\share\vm\prims\jni.cpp, line 2599]
Event: 0.644 Thread 0x0116c400 Exception <a 'java/lang/NoSuchFieldError': modelReset> (0x04b9a1e8) thrown at [C:\re\workspace\8-2-build-windows-i586-cygwin\jdk8u91\7017\hotspot\src\share\vm\prims\jni.cpp, line 2599]
Event: 0.644 Thread 0x0116c400 Exception <a 'java/lang/NoSuchFieldError': rowsAboutToBeInserted> (0x04b9a430) thrown at [C:\re\workspace\8-2-build-windows-i586-cygwin\jdk8u91\7017\hotspot\src\share\vm\prims\jni.cpp, line 2599]
Event: 0.644 Thread 0x0116c400 Exception <a 'java/lang/NoSuchFieldError': rowsAboutToBeRemoved> (0x04b9a678) thrown at [C:\re\workspace\8-2-build-windows-i586-cygwin\jdk8u91\7017\hotspot\src\share\vm\prims\jni.cpp, line 2599]
Event: 0.644 Thread 0x0116c400 Exception <a 'java/lang/NoSuchFieldError': rowsInserted> (0x04b9a8b0) thrown at [C:\re\workspace\8-2-build-windows-i586-cygwin\jdk8u91\7017\hotspot\src\share\vm\prims\jni.cpp, line 2599]
Event: 0.644 Thread 0x0116c400 Exception <a 'java/lang/NoSuchFieldError': rowsRemoved> (0x04b9aae8) thrown at [C:\re\workspace\8-2-build-windows-i586-cygwin\jdk8u91\7017\hotspot\src\share\vm\prims\jni.cpp, line 2599]
Event: 0.646 Thread 0x0116c400 Exception <a 'java/lang/ArrayIndexOutOfBoundsException'> (0x04bb80c0) thrown at [C:\re\workspace\8-2-build-windows-i586-cygwin\jdk8u91\7017\hotspot\src\share\vm\runtime\sharedRuntime.cpp, line 605]
Event: 11.357 Thread 0x0116c400 Exception <a 'java/lang/reflect/InvocationTargetException'> (0x04a45a48) thrown at [C:\re\workspace\8-2-build-windows-i586-cygwin\jdk8u91\7017\hotspot\src\share\vm\runtime\reflection.cpp, line 1092]

Events (10 events):
Event: 12.989 loading class sun/reflect/UnsafeIntegerFieldAccessorImpl
Event: 12.990 loading class sun/reflect/UnsafeIntegerFieldAccessorImpl done
Event: 12.990 loading class sun/reflect/UnsafeStaticObjectFieldAccessorImpl
Event: 12.990 loading class sun/reflect/UnsafeStaticObjectFieldAccessorImpl done
Event: 12.995 loading class com/trolltech/qt/gui/QBrush
Event: 12.995 loading class com/trolltech/qt/gui/QBrush done
Event: 12.997 Executing VM operation: GenCollectFull
Event: 13.014 Executing VM operation: GenCollectFull done
Event: 13.014 Thread 0x1634ec00 Thread added: 0x1634ec00
Event: 13.014 Thread 0x1634ec00 Thread exited: 0x1634ec00


Dynamic libraries:
0x01330000 - 0x01363000 	C:\Program Files (x86)\Java\jdk1.8.0_91\bin\java.exe
0x76ea0000 - 0x77019000 	C:\WINDOWS\SYSTEM32\ntdll.dll
0x76720000 - 0x76810000 	C:\WINDOWS\SYSTEM32\KERNEL32.DLL
0x76a50000 - 0x76bc6000 	C:\WINDOWS\SYSTEM32\KERNELBASE.dll
0x706d0000 - 0x70761000 	C:\WINDOWS\system32\apphelp.dll
0x761f0000 - 0x7626b000 	C:\WINDOWS\SYSTEM32\ADVAPI32.dll
0x76660000 - 0x7671e000 	C:\WINDOWS\SYSTEM32\msvcrt.dll
0x74960000 - 0x749a3000 	C:\WINDOWS\SYSTEM32\sechost.dll
0x76290000 - 0x7633c000 	C:\WINDOWS\SYSTEM32\RPCRT4.dll
0x73fb0000 - 0x73fce000 	C:\WINDOWS\SYSTEM32\SspiCli.dll
0x73fa0000 - 0x73faa000 	C:\WINDOWS\SYSTEM32\CRYPTBASE.dll
0x73f40000 - 0x73f99000 	C:\WINDOWS\SYSTEM32\bcryptPrimitives.dll
0x74b10000 - 0x74c50000 	C:\WINDOWS\SYSTEM32\USER32.dll
0x76410000 - 0x7655d000 	C:\WINDOWS\SYSTEM32\GDI32.dll
0x6b080000 - 0x6b289000 	C:\WINDOWS\WinSxS\x86_microsoft.windows.common-controls_6595b64144ccf1df_6.0.10240.17184_none_3bcab1476bcee5ec\COMCTL32.dll
0x76bd0000 - 0x76bfb000 	C:\WINDOWS\SYSTEM32\IMM32.DLL
0x76020000 - 0x76140000 	C:\WINDOWS\SYSTEM32\MSCTF.dll
0x5cca0000 - 0x5cd5d000 	C:\Program Files (x86)\Java\jdk1.8.0_91\jre\bin\msvcr100.dll
0x56160000 - 0x5652a000 	C:\Program Files (x86)\Java\jdk1.8.0_91\jre\bin\client\jvm.dll
0x76010000 - 0x76016000 	C:\WINDOWS\SYSTEM32\PSAPI.DLL
0x70950000 - 0x70974000 	C:\WINDOWS\SYSTEM32\WINMM.dll
0x70980000 - 0x70988000 	C:\WINDOWS\SYSTEM32\WSOCK32.dll
0x73f30000 - 0x73f38000 	C:\WINDOWS\SYSTEM32\VERSION.dll
0x76360000 - 0x763bb000 	C:\WINDOWS\SYSTEM32\WS2_32.dll
0x761e0000 - 0x761e7000 	C:\WINDOWS\SYSTEM32\NSI.dll
0x00c80000 - 0x00ca3000 	C:\WINDOWS\SYSTEM32\WINMMBASE.dll
0x74920000 - 0x74956000 	C:\WINDOWS\SYSTEM32\cfgmgr32.dll
0x70850000 - 0x70871000 	C:\WINDOWS\SYSTEM32\DEVOBJ.dll
0x6fbd0000 - 0x6fbdc000 	C:\Program Files (x86)\Java\jdk1.8.0_91\jre\bin\verify.dll
0x5d6a0000 - 0x5d6c1000 	C:\Program Files (x86)\Java\jdk1.8.0_91\jre\bin\java.dll
0x645c0000 - 0x645d3000 	C:\Program Files (x86)\Java\jdk1.8.0_91\jre\bin\zip.dll
0x74c50000 - 0x7600f000 	C:\WINDOWS\SYSTEM32\SHELL32.dll
0x74440000 - 0x7491c000 	C:\WINDOWS\SYSTEM32\windows.storage.dll
0x76ce0000 - 0x76e9a000 	C:\WINDOWS\SYSTEM32\combase.dll
0x740d0000 - 0x74114000 	C:\WINDOWS\SYSTEM32\shlwapi.dll
0x74a10000 - 0x74a1c000 	C:\WINDOWS\SYSTEM32\kernel.appcore.dll
0x73fd0000 - 0x7405d000 	C:\WINDOWS\SYSTEM32\shcore.dll
0x763c0000 - 0x76404000 	C:\WINDOWS\SYSTEM32\powrprof.dll
0x76350000 - 0x7635f000 	C:\WINDOWS\SYSTEM32\profapi.dll
0x77080000 - 0x77302000 	C:\Users\hp\AppData\Local\Temp\QtJambi_hp_x86_4.8.6_msvc2012-20150122-2344\lib\QtCore4.dll
0x74a20000 - 0x74b0a000 	C:\WINDOWS\SYSTEM32\ole32.dll
0x533d0000 - 0x534a6000 	C:\WINDOWS\SYSTEM32\MSVCR110.dll
0x57b40000 - 0x57bc5000 	C:\WINDOWS\SYSTEM32\MSVCP110.dll
0x773a0000 - 0x773d6000 	C:\Users\hp\AppData\Local\Temp\QtJambi_hp_x86_4.8.6_msvc2012-20150122-2344\lib\qtjambi.dll
0x160d0000 - 0x161d3000 	C:\Users\hp\AppData\Local\Temp\QtJambi_hp_x86_4.8.6_msvc2012-20150122-2344\lib\com_trolltech_qt_core.dll
0x64740000 - 0x64f97000 	C:\Users\hp\AppData\Local\Temp\QtJambi_hp_x86_4.8.6_msvc2012-20150122-2344\lib\QtGui4.dll
0x76810000 - 0x768ce000 	C:\WINDOWS\SYSTEM32\COMDLG32.dll
0x76140000 - 0x761d5000 	C:\WINDOWS\SYSTEM32\OLEAUT32.dll
0x60f30000 - 0x60f97000 	C:\WINDOWS\SYSTEM32\WINSPOOL.DRV
0x71800000 - 0x7181b000 	C:\WINDOWS\SYSTEM32\bcrypt.dll
0x16610000 - 0x16bb0000 	C:\Users\hp\AppData\Local\Temp\QtJambi_hp_x86_4.8.6_msvc2012-20150122-2344\lib\com_trolltech_qt_gui.dll
0x715e0000 - 0x71655000 	C:\WINDOWS\system32\uxtheme.dll
0x709f0000 - 0x70a0d000 	C:\WINDOWS\system32\dwmapi.dll
0x77070000 - 0x7707a000 	C:\Users\hp\AppData\Local\Temp\QtJambi_hp_x86_4.8.6_msvc2012-20150122-2344\plugins\imageformats\qgif4.dll
0x77060000 - 0x7706c000 	C:\Users\hp\AppData\Local\Temp\QtJambi_hp_x86_4.8.6_msvc2012-20150122-2344\plugins\imageformats\qico4.dll
0x77020000 - 0x7705d000 	C:\Users\hp\AppData\Local\Temp\QtJambi_hp_x86_4.8.6_msvc2012-20150122-2344\plugins\imageformats\qjpeg4.dll
0x16e00000 - 0x16e3a000 	C:\Users\hp\AppData\Local\Temp\QtJambi_hp_x86_4.8.6_msvc2012-20150122-2344\plugins\imageformats\qmng4.dll
0x16f30000 - 0x16f7a000 	C:\Users\hp\AppData\Local\Temp\QtJambi_hp_x86_4.8.6_msvc2012-20150122-2344\plugins\imageformats\qtiff4.dll
0x71820000 - 0x71833000 	C:\WINDOWS\SYSTEM32\cryptsp.dll
0x717d0000 - 0x717ff000 	C:\WINDOWS\system32\rsaenh.dll
0x76c00000 - 0x76c82000 	C:\WINDOWS\SYSTEM32\clbcatq.dll
0x70880000 - 0x70912000 	C:\WINDOWS\WinSxS\x86_microsoft.windows.common-controls_6595b64144ccf1df_5.82.10240.16384_none_49c02355cf03478c\comctl32.dll
0x56100000 - 0x56120000 	C:\Program Files (x86)\Java\jdk1.8.0_91\jre\bin\sunec.dll
0x560f0000 - 0x560f9000 	C:\Program Files (x86)\Java\jdk1.8.0_91\jre\bin\sunmscapi.dll
0x768d0000 - 0x76a45000 	C:\WINDOWS\SYSTEM32\CRYPT32.dll
0x740c0000 - 0x740ce000 	C:\WINDOWS\SYSTEM32\MSASN1.dll
0x5cc30000 - 0x5cc46000 	C:\Program Files (x86)\Java\jdk1.8.0_91\jre\bin\net.dll
0x739b0000 - 0x739fe000 	C:\WINDOWS\system32\mswsock.dll
0x6b7f0000 - 0x6b874000 	C:\WINDOWS\SYSTEM32\DNSAPI.dll
0x6aca0000 - 0x6acc1000 	C:\Program Files (x86)\Bonjour\mdnsNSP.dll
0x73a00000 - 0x73a30000 	C:\WINDOWS\SYSTEM32\Iphlpapi.DLL
0x736d0000 - 0x736d8000 	C:\WINDOWS\SYSTEM32\WINNSI.DLL
0x6ba10000 - 0x6ba18000 	C:\Windows\System32\rasadhlp.dll
0x6a710000 - 0x6a756000 	C:\WINDOWS\System32\fwpuclnt.dll
0x6adf0000 - 0x6af2f000 	C:\WINDOWS\SYSTEM32\dbghelp.dll

VM Arguments:
jvm_args: -Dfile.encoding=UTF-8 
java_command: secured_pass.Secured_Pass
java_class_path (initial): C:\qtjambi-4.8.6\qtjambi-4.8.6.jar;C:\qtjambi-4.8.6\qtjambi-designer-4.8.6.jar;C:\qtjambi-4.8.6\qtjambi-examples-4.8.6.jar;C:\qtjambi-4.8.6\qtjambi-examples-src-4.8.6.jar;C:\qtjambi-4.8.6\qtjambi-native-win32-msvc2012-4.8.6.jar;C:\java jar\jdbc-api-1.4.jar;C:\Program Files (x86)\Java\jdk1.8.0_91\db\lib\derbyclient.jar;C:\Users\hp\Documents\NetBeansProjects\Secured_Pass\build\classes
Launcher Type: SUN_STANDARD

Environment Variables:
JAVA_HOME=C:\Program Files (x86)\Java\jdk1.8.0_91
PATH=C:\ProgramData\Oracle\Java\javapath;C:\Program Files\Broadcom\Broadcom 802.11;C:\Program Files (x86)\NVIDIA Corporation\PhysX\Common;C:\Program Files (x86)\Intel\iCLS Client\;C:\Program Files\Intel\iCLS Client\;C:\WINDOWS\system32;C:\WINDOWS;C:\WINDOWS\System32\Wbem;C:\WINDOWS\System32\WindowsPowerShell\v1.0\;C:\Program Files\Hewlett-Packard\SimplePass\;C:\Program Files\Intel\Intel(R) Management Engine Components\DAL;C:\Program Files\Intel\Intel(R) Management Engine Components\IPT;C:\Program Files (x86)\Intel\Intel(R) Management Engine Components\DAL;C:\Program Files (x86)\Intel\Intel(R) Management Engine Components\IPT;C:\Program Files\Microsoft\Web Platform Installer\;C:\Program Files (x86)\Microsoft ASP.NET\ASP.NET Web Pages\v1.0\;C:\Program Files (x86)\Windows Kits\8.0\Windows Performance Toolkit\;C:\Program Files\Microsoft SQL Server\110\Tools\Binn\;c:\Program Files (x86)\Microsoft SQL Server\100\Tools\Binn\VSShell\Common7\IDE\;c:\Program Files (x86)\Microsoft SQL Server\100\Tools\Binn\;c:\Program Files\Microsoft SQL Server\100\Tools\Binn\;c:\Program Files (x86)\Microsoft SQL Server\100\DTS\Binn\;c:\Program Files\Microsoft SQL Server\100\DTS\Binn\;C:\Program Files (x86)\Common Files\lenovo\easyplussdk\bin;C:\Program Files\Git\cmd;C:\MinGW\bin;C:\msys\1.0\bin;C:\Qt\4.8.6\bin;C:\qtjambi-4.8.6\bin
USERNAME=hp
OS=Windows_NT
PROCESSOR_IDENTIFIER=Intel64 Family 6 Model 69 Stepping 1, GenuineIntel



---------------  S Y S T E M  ---------------

OS: Windows 10.0 , 64 bit Build 10240 (10.0.10240.17113)

CPU:total 4 (2 cores per cpu, 2 threads per core) family 6 model 69 stepping 1, cmov, cx8, fxsr, mmx, sse, sse2, sse3, ssse3, sse4.1, sse4.2, popcnt, avx, avx2, aes, clmul, erms, lzcnt, ht, tsc, tscinvbit, bmi1, bmi2

Memory: 4k page, physical 4122776k(735944k free), swap 6351000k(1398972k free)

vm_info: Java HotSpot(TM) Client VM (25.91-b15) for windows-x86 JRE (1.8.0_91-b15), built on May 20 2016 17:33:18 by "java_re" with MS VC++ 10.0 (VS2010)

time: Tue Nov 29 22:31:26 2016
elapsed time: 13 seconds (0d 0h 0m 13s)

